running develop
Removing /home/purujitk/203/MREN-203/ros2_ws/install/my_rover_navigation/lib/python3.10/site-packages/my-rover-navigation.egg-link (link to .)
running egg_info
writing ../../build/my_rover_navigation/my_rover_navigation.egg-info/PKG-INFO
writing dependency_links to ../../build/my_rover_navigation/my_rover_navigation.egg-info/dependency_links.txt
writing entry points to ../../build/my_rover_navigation/my_rover_navigation.egg-info/entry_points.txt
writing requirements to ../../build/my_rover_navigation/my_rover_navigation.egg-info/requires.txt
writing top-level names to ../../build/my_rover_navigation/my_rover_navigation.egg-info/top_level.txt
reading manifest file '../../build/my_rover_navigation/my_rover_navigation.egg-info/SOURCES.txt'
writing manifest file '../../build/my_rover_navigation/my_rover_navigation.egg-info/SOURCES.txt'
running build
running build_py
running install
running install_lib
creating /home/purujitk/203/MREN-203/ros2_ws/install/my_rover_navigation/lib/python3.10/site-packages/my_rover_navigation
copying /home/purujitk/203/MREN-203/ros2_ws/build/my_rover_navigation/build/lib/my_rover_navigation/__init__.py -> /home/purujitk/203/MREN-203/ros2_ws/install/my_rover_navigation/lib/python3.10/site-packages/my_rover_navigation
byte-compiling /home/purujitk/203/MREN-203/ros2_ws/install/my_rover_navigation/lib/python3.10/site-packages/my_rover_navigation/__init__.py to __init__.cpython-310.pyc
running install_data
copying resource/my_rover_navigation -> /home/purujitk/203/MREN-203/ros2_ws/install/my_rover_navigation/share/ament_index/resource_index/packages
copying package.xml -> /home/purujitk/203/MREN-203/ros2_ws/install/my_rover_navigation/share/my_rover_navigation
running install_egg_info
Copying ../../build/my_rover_navigation/my_rover_navigation.egg-info to /home/purujitk/203/MREN-203/ros2_ws/install/my_rover_navigation/lib/python3.10/site-packages/my_rover_navigation-0.0.0-py3.10.egg-info
running install_scripts
writing list of installed files to '/home/purujitk/203/MREN-203/ros2_ws/build/my_rover_navigation/install.log'
