[0.602s] Invoking command in '/home/purujitk/203/MREN-203/ros2_ws/build/my_rover_navigation': PYTHONPATH=/home/purujitk/203/MREN-203/ros2_ws/build/my_rover_navigation/prefix_override:/usr/lib/python3/dist-packages/colcon_core/task/python/colcon_distutils_commands:/home/purujitk/203/MREN-203/ros2_ws/install/my_rover_navigation/lib/python3.10/site-packages:${PYTHONPATH} /usr/bin/python3 -W ignore:setup.py install is deprecated -W ignore:easy_install command is deprecated setup.py develop --uninstall --editable --build-directory /home/purujitk/203/MREN-203/ros2_ws/build/my_rover_navigation/build
[0.761s] running develop
[0.861s] Removing /home/purujitk/203/MREN-203/ros2_ws/install/my_rover_navigation/lib/python3.10/site-packages/my-rover-navigation.egg-link (link to .)
[0.878s] Invoked command in '/home/purujitk/203/MREN-203/ros2_ws/build/my_rover_navigation' returned '0': PYTHONPATH=/home/purujitk/203/MREN-203/ros2_ws/build/my_rover_navigation/prefix_override:/usr/lib/python3/dist-packages/colcon_core/task/python/colcon_distutils_commands:/home/purujitk/203/MREN-203/ros2_ws/install/my_rover_navigation/lib/python3.10/site-packages:${PYTHONPATH} /usr/bin/python3 -W ignore:setup.py install is deprecated -W ignore:easy_install command is deprecated setup.py develop --uninstall --editable --build-directory /home/purujitk/203/MREN-203/ros2_ws/build/my_rover_navigation/build
[0.880s] Invoking command in '/home/purujitk/203/MREN-203/ros2_ws/src/my_rover_navigation': PYTHONPATH=/home/purujitk/203/MREN-203/ros2_ws/build/my_rover_navigation/prefix_override:/usr/lib/python3/dist-packages/colcon_core/task/python/colcon_distutils_commands:/home/purujitk/203/MREN-203/ros2_ws/install/my_rover_navigation/lib/python3.10/site-packages:${PYTHONPATH} /usr/bin/python3 -W ignore:setup.py install is deprecated -W ignore:easy_install command is deprecated setup.py egg_info --egg-base ../../build/my_rover_navigation build --build-base /home/purujitk/203/MREN-203/ros2_ws/build/my_rover_navigation/build install --record /home/purujitk/203/MREN-203/ros2_ws/build/my_rover_navigation/install.log --single-version-externally-managed install_data --force
[1.039s] running egg_info
[1.039s] writing ../../build/my_rover_navigation/my_rover_navigation.egg-info/PKG-INFO
[1.039s] writing dependency_links to ../../build/my_rover_navigation/my_rover_navigation.egg-info/dependency_links.txt
[1.039s] writing entry points to ../../build/my_rover_navigation/my_rover_navigation.egg-info/entry_points.txt
[1.039s] writing requirements to ../../build/my_rover_navigation/my_rover_navigation.egg-info/requires.txt
[1.039s] writing top-level names to ../../build/my_rover_navigation/my_rover_navigation.egg-info/top_level.txt
[1.041s] reading manifest file '../../build/my_rover_navigation/my_rover_navigation.egg-info/SOURCES.txt'
[1.041s] writing manifest file '../../build/my_rover_navigation/my_rover_navigation.egg-info/SOURCES.txt'
[1.041s] running build
[1.041s] running build_py
[1.041s] running install
[1.041s] running install_lib
[1.042s] creating /home/purujitk/203/MREN-203/ros2_ws/install/my_rover_navigation/lib/python3.10/site-packages/my_rover_navigation
[1.042s] copying /home/purujitk/203/MREN-203/ros2_ws/build/my_rover_navigation/build/lib/my_rover_navigation/__init__.py -> /home/purujitk/203/MREN-203/ros2_ws/install/my_rover_navigation/lib/python3.10/site-packages/my_rover_navigation
[1.042s] byte-compiling /home/purujitk/203/MREN-203/ros2_ws/install/my_rover_navigation/lib/python3.10/site-packages/my_rover_navigation/__init__.py to __init__.cpython-310.pyc
[1.042s] running install_data
[1.042s] copying resource/my_rover_navigation -> /home/purujitk/203/MREN-203/ros2_ws/install/my_rover_navigation/share/ament_index/resource_index/packages
[1.042s] copying package.xml -> /home/purujitk/203/MREN-203/ros2_ws/install/my_rover_navigation/share/my_rover_navigation
[1.042s] running install_egg_info
[1.043s] Copying ../../build/my_rover_navigation/my_rover_navigation.egg-info to /home/purujitk/203/MREN-203/ros2_ws/install/my_rover_navigation/lib/python3.10/site-packages/my_rover_navigation-0.0.0-py3.10.egg-info
[1.044s] running install_scripts
[1.057s] writing list of installed files to '/home/purujitk/203/MREN-203/ros2_ws/build/my_rover_navigation/install.log'
[1.072s] Invoked command in '/home/purujitk/203/MREN-203/ros2_ws/src/my_rover_navigation' returned '0': PYTHONPATH=/home/purujitk/203/MREN-203/ros2_ws/build/my_rover_navigation/prefix_override:/usr/lib/python3/dist-packages/colcon_core/task/python/colcon_distutils_commands:/home/purujitk/203/MREN-203/ros2_ws/install/my_rover_navigation/lib/python3.10/site-packages:${PYTHONPATH} /usr/bin/python3 -W ignore:setup.py install is deprecated -W ignore:easy_install command is deprecated setup.py egg_info --egg-base ../../build/my_rover_navigation build --build-base /home/purujitk/203/MREN-203/ros2_ws/build/my_rover_navigation/build install --record /home/purujitk/203/MREN-203/ros2_ws/build/my_rover_navigation/install.log --single-version-externally-managed install_data --force
