[0.009s] Invoking command in '/home/purujitk/203/MREN-203/ros2_ws/build/my_rover_description': CMAKE_PREFIX_PATH=/opt/ros/humble /usr/bin/cmake /home/purujitk/203/MREN-203/ros2_ws/src/my_rover_description -DAMENT_CMAKE_SYMLINK_INSTALL=1 -DCMAKE_INSTALL_PREFIX=/home/purujitk/203/MREN-203/ros2_ws/install/my_rover_description
[0.020s] -- Found ament_cmake: 1.3.12 (/opt/ros/humble/share/ament_cmake/cmake)
[0.117s] -- Override CMake install command with custom implementation using symlinks instead of copying resources
[0.122s] -- Found ament_lint_auto: 0.12.14 (/opt/ros/humble/share/ament_lint_auto/cmake)
[0.191s] -- Added test 'lint_cmake' to check CMake code style
[0.192s] -- Added test 'xmllint' to check XML markup files
[0.192s] -- Configuring done
[0.194s] -- Generating done
[0.195s] -- Build files have been written to: /home/purujitk/203/MREN-203/ros2_ws/build/my_rover_description
[0.198s] Invoked command in '/home/purujitk/203/MREN-203/ros2_ws/build/my_rover_description' returned '0': CMAKE_PREFIX_PATH=/opt/ros/humble /usr/bin/cmake /home/purujitk/203/MREN-203/ros2_ws/src/my_rover_description -DAMENT_CMAKE_SYMLINK_INSTALL=1 -DCMAKE_INSTALL_PREFIX=/home/purujitk/203/MREN-203/ros2_ws/install/my_rover_description
[0.198s] Invoking command in '/home/purujitk/203/MREN-203/ros2_ws/build/my_rover_description': CMAKE_PREFIX_PATH=/opt/ros/humble /usr/bin/cmake --build /home/purujitk/203/MREN-203/ros2_ws/build/my_rover_description -- -j16 -l16
[0.230s] Invoked command in '/home/purujitk/203/MREN-203/ros2_ws/build/my_rover_description' returned '0': CMAKE_PREFIX_PATH=/opt/ros/humble /usr/bin/cmake --build /home/purujitk/203/MREN-203/ros2_ws/build/my_rover_description -- -j16 -l16
[0.242s] Invoking command in '/home/purujitk/203/MREN-203/ros2_ws/build/my_rover_description': CMAKE_PREFIX_PATH=/opt/ros/humble /usr/bin/cmake --install /home/purujitk/203/MREN-203/ros2_ws/build/my_rover_description
[0.249s] -- Install configuration: ""
[0.249s] -- Execute custom install script
[0.249s] -- Up-to-date symlink: /home/purujitk/203/MREN-203/ros2_ws/install/my_rover_description/share/my_rover_description/urdf/my_rover.urdf.xacro
[0.249s] -- Up-to-date symlink: /home/purujitk/203/MREN-203/ros2_ws/install/my_rover_description/share/ament_index/resource_index/package_run_dependencies/my_rover_description
[0.250s] -- Up-to-date symlink: /home/purujitk/203/MREN-203/ros2_ws/install/my_rover_description/share/ament_index/resource_index/parent_prefix_path/my_rover_description
[0.250s] -- Up-to-date symlink: /home/purujitk/203/MREN-203/ros2_ws/install/my_rover_description/share/my_rover_description/environment/ament_prefix_path.sh
[0.250s] -- Up-to-date symlink: /home/purujitk/203/MREN-203/ros2_ws/install/my_rover_description/share/my_rover_description/environment/ament_prefix_path.dsv
[0.250s] -- Up-to-date symlink: /home/purujitk/203/MREN-203/ros2_ws/install/my_rover_description/share/my_rover_description/environment/path.sh
[0.250s] -- Up-to-date symlink: /home/purujitk/203/MREN-203/ros2_ws/install/my_rover_description/share/my_rover_description/environment/path.dsv
[0.250s] -- Up-to-date symlink: /home/purujitk/203/MREN-203/ros2_ws/install/my_rover_description/share/my_rover_description/local_setup.bash
[0.250s] -- Up-to-date symlink: /home/purujitk/203/MREN-203/ros2_ws/install/my_rover_description/share/my_rover_description/local_setup.sh
[0.250s] -- Up-to-date symlink: /home/purujitk/203/MREN-203/ros2_ws/install/my_rover_description/share/my_rover_description/local_setup.zsh
[0.250s] -- Up-to-date symlink: /home/purujitk/203/MREN-203/ros2_ws/install/my_rover_description/share/my_rover_description/local_setup.dsv
[0.250s] -- Symlinking: /home/purujitk/203/MREN-203/ros2_ws/install/my_rover_description/share/my_rover_description/package.dsv
[0.256s] -- Up-to-date symlink: /home/purujitk/203/MREN-203/ros2_ws/install/my_rover_description/share/ament_index/resource_index/packages/my_rover_description
[0.256s] -- Up-to-date symlink: /home/purujitk/203/MREN-203/ros2_ws/install/my_rover_description/share/my_rover_description/cmake/my_rover_descriptionConfig.cmake
[0.256s] -- Up-to-date symlink: /home/purujitk/203/MREN-203/ros2_ws/install/my_rover_description/share/my_rover_description/cmake/my_rover_descriptionConfig-version.cmake
[0.256s] -- Up-to-date symlink: /home/purujitk/203/MREN-203/ros2_ws/install/my_rover_description/share/my_rover_description/package.xml
[0.258s] Invoked command in '/home/purujitk/203/MREN-203/ros2_ws/build/my_rover_description' returned '0': CMAKE_PREFIX_PATH=/opt/ros/humble /usr/bin/cmake --install /home/purujitk/203/MREN-203/ros2_ws/build/my_rover_description
