[0.087s] DEBUG:colcon:Command line arguments: ['/usr/bin/colcon', 'build', '--symlink-install']
[0.088s] DEBUG:colcon:Parsed command line arguments: Namespace(log_base=None, log_level=None, verb_name='build', build_base='build', install_base='install', merge_install=False, symlink_install=True, test_result_base=None, continue_on_error=False, executor='parallel', parallel_workers=16, event_handlers=None, ignore_user_meta=False, metas=['./colcon.meta'], base_paths=['.'], packages_ignore=None, packages_ignore_regex=None, paths=None, packages_up_to=None, packages_up_to_regex=None, packages_above=None, packages_above_and_dependencies=None, packages_above_depth=None, packages_select_by_dep=None, packages_skip_by_dep=None, packages_skip_up_to=None, packages_select_build_failed=False, packages_skip_build_finished=False, packages_select_test_failures=False, packages_skip_test_passed=False, packages_select=None, packages_skip=None, packages_select_regex=None, packages_skip_regex=None, packages_start=None, packages_end=None, allow_overriding=[], cmake_args=None, cmake_target=None, cmake_target_skip_unavailable=False, cmake_clean_cache=False, cmake_clean_first=False, cmake_force_configure=False, ament_cmake_args=None, catkin_cmake_args=None, catkin_skip_building_tests=False, mixin_files=None, mixin=None, verb_parser=<colcon_mixin.mixin.mixin_argument.MixinArgumentDecorator object at 0x7f977ce29fc0>, verb_extension=<colcon_core.verb.build.BuildVerb object at 0x7f977ce29a50>, main=<bound method BuildVerb.main of <colcon_core.verb.build.BuildVerb object at 0x7f977ce29a50>>, mixin_verb=('build',))
[0.229s] Level 1:colcon.colcon_core.package_discovery:discover_packages(colcon_meta) check parameters
[0.229s] Level 1:colcon.colcon_core.package_discovery:discover_packages(recursive) check parameters
[0.229s] Level 1:colcon.colcon_core.package_discovery:discover_packages(ignore) check parameters
[0.229s] Level 1:colcon.colcon_core.package_discovery:discover_packages(path) check parameters
[0.229s] Level 1:colcon.colcon_core.package_discovery:discover_packages(colcon_meta) discover
[0.229s] Level 1:colcon.colcon_core.package_discovery:discover_packages(recursive) discover
[0.229s] INFO:colcon.colcon_core.package_discovery:Crawling recursively for packages in '/home/purujitk/203/MREN-203/ros2_ws'
[0.229s] Level 1:colcon.colcon_core.package_identification:_identify(.) by extensions ['ignore', 'ignore_ament_install']
[0.229s] Level 1:colcon.colcon_core.package_identification:_identify(.) by extension 'ignore'
[0.229s] Level 1:colcon.colcon_core.package_identification:_identify(.) by extension 'ignore_ament_install'
[0.229s] Level 1:colcon.colcon_core.package_identification:_identify(.) by extensions ['colcon_pkg']
[0.229s] Level 1:colcon.colcon_core.package_identification:_identify(.) by extension 'colcon_pkg'
[0.229s] Level 1:colcon.colcon_core.package_identification:_identify(.) by extensions ['colcon_meta']
[0.229s] Level 1:colcon.colcon_core.package_identification:_identify(.) by extension 'colcon_meta'
[0.229s] Level 1:colcon.colcon_core.package_identification:_identify(.) by extensions ['ros']
[0.229s] Level 1:colcon.colcon_core.package_identification:_identify(.) by extension 'ros'
[0.253s] Level 1:colcon.colcon_core.package_identification:_identify(.) by extensions ['cmake', 'python']
[0.254s] Level 1:colcon.colcon_core.package_identification:_identify(.) by extension 'cmake'
[0.254s] Level 1:colcon.colcon_core.package_identification:_identify(.) by extension 'python'
[0.254s] Level 1:colcon.colcon_core.package_identification:_identify(.) by extensions ['python_setup_py']
[0.254s] Level 1:colcon.colcon_core.package_identification:_identify(.) by extension 'python_setup_py'
[0.254s] Level 1:colcon.colcon_core.package_identification:_identify(build) by extensions ['ignore', 'ignore_ament_install']
[0.254s] Level 1:colcon.colcon_core.package_identification:_identify(build) by extension 'ignore'
[0.254s] Level 1:colcon.colcon_core.package_identification:_identify(build) ignored
[0.254s] Level 1:colcon.colcon_core.package_identification:_identify(install) by extensions ['ignore', 'ignore_ament_install']
[0.254s] Level 1:colcon.colcon_core.package_identification:_identify(install) by extension 'ignore'
[0.254s] Level 1:colcon.colcon_core.package_identification:_identify(install) ignored
[0.254s] Level 1:colcon.colcon_core.package_identification:_identify(log) by extensions ['ignore', 'ignore_ament_install']
[0.254s] Level 1:colcon.colcon_core.package_identification:_identify(log) by extension 'ignore'
[0.254s] Level 1:colcon.colcon_core.package_identification:_identify(log) ignored
[0.254s] Level 1:colcon.colcon_core.package_identification:_identify(src) by extensions ['ignore', 'ignore_ament_install']
[0.254s] Level 1:colcon.colcon_core.package_identification:_identify(src) by extension 'ignore'
[0.254s] Level 1:colcon.colcon_core.package_identification:_identify(src) by extension 'ignore_ament_install'
[0.254s] Level 1:colcon.colcon_core.package_identification:_identify(src) by extensions ['colcon_pkg']
[0.254s] Level 1:colcon.colcon_core.package_identification:_identify(src) by extension 'colcon_pkg'
[0.254s] Level 1:colcon.colcon_core.package_identification:_identify(src) by extensions ['colcon_meta']
[0.254s] Level 1:colcon.colcon_core.package_identification:_identify(src) by extension 'colcon_meta'
[0.254s] Level 1:colcon.colcon_core.package_identification:_identify(src) by extensions ['ros']
[0.254s] Level 1:colcon.colcon_core.package_identification:_identify(src) by extension 'ros'
[0.254s] Level 1:colcon.colcon_core.package_identification:_identify(src) by extensions ['cmake', 'python']
[0.254s] Level 1:colcon.colcon_core.package_identification:_identify(src) by extension 'cmake'
[0.254s] Level 1:colcon.colcon_core.package_identification:_identify(src) by extension 'python'
[0.254s] Level 1:colcon.colcon_core.package_identification:_identify(src) by extensions ['python_setup_py']
[0.254s] Level 1:colcon.colcon_core.package_identification:_identify(src) by extension 'python_setup_py'
[0.254s] Level 1:colcon.colcon_core.package_identification:_identify(src/Arduino_Serial_Bridge) by extensions ['ignore', 'ignore_ament_install']
[0.255s] Level 1:colcon.colcon_core.package_identification:_identify(src/Arduino_Serial_Bridge) by extension 'ignore'
[0.255s] Level 1:colcon.colcon_core.package_identification:_identify(src/Arduino_Serial_Bridge) by extension 'ignore_ament_install'
[0.255s] Level 1:colcon.colcon_core.package_identification:_identify(src/Arduino_Serial_Bridge) by extensions ['colcon_pkg']
[0.255s] Level 1:colcon.colcon_core.package_identification:_identify(src/Arduino_Serial_Bridge) by extension 'colcon_pkg'
[0.255s] Level 1:colcon.colcon_core.package_identification:_identify(src/Arduino_Serial_Bridge) by extensions ['colcon_meta']
[0.255s] Level 1:colcon.colcon_core.package_identification:_identify(src/Arduino_Serial_Bridge) by extension 'colcon_meta'
[0.255s] Level 1:colcon.colcon_core.package_identification:_identify(src/Arduino_Serial_Bridge) by extensions ['ros']
[0.255s] Level 1:colcon.colcon_core.package_identification:_identify(src/Arduino_Serial_Bridge) by extension 'ros'
[0.255s] Level 1:colcon.colcon_core.package_identification:_identify(src/Arduino_Serial_Bridge) by extensions ['cmake', 'python']
[0.255s] Level 1:colcon.colcon_core.package_identification:_identify(src/Arduino_Serial_Bridge) by extension 'cmake'
[0.255s] Level 1:colcon.colcon_core.package_identification:_identify(src/Arduino_Serial_Bridge) by extension 'python'
[0.255s] Level 1:colcon.colcon_core.package_identification:_identify(src/Arduino_Serial_Bridge) by extensions ['python_setup_py']
[0.255s] Level 1:colcon.colcon_core.package_identification:_identify(src/Arduino_Serial_Bridge) by extension 'python_setup_py'
[0.255s] Level 1:colcon.colcon_core.package_identification:_identify(src/my_rover_bringup) by extensions ['ignore', 'ignore_ament_install']
[0.255s] Level 1:colcon.colcon_core.package_identification:_identify(src/my_rover_bringup) by extension 'ignore'
[0.255s] Level 1:colcon.colcon_core.package_identification:_identify(src/my_rover_bringup) by extension 'ignore_ament_install'
[0.255s] Level 1:colcon.colcon_core.package_identification:_identify(src/my_rover_bringup) by extensions ['colcon_pkg']
[0.255s] Level 1:colcon.colcon_core.package_identification:_identify(src/my_rover_bringup) by extension 'colcon_pkg'
[0.255s] Level 1:colcon.colcon_core.package_identification:_identify(src/my_rover_bringup) by extensions ['colcon_meta']
[0.255s] Level 1:colcon.colcon_core.package_identification:_identify(src/my_rover_bringup) by extension 'colcon_meta'
[0.255s] Level 1:colcon.colcon_core.package_identification:_identify(src/my_rover_bringup) by extensions ['ros']
[0.255s] Level 1:colcon.colcon_core.package_identification:_identify(src/my_rover_bringup) by extension 'ros'
[0.257s] DEBUG:colcon.colcon_core.package_identification:Package 'src/my_rover_bringup' with type 'ros.ament_cmake' and name 'my_rover_bringup'
[0.257s] Level 1:colcon.colcon_core.package_identification:_identify(src/my_rover_description) by extensions ['ignore', 'ignore_ament_install']
[0.257s] Level 1:colcon.colcon_core.package_identification:_identify(src/my_rover_description) by extension 'ignore'
[0.257s] Level 1:colcon.colcon_core.package_identification:_identify(src/my_rover_description) by extension 'ignore_ament_install'
[0.257s] Level 1:colcon.colcon_core.package_identification:_identify(src/my_rover_description) by extensions ['colcon_pkg']
[0.257s] Level 1:colcon.colcon_core.package_identification:_identify(src/my_rover_description) by extension 'colcon_pkg'
[0.257s] Level 1:colcon.colcon_core.package_identification:_identify(src/my_rover_description) by extensions ['colcon_meta']
[0.257s] Level 1:colcon.colcon_core.package_identification:_identify(src/my_rover_description) by extension 'colcon_meta'
[0.257s] Level 1:colcon.colcon_core.package_identification:_identify(src/my_rover_description) by extensions ['ros']
[0.258s] Level 1:colcon.colcon_core.package_identification:_identify(src/my_rover_description) by extension 'ros'
[0.258s] DEBUG:colcon.colcon_core.package_identification:Package 'src/my_rover_description' with type 'ros.ament_cmake' and name 'my_rover_description'
[0.258s] Level 1:colcon.colcon_core.package_identification:_identify(src/my_rover_navigation) by extensions ['ignore', 'ignore_ament_install']
[0.258s] Level 1:colcon.colcon_core.package_identification:_identify(src/my_rover_navigation) by extension 'ignore'
[0.258s] Level 1:colcon.colcon_core.package_identification:_identify(src/my_rover_navigation) by extension 'ignore_ament_install'
[0.258s] Level 1:colcon.colcon_core.package_identification:_identify(src/my_rover_navigation) by extensions ['colcon_pkg']
[0.258s] Level 1:colcon.colcon_core.package_identification:_identify(src/my_rover_navigation) by extension 'colcon_pkg'
[0.258s] Level 1:colcon.colcon_core.package_identification:_identify(src/my_rover_navigation) by extensions ['colcon_meta']
[0.258s] Level 1:colcon.colcon_core.package_identification:_identify(src/my_rover_navigation) by extension 'colcon_meta'
[0.258s] Level 1:colcon.colcon_core.package_identification:_identify(src/my_rover_navigation) by extensions ['ros']
[0.258s] Level 1:colcon.colcon_core.package_identification:_identify(src/my_rover_navigation) by extension 'ros'
[0.258s] DEBUG:colcon.colcon_core.package_identification:Package 'src/my_rover_navigation' with type 'ros.ament_python' and name 'my_rover_navigation'
[0.258s] Level 1:colcon.colcon_core.package_discovery:discover_packages(recursive) using defaults
[0.259s] Level 1:colcon.colcon_core.package_discovery:discover_packages(ignore) discover
[0.259s] Level 1:colcon.colcon_core.package_discovery:discover_packages(ignore) using defaults
[0.259s] Level 1:colcon.colcon_core.package_discovery:discover_packages(path) discover
[0.259s] Level 1:colcon.colcon_core.package_discovery:discover_packages(path) using defaults
[0.275s] Level 1:colcon.colcon_core.package_discovery:discover_packages(prefix_path) check parameters
[0.275s] Level 1:colcon.colcon_core.package_discovery:discover_packages(prefix_path) discover
[0.277s] DEBUG:colcon.colcon_installed_package_information.package_discovery:Found 281 installed packages in /opt/ros/humble
[0.278s] Level 1:colcon.colcon_core.package_discovery:discover_packages(prefix_path) using defaults
[0.299s] Level 5:colcon.colcon_core.verb:set package 'my_rover_bringup' build argument 'cmake_args' from command line to 'None'
[0.299s] Level 5:colcon.colcon_core.verb:set package 'my_rover_bringup' build argument 'cmake_target' from command line to 'None'
[0.299s] Level 5:colcon.colcon_core.verb:set package 'my_rover_bringup' build argument 'cmake_target_skip_unavailable' from command line to 'False'
[0.299s] Level 5:colcon.colcon_core.verb:set package 'my_rover_bringup' build argument 'cmake_clean_cache' from command line to 'False'
[0.299s] Level 5:colcon.colcon_core.verb:set package 'my_rover_bringup' build argument 'cmake_clean_first' from command line to 'False'
[0.299s] Level 5:colcon.colcon_core.verb:set package 'my_rover_bringup' build argument 'cmake_force_configure' from command line to 'False'
[0.299s] Level 5:colcon.colcon_core.verb:set package 'my_rover_bringup' build argument 'ament_cmake_args' from command line to 'None'
[0.299s] Level 5:colcon.colcon_core.verb:set package 'my_rover_bringup' build argument 'catkin_cmake_args' from command line to 'None'
[0.299s] Level 5:colcon.colcon_core.verb:set package 'my_rover_bringup' build argument 'catkin_skip_building_tests' from command line to 'False'
[0.299s] DEBUG:colcon.colcon_core.verb:Building package 'my_rover_bringup' with the following arguments: {'ament_cmake_args': None, 'build_base': '/home/purujitk/203/MREN-203/ros2_ws/build/my_rover_bringup', 'catkin_cmake_args': None, 'catkin_skip_building_tests': False, 'cmake_args': None, 'cmake_clean_cache': False, 'cmake_clean_first': False, 'cmake_force_configure': False, 'cmake_target': None, 'cmake_target_skip_unavailable': False, 'install_base': '/home/purujitk/203/MREN-203/ros2_ws/install/my_rover_bringup', 'merge_install': False, 'path': '/home/purujitk/203/MREN-203/ros2_ws/src/my_rover_bringup', 'symlink_install': True, 'test_result_base': None}
[0.299s] Level 5:colcon.colcon_core.verb:set package 'my_rover_description' build argument 'cmake_args' from command line to 'None'
[0.299s] Level 5:colcon.colcon_core.verb:set package 'my_rover_description' build argument 'cmake_target' from command line to 'None'
[0.299s] Level 5:colcon.colcon_core.verb:set package 'my_rover_description' build argument 'cmake_target_skip_unavailable' from command line to 'False'
[0.299s] Level 5:colcon.colcon_core.verb:set package 'my_rover_description' build argument 'cmake_clean_cache' from command line to 'False'
[0.299s] Level 5:colcon.colcon_core.verb:set package 'my_rover_description' build argument 'cmake_clean_first' from command line to 'False'
[0.299s] Level 5:colcon.colcon_core.verb:set package 'my_rover_description' build argument 'cmake_force_configure' from command line to 'False'
[0.299s] Level 5:colcon.colcon_core.verb:set package 'my_rover_description' build argument 'ament_cmake_args' from command line to 'None'
[0.299s] Level 5:colcon.colcon_core.verb:set package 'my_rover_description' build argument 'catkin_cmake_args' from command line to 'None'
[0.299s] Level 5:colcon.colcon_core.verb:set package 'my_rover_description' build argument 'catkin_skip_building_tests' from command line to 'False'
[0.299s] DEBUG:colcon.colcon_core.verb:Building package 'my_rover_description' with the following arguments: {'ament_cmake_args': None, 'build_base': '/home/purujitk/203/MREN-203/ros2_ws/build/my_rover_description', 'catkin_cmake_args': None, 'catkin_skip_building_tests': False, 'cmake_args': None, 'cmake_clean_cache': False, 'cmake_clean_first': False, 'cmake_force_configure': False, 'cmake_target': None, 'cmake_target_skip_unavailable': False, 'install_base': '/home/purujitk/203/MREN-203/ros2_ws/install/my_rover_description', 'merge_install': False, 'path': '/home/purujitk/203/MREN-203/ros2_ws/src/my_rover_description', 'symlink_install': True, 'test_result_base': None}
[0.300s] Level 5:colcon.colcon_core.verb:set package 'my_rover_navigation' build argument 'cmake_args' from command line to 'None'
[0.300s] Level 5:colcon.colcon_core.verb:set package 'my_rover_navigation' build argument 'cmake_target' from command line to 'None'
[0.300s] Level 5:colcon.colcon_core.verb:set package 'my_rover_navigation' build argument 'cmake_target_skip_unavailable' from command line to 'False'
[0.300s] Level 5:colcon.colcon_core.verb:set package 'my_rover_navigation' build argument 'cmake_clean_cache' from command line to 'False'
[0.300s] Level 5:colcon.colcon_core.verb:set package 'my_rover_navigation' build argument 'cmake_clean_first' from command line to 'False'
[0.300s] Level 5:colcon.colcon_core.verb:set package 'my_rover_navigation' build argument 'cmake_force_configure' from command line to 'False'
[0.300s] Level 5:colcon.colcon_core.verb:set package 'my_rover_navigation' build argument 'ament_cmake_args' from command line to 'None'
[0.300s] Level 5:colcon.colcon_core.verb:set package 'my_rover_navigation' build argument 'catkin_cmake_args' from command line to 'None'
[0.300s] Level 5:colcon.colcon_core.verb:set package 'my_rover_navigation' build argument 'catkin_skip_building_tests' from command line to 'False'
[0.300s] DEBUG:colcon.colcon_core.verb:Building package 'my_rover_navigation' with the following arguments: {'ament_cmake_args': None, 'build_base': '/home/purujitk/203/MREN-203/ros2_ws/build/my_rover_navigation', 'catkin_cmake_args': None, 'catkin_skip_building_tests': False, 'cmake_args': None, 'cmake_clean_cache': False, 'cmake_clean_first': False, 'cmake_force_configure': False, 'cmake_target': None, 'cmake_target_skip_unavailable': False, 'install_base': '/home/purujitk/203/MREN-203/ros2_ws/install/my_rover_navigation', 'merge_install': False, 'path': '/home/purujitk/203/MREN-203/ros2_ws/src/my_rover_navigation', 'symlink_install': True, 'test_result_base': None}
[0.300s] INFO:colcon.colcon_core.executor:Executing jobs using 'parallel' executor
[0.301s] DEBUG:colcon.colcon_parallel_executor.executor.parallel:run_until_complete
[0.301s] INFO:colcon.colcon_ros.task.ament_cmake.build:Building ROS package in '/home/purujitk/203/MREN-203/ros2_ws/src/my_rover_bringup' with build type 'ament_cmake'
[0.301s] INFO:colcon.colcon_cmake.task.cmake.build:Building CMake package in '/home/purujitk/203/MREN-203/ros2_ws/src/my_rover_bringup'
[0.304s] INFO:colcon.colcon_core.plugin_system:Skipping extension 'colcon_core.shell.bat': Not used on non-Windows systems
[0.304s] INFO:colcon.colcon_core.shell:Skip shell extension 'powershell' for command environment: Not usable outside of PowerShell
[0.304s] DEBUG:colcon.colcon_core.shell:Skip shell extension 'dsv' for command environment
[0.306s] INFO:colcon.colcon_ros.task.ament_cmake.build:Building ROS package in '/home/purujitk/203/MREN-203/ros2_ws/src/my_rover_description' with build type 'ament_cmake'
[0.306s] INFO:colcon.colcon_cmake.task.cmake.build:Building CMake package in '/home/purujitk/203/MREN-203/ros2_ws/src/my_rover_description'
[0.306s] INFO:colcon.colcon_core.shell:Skip shell extension 'powershell' for command environment: Not usable outside of PowerShell
[0.306s] DEBUG:colcon.colcon_core.shell:Skip shell extension 'dsv' for command environment
[0.308s] INFO:colcon.colcon_ros.task.ament_python.build:Building ROS package in '/home/purujitk/203/MREN-203/ros2_ws/src/my_rover_navigation' with build type 'ament_python'
[0.308s] Level 1:colcon.colcon_core.shell:create_environment_hook('my_rover_navigation', 'ament_prefix_path')
[0.308s] INFO:colcon.colcon_core.shell:Creating environment hook '/home/purujitk/203/MREN-203/ros2_ws/install/my_rover_navigation/share/my_rover_navigation/hook/ament_prefix_path.ps1'
[0.308s] INFO:colcon.colcon_core.shell:Creating environment descriptor '/home/purujitk/203/MREN-203/ros2_ws/install/my_rover_navigation/share/my_rover_navigation/hook/ament_prefix_path.dsv'
[0.309s] INFO:colcon.colcon_core.shell:Creating environment hook '/home/purujitk/203/MREN-203/ros2_ws/install/my_rover_navigation/share/my_rover_navigation/hook/ament_prefix_path.sh'
[0.309s] INFO:colcon.colcon_core.shell:Skip shell extension 'powershell' for command environment: Not usable outside of PowerShell
[0.309s] DEBUG:colcon.colcon_core.shell:Skip shell extension 'dsv' for command environment
[0.312s] DEBUG:colcon.colcon_core.event_handler.log_command:Invoking command in '/home/purujitk/203/MREN-203/ros2_ws/build/my_rover_bringup': CMAKE_PREFIX_PATH=/opt/ros/humble /usr/bin/cmake /home/purujitk/203/MREN-203/ros2_ws/src/my_rover_bringup -DAMENT_CMAKE_SYMLINK_INSTALL=1 -DCMAKE_INSTALL_PREFIX=/home/purujitk/203/MREN-203/ros2_ws/install/my_rover_bringup
[0.314s] DEBUG:colcon.colcon_core.event_handler.log_command:Invoking command in '/home/purujitk/203/MREN-203/ros2_ws/build/my_rover_description': CMAKE_PREFIX_PATH=/opt/ros/humble /usr/bin/cmake /home/purujitk/203/MREN-203/ros2_ws/src/my_rover_description -DAMENT_CMAKE_SYMLINK_INSTALL=1 -DCMAKE_INSTALL_PREFIX=/home/purujitk/203/MREN-203/ros2_ws/install/my_rover_description
[0.469s] INFO:colcon.colcon_core.task.python.build:Building Python package in '/home/purujitk/203/MREN-203/ros2_ws/src/my_rover_navigation'
[0.469s] INFO:colcon.colcon_core.shell:Skip shell extension 'powershell' for command environment: Not usable outside of PowerShell
[0.469s] DEBUG:colcon.colcon_core.shell:Skip shell extension 'dsv' for command environment
[0.708s] DEBUG:colcon.colcon_core.event_handler.log_command:Invoking command in '/home/purujitk/203/MREN-203/ros2_ws/build/my_rover_navigation': PYTHONPATH=/home/purujitk/203/MREN-203/ros2_ws/build/my_rover_navigation/prefix_override:/usr/lib/python3/dist-packages/colcon_core/task/python/colcon_distutils_commands:/home/purujitk/203/MREN-203/ros2_ws/install/my_rover_navigation/lib/python3.10/site-packages:${PYTHONPATH} /usr/bin/python3 -W ignore:setup.py install is deprecated -W ignore:easy_install command is deprecated setup.py develop --editable --build-directory /home/purujitk/203/MREN-203/ros2_ws/build/my_rover_navigation/build --no-deps symlink_data
[0.928s] DEBUG:colcon.colcon_core.event_handler.log_command:Invoked command in '/home/purujitk/203/MREN-203/ros2_ws/build/my_rover_description' returned '0': CMAKE_PREFIX_PATH=/opt/ros/humble /usr/bin/cmake /home/purujitk/203/MREN-203/ros2_ws/src/my_rover_description -DAMENT_CMAKE_SYMLINK_INSTALL=1 -DCMAKE_INSTALL_PREFIX=/home/purujitk/203/MREN-203/ros2_ws/install/my_rover_description
[0.930s] DEBUG:colcon.colcon_core.event_handler.log_command:Invoking command in '/home/purujitk/203/MREN-203/ros2_ws/build/my_rover_description': CMAKE_PREFIX_PATH=/opt/ros/humble /usr/bin/cmake --build /home/purujitk/203/MREN-203/ros2_ws/build/my_rover_description -- -j16 -l16
[0.931s] DEBUG:colcon.colcon_core.event_handler.log_command:Invoked command in '/home/purujitk/203/MREN-203/ros2_ws/build/my_rover_bringup' returned '0': CMAKE_PREFIX_PATH=/opt/ros/humble /usr/bin/cmake /home/purujitk/203/MREN-203/ros2_ws/src/my_rover_bringup -DAMENT_CMAKE_SYMLINK_INSTALL=1 -DCMAKE_INSTALL_PREFIX=/home/purujitk/203/MREN-203/ros2_ws/install/my_rover_bringup
[0.933s] DEBUG:colcon.colcon_core.event_handler.log_command:Invoking command in '/home/purujitk/203/MREN-203/ros2_ws/build/my_rover_bringup': CMAKE_PREFIX_PATH=/opt/ros/humble /usr/bin/cmake --build /home/purujitk/203/MREN-203/ros2_ws/build/my_rover_bringup -- -j16 -l16
[0.965s] DEBUG:colcon.colcon_core.event_handler.log_command:Invoked command in '/home/purujitk/203/MREN-203/ros2_ws/build/my_rover_description' returned '0': CMAKE_PREFIX_PATH=/opt/ros/humble /usr/bin/cmake --build /home/purujitk/203/MREN-203/ros2_ws/build/my_rover_description -- -j16 -l16
[0.972s] DEBUG:colcon.colcon_core.event_handler.log_command:Invoking command in '/home/purujitk/203/MREN-203/ros2_ws/build/my_rover_description': CMAKE_PREFIX_PATH=/opt/ros/humble /usr/bin/cmake --install /home/purujitk/203/MREN-203/ros2_ws/build/my_rover_description
[0.974s] DEBUG:colcon.colcon_core.event_handler.log_command:Invoked command in '/home/purujitk/203/MREN-203/ros2_ws/build/my_rover_bringup' returned '0': CMAKE_PREFIX_PATH=/opt/ros/humble /usr/bin/cmake --build /home/purujitk/203/MREN-203/ros2_ws/build/my_rover_bringup -- -j16 -l16
[0.975s] DEBUG:colcon.colcon_core.event_handler.log_command:Invoking command in '/home/purujitk/203/MREN-203/ros2_ws/build/my_rover_bringup': CMAKE_PREFIX_PATH=/opt/ros/humble /usr/bin/cmake --install /home/purujitk/203/MREN-203/ros2_ws/build/my_rover_bringup
[0.977s] Level 1:colcon.colcon_core.shell:create_environment_hook('my_rover_navigation', 'pythonpath_develop')
[0.977s] INFO:colcon.colcon_core.shell:Creating environment hook '/home/purujitk/203/MREN-203/ros2_ws/build/my_rover_navigation/share/my_rover_navigation/hook/pythonpath_develop.ps1'
[0.978s] DEBUG:colcon.colcon_core.event_handler.log_command:Invoked command in '/home/purujitk/203/MREN-203/ros2_ws/build/my_rover_navigation' returned '0': PYTHONPATH=/home/purujitk/203/MREN-203/ros2_ws/build/my_rover_navigation/prefix_override:/usr/lib/python3/dist-packages/colcon_core/task/python/colcon_distutils_commands:/home/purujitk/203/MREN-203/ros2_ws/install/my_rover_navigation/lib/python3.10/site-packages:${PYTHONPATH} /usr/bin/python3 -W ignore:setup.py install is deprecated -W ignore:easy_install command is deprecated setup.py develop --editable --build-directory /home/purujitk/203/MREN-203/ros2_ws/build/my_rover_navigation/build --no-deps symlink_data
[0.978s] INFO:colcon.colcon_core.shell:Creating environment descriptor '/home/purujitk/203/MREN-203/ros2_ws/build/my_rover_navigation/share/my_rover_navigation/hook/pythonpath_develop.dsv'
[0.979s] INFO:colcon.colcon_core.shell:Creating environment hook '/home/purujitk/203/MREN-203/ros2_ws/build/my_rover_navigation/share/my_rover_navigation/hook/pythonpath_develop.sh'
[0.984s] Level 1:colcon.colcon_core.environment:checking '/home/purujitk/203/MREN-203/ros2_ws/install/my_rover_navigation' for CMake module files
[0.984s] Level 1:colcon.colcon_core.environment:checking '/home/purujitk/203/MREN-203/ros2_ws/install/my_rover_navigation' for CMake config files
[0.985s] Level 1:colcon.colcon_core.environment:checking '/home/purujitk/203/MREN-203/ros2_ws/install/my_rover_navigation/lib'
[0.985s] Level 1:colcon.colcon_core.environment:checking '/home/purujitk/203/MREN-203/ros2_ws/install/my_rover_navigation/bin'
[0.985s] Level 1:colcon.colcon_core.environment:checking '/home/purujitk/203/MREN-203/ros2_ws/install/my_rover_navigation/lib/pkgconfig/my_rover_navigation.pc'
[0.986s] Level 1:colcon.colcon_core.environment:checking '/home/purujitk/203/MREN-203/ros2_ws/install/my_rover_navigation/lib/python3.10/site-packages'
[0.986s] Level 1:colcon.colcon_core.shell:create_environment_hook('my_rover_navigation', 'pythonpath')
[0.986s] INFO:colcon.colcon_core.shell:Creating environment hook '/home/purujitk/203/MREN-203/ros2_ws/install/my_rover_navigation/share/my_rover_navigation/hook/pythonpath.ps1'
[0.987s] INFO:colcon.colcon_core.shell:Creating environment descriptor '/home/purujitk/203/MREN-203/ros2_ws/install/my_rover_navigation/share/my_rover_navigation/hook/pythonpath.dsv'
[0.987s] INFO:colcon.colcon_core.shell:Creating environment hook '/home/purujitk/203/MREN-203/ros2_ws/install/my_rover_navigation/share/my_rover_navigation/hook/pythonpath.sh'
[0.988s] Level 1:colcon.colcon_core.environment:checking '/home/purujitk/203/MREN-203/ros2_ws/install/my_rover_navigation/bin'
[0.988s] Level 1:colcon.colcon_core.environment:create_environment_scripts_only(my_rover_navigation)
[0.988s] INFO:colcon.colcon_core.shell:Creating package script '/home/purujitk/203/MREN-203/ros2_ws/install/my_rover_navigation/share/my_rover_navigation/package.ps1'
[0.990s] INFO:colcon.colcon_core.shell:Creating package descriptor '/home/purujitk/203/MREN-203/ros2_ws/install/my_rover_navigation/share/my_rover_navigation/package.dsv'
[0.991s] INFO:colcon.colcon_core.shell:Creating package script '/home/purujitk/203/MREN-203/ros2_ws/install/my_rover_navigation/share/my_rover_navigation/package.sh'
[0.992s] INFO:colcon.colcon_core.shell:Creating package script '/home/purujitk/203/MREN-203/ros2_ws/install/my_rover_navigation/share/my_rover_navigation/package.bash'
[0.993s] INFO:colcon.colcon_core.shell:Creating package script '/home/purujitk/203/MREN-203/ros2_ws/install/my_rover_navigation/share/my_rover_navigation/package.zsh'
[0.994s] Level 1:colcon.colcon_core.environment:create_file_with_runtime_dependencies(/home/purujitk/203/MREN-203/ros2_ws/install/my_rover_navigation/share/colcon-core/packages/my_rover_navigation)
[1.102s] Level 1:colcon.colcon_core.environment:create_environment_scripts_only(my_rover_bringup)
[1.103s] Level 1:colcon.colcon_core.environment:checking '/home/purujitk/203/MREN-203/ros2_ws/install/my_rover_bringup' for CMake module files
[1.103s] DEBUG:colcon.colcon_core.event_handler.log_command:Invoked command in '/home/purujitk/203/MREN-203/ros2_ws/build/my_rover_bringup' returned '0': CMAKE_PREFIX_PATH=/opt/ros/humble /usr/bin/cmake --install /home/purujitk/203/MREN-203/ros2_ws/build/my_rover_bringup
[1.104s] Level 1:colcon.colcon_core.environment:checking '/home/purujitk/203/MREN-203/ros2_ws/install/my_rover_bringup' for CMake config files
[1.104s] Level 1:colcon.colcon_core.shell:create_environment_hook('my_rover_bringup', 'cmake_prefix_path')
[1.104s] INFO:colcon.colcon_core.shell:Creating environment hook '/home/purujitk/203/MREN-203/ros2_ws/install/my_rover_bringup/share/my_rover_bringup/hook/cmake_prefix_path.ps1'
[1.105s] INFO:colcon.colcon_core.shell:Creating environment descriptor '/home/purujitk/203/MREN-203/ros2_ws/install/my_rover_bringup/share/my_rover_bringup/hook/cmake_prefix_path.dsv'
[1.105s] INFO:colcon.colcon_core.shell:Creating environment hook '/home/purujitk/203/MREN-203/ros2_ws/install/my_rover_bringup/share/my_rover_bringup/hook/cmake_prefix_path.sh'
[1.105s] Level 1:colcon.colcon_core.environment:checking '/home/purujitk/203/MREN-203/ros2_ws/install/my_rover_bringup/bin'
[1.105s] Level 1:colcon.colcon_core.environment:checking '/home/purujitk/203/MREN-203/ros2_ws/install/my_rover_bringup/lib/pkgconfig/my_rover_bringup.pc'
[1.106s] Level 1:colcon.colcon_core.environment:checking '/home/purujitk/203/MREN-203/ros2_ws/install/my_rover_bringup/lib/python3.10/site-packages'
[1.106s] Level 1:colcon.colcon_core.environment:checking '/home/purujitk/203/MREN-203/ros2_ws/install/my_rover_bringup/bin'
[1.106s] INFO:colcon.colcon_core.shell:Creating package script '/home/purujitk/203/MREN-203/ros2_ws/install/my_rover_bringup/share/my_rover_bringup/package.ps1'
[1.106s] INFO:colcon.colcon_core.shell:Creating package descriptor '/home/purujitk/203/MREN-203/ros2_ws/install/my_rover_bringup/share/my_rover_bringup/package.dsv'
[1.107s] INFO:colcon.colcon_core.shell:Creating package script '/home/purujitk/203/MREN-203/ros2_ws/install/my_rover_bringup/share/my_rover_bringup/package.sh'
[1.107s] INFO:colcon.colcon_core.shell:Creating package script '/home/purujitk/203/MREN-203/ros2_ws/install/my_rover_bringup/share/my_rover_bringup/package.bash'
[1.107s] INFO:colcon.colcon_core.shell:Creating package script '/home/purujitk/203/MREN-203/ros2_ws/install/my_rover_bringup/share/my_rover_bringup/package.zsh'
[1.107s] Level 1:colcon.colcon_core.environment:create_file_with_runtime_dependencies(/home/purujitk/203/MREN-203/ros2_ws/install/my_rover_bringup/share/colcon-core/packages/my_rover_bringup)
[1.108s] Level 1:colcon.colcon_core.environment:create_environment_scripts_only(my_rover_bringup)
[1.108s] Level 1:colcon.colcon_core.environment:checking '/home/purujitk/203/MREN-203/ros2_ws/install/my_rover_bringup' for CMake module files
[1.108s] Level 1:colcon.colcon_core.environment:checking '/home/purujitk/203/MREN-203/ros2_ws/install/my_rover_bringup' for CMake config files
[1.108s] Level 1:colcon.colcon_core.shell:create_environment_hook('my_rover_bringup', 'cmake_prefix_path')
[1.108s] INFO:colcon.colcon_core.shell:Creating environment hook '/home/purujitk/203/MREN-203/ros2_ws/install/my_rover_bringup/share/my_rover_bringup/hook/cmake_prefix_path.ps1'
[1.108s] INFO:colcon.colcon_core.shell:Creating environment descriptor '/home/purujitk/203/MREN-203/ros2_ws/install/my_rover_bringup/share/my_rover_bringup/hook/cmake_prefix_path.dsv'
[1.109s] INFO:colcon.colcon_core.shell:Creating environment hook '/home/purujitk/203/MREN-203/ros2_ws/install/my_rover_bringup/share/my_rover_bringup/hook/cmake_prefix_path.sh'
[1.109s] Level 1:colcon.colcon_core.environment:checking '/home/purujitk/203/MREN-203/ros2_ws/install/my_rover_bringup/bin'
[1.109s] Level 1:colcon.colcon_core.environment:checking '/home/purujitk/203/MREN-203/ros2_ws/install/my_rover_bringup/lib/pkgconfig/my_rover_bringup.pc'
[1.109s] Level 1:colcon.colcon_core.environment:checking '/home/purujitk/203/MREN-203/ros2_ws/install/my_rover_bringup/lib/python3.10/site-packages'
[1.109s] Level 1:colcon.colcon_core.environment:checking '/home/purujitk/203/MREN-203/ros2_ws/install/my_rover_bringup/bin'
[1.110s] INFO:colcon.colcon_core.shell:Creating package script '/home/purujitk/203/MREN-203/ros2_ws/install/my_rover_bringup/share/my_rover_bringup/package.ps1'
[1.110s] INFO:colcon.colcon_core.shell:Creating package descriptor '/home/purujitk/203/MREN-203/ros2_ws/install/my_rover_bringup/share/my_rover_bringup/package.dsv'
[1.110s] INFO:colcon.colcon_core.shell:Creating package script '/home/purujitk/203/MREN-203/ros2_ws/install/my_rover_bringup/share/my_rover_bringup/package.sh'
[1.110s] INFO:colcon.colcon_core.shell:Creating package script '/home/purujitk/203/MREN-203/ros2_ws/install/my_rover_bringup/share/my_rover_bringup/package.bash'
[1.111s] INFO:colcon.colcon_core.shell:Creating package script '/home/purujitk/203/MREN-203/ros2_ws/install/my_rover_bringup/share/my_rover_bringup/package.zsh'
[1.111s] Level 1:colcon.colcon_core.environment:create_file_with_runtime_dependencies(/home/purujitk/203/MREN-203/ros2_ws/install/my_rover_bringup/share/colcon-core/packages/my_rover_bringup)
[1.112s] Level 1:colcon.colcon_core.environment:create_environment_scripts_only(my_rover_description)
[1.112s] Level 1:colcon.colcon_core.environment:checking '/home/purujitk/203/MREN-203/ros2_ws/install/my_rover_description' for CMake module files
[1.113s] DEBUG:colcon.colcon_core.event_handler.log_command:Invoked command in '/home/purujitk/203/MREN-203/ros2_ws/build/my_rover_description' returned '0': CMAKE_PREFIX_PATH=/opt/ros/humble /usr/bin/cmake --install /home/purujitk/203/MREN-203/ros2_ws/build/my_rover_description
[1.113s] Level 1:colcon.colcon_core.environment:checking '/home/purujitk/203/MREN-203/ros2_ws/install/my_rover_description' for CMake config files
[1.114s] Level 1:colcon.colcon_core.shell:create_environment_hook('my_rover_description', 'cmake_prefix_path')
[1.114s] INFO:colcon.colcon_core.shell:Creating environment hook '/home/purujitk/203/MREN-203/ros2_ws/install/my_rover_description/share/my_rover_description/hook/cmake_prefix_path.ps1'
[1.115s] INFO:colcon.colcon_core.shell:Creating environment descriptor '/home/purujitk/203/MREN-203/ros2_ws/install/my_rover_description/share/my_rover_description/hook/cmake_prefix_path.dsv'
[1.115s] INFO:colcon.colcon_core.shell:Creating environment hook '/home/purujitk/203/MREN-203/ros2_ws/install/my_rover_description/share/my_rover_description/hook/cmake_prefix_path.sh'
[1.116s] Level 1:colcon.colcon_core.environment:checking '/home/purujitk/203/MREN-203/ros2_ws/install/my_rover_description/bin'
[1.116s] Level 1:colcon.colcon_core.environment:checking '/home/purujitk/203/MREN-203/ros2_ws/install/my_rover_description/lib/pkgconfig/my_rover_description.pc'
[1.116s] Level 1:colcon.colcon_core.environment:checking '/home/purujitk/203/MREN-203/ros2_ws/install/my_rover_description/lib/python3.10/site-packages'
[1.117s] Level 1:colcon.colcon_core.environment:checking '/home/purujitk/203/MREN-203/ros2_ws/install/my_rover_description/bin'
[1.118s] INFO:colcon.colcon_core.shell:Creating package script '/home/purujitk/203/MREN-203/ros2_ws/install/my_rover_description/share/my_rover_description/package.ps1'
[1.118s] INFO:colcon.colcon_core.shell:Creating package descriptor '/home/purujitk/203/MREN-203/ros2_ws/install/my_rover_description/share/my_rover_description/package.dsv'
[1.119s] INFO:colcon.colcon_core.shell:Creating package script '/home/purujitk/203/MREN-203/ros2_ws/install/my_rover_description/share/my_rover_description/package.sh'
[1.119s] INFO:colcon.colcon_core.shell:Creating package script '/home/purujitk/203/MREN-203/ros2_ws/install/my_rover_description/share/my_rover_description/package.bash'
[1.120s] INFO:colcon.colcon_core.shell:Creating package script '/home/purujitk/203/MREN-203/ros2_ws/install/my_rover_description/share/my_rover_description/package.zsh'
[1.120s] Level 1:colcon.colcon_core.environment:create_file_with_runtime_dependencies(/home/purujitk/203/MREN-203/ros2_ws/install/my_rover_description/share/colcon-core/packages/my_rover_description)
[1.120s] Level 1:colcon.colcon_core.environment:create_environment_scripts_only(my_rover_description)
[1.121s] Level 1:colcon.colcon_core.environment:checking '/home/purujitk/203/MREN-203/ros2_ws/install/my_rover_description' for CMake module files
[1.121s] Level 1:colcon.colcon_core.environment:checking '/home/purujitk/203/MREN-203/ros2_ws/install/my_rover_description' for CMake config files
[1.121s] Level 1:colcon.colcon_core.shell:create_environment_hook('my_rover_description', 'cmake_prefix_path')
[1.121s] INFO:colcon.colcon_core.shell:Creating environment hook '/home/purujitk/203/MREN-203/ros2_ws/install/my_rover_description/share/my_rover_description/hook/cmake_prefix_path.ps1'
[1.121s] INFO:colcon.colcon_core.shell:Creating environment descriptor '/home/purujitk/203/MREN-203/ros2_ws/install/my_rover_description/share/my_rover_description/hook/cmake_prefix_path.dsv'
[1.122s] INFO:colcon.colcon_core.shell:Creating environment hook '/home/purujitk/203/MREN-203/ros2_ws/install/my_rover_description/share/my_rover_description/hook/cmake_prefix_path.sh'
[1.122s] Level 1:colcon.colcon_core.environment:checking '/home/purujitk/203/MREN-203/ros2_ws/install/my_rover_description/bin'
[1.123s] Level 1:colcon.colcon_core.environment:checking '/home/purujitk/203/MREN-203/ros2_ws/install/my_rover_description/lib/pkgconfig/my_rover_description.pc'
[1.123s] Level 1:colcon.colcon_core.environment:checking '/home/purujitk/203/MREN-203/ros2_ws/install/my_rover_description/lib/python3.10/site-packages'
[1.123s] Level 1:colcon.colcon_core.environment:checking '/home/purujitk/203/MREN-203/ros2_ws/install/my_rover_description/bin'
[1.124s] INFO:colcon.colcon_core.shell:Creating package script '/home/purujitk/203/MREN-203/ros2_ws/install/my_rover_description/share/my_rover_description/package.ps1'
[1.124s] INFO:colcon.colcon_core.shell:Creating package descriptor '/home/purujitk/203/MREN-203/ros2_ws/install/my_rover_description/share/my_rover_description/package.dsv'
[1.125s] INFO:colcon.colcon_core.shell:Creating package script '/home/purujitk/203/MREN-203/ros2_ws/install/my_rover_description/share/my_rover_description/package.sh'
[1.126s] INFO:colcon.colcon_core.shell:Creating package script '/home/purujitk/203/MREN-203/ros2_ws/install/my_rover_description/share/my_rover_description/package.bash'
[1.126s] INFO:colcon.colcon_core.shell:Creating package script '/home/purujitk/203/MREN-203/ros2_ws/install/my_rover_description/share/my_rover_description/package.zsh'
[1.127s] Level 1:colcon.colcon_core.environment:create_file_with_runtime_dependencies(/home/purujitk/203/MREN-203/ros2_ws/install/my_rover_description/share/colcon-core/packages/my_rover_description)
[1.127s] DEBUG:colcon.colcon_parallel_executor.executor.parallel:closing loop
[1.127s] DEBUG:colcon.colcon_parallel_executor.executor.parallel:loop closed
[1.127s] DEBUG:colcon.colcon_parallel_executor.executor.parallel:run_until_complete finished with '0'
[1.127s] DEBUG:colcon.colcon_core.event_reactor:joining thread
[1.138s] INFO:colcon.colcon_core.plugin_system:Skipping extension 'colcon_notification.desktop_notification.terminal_notifier': Not used on non-Darwin systems
[1.138s] INFO:colcon.colcon_core.plugin_system:Skipping extension 'colcon_notification.desktop_notification.win32': Not used on non-Windows systems
[1.138s] INFO:colcon.colcon_notification.desktop_notification:Sending desktop notification using 'notify2'
[1.167s] DEBUG:colcon.colcon_core.event_reactor:joined thread
[1.167s] INFO:colcon.colcon_core.shell:Creating prefix script '/home/purujitk/203/MREN-203/ros2_ws/install/local_setup.ps1'
[1.169s] INFO:colcon.colcon_core.shell:Creating prefix util module '/home/purujitk/203/MREN-203/ros2_ws/install/_local_setup_util_ps1.py'
[1.171s] INFO:colcon.colcon_core.shell:Creating prefix chain script '/home/purujitk/203/MREN-203/ros2_ws/install/setup.ps1'
[1.172s] INFO:colcon.colcon_core.shell:Creating prefix script '/home/purujitk/203/MREN-203/ros2_ws/install/local_setup.sh'
[1.172s] INFO:colcon.colcon_core.shell:Creating prefix util module '/home/purujitk/203/MREN-203/ros2_ws/install/_local_setup_util_sh.py'
[1.173s] INFO:colcon.colcon_core.shell:Creating prefix chain script '/home/purujitk/203/MREN-203/ros2_ws/install/setup.sh'
[1.174s] INFO:colcon.colcon_core.shell:Creating prefix script '/home/purujitk/203/MREN-203/ros2_ws/install/local_setup.bash'
[1.174s] INFO:colcon.colcon_core.shell:Creating prefix chain script '/home/purujitk/203/MREN-203/ros2_ws/install/setup.bash'
[1.175s] INFO:colcon.colcon_core.shell:Creating prefix script '/home/purujitk/203/MREN-203/ros2_ws/install/local_setup.zsh'
[1.176s] INFO:colcon.colcon_core.shell:Creating prefix chain script '/home/purujitk/203/MREN-203/ros2_ws/install/setup.zsh'
