running develop
running egg_info
creating my_rover_navigation.egg-info
writing my_rover_navigation.egg-info/PKG-INFO
writing dependency_links to my_rover_navigation.egg-info/dependency_links.txt
writing entry points to my_rover_navigation.egg-info/entry_points.txt
writing requirements to my_rover_navigation.egg-info/requires.txt
writing top-level names to my_rover_navigation.egg-info/top_level.txt
writing manifest file 'my_rover_navigation.egg-info/SOURCES.txt'
reading manifest file 'my_rover_navigation.egg-info/SOURCES.txt'
writing manifest file 'my_rover_navigation.egg-info/SOURCES.txt'
running build_ext
Creating /home/purujitk/203/MREN-203/ros2_ws/install/my_rover_navigation/lib/python3.10/site-packages/my-rover-navigation.egg-link (link to .)

Installed /home/purujitk/203/MREN-203/ros2_ws/build/my_rover_navigation
running symlink_data
creating /home/purujitk/203/MREN-203/ros2_ws/install/my_rover_navigation/share/ament_index
creating /home/purujitk/203/MREN-203/ros2_ws/install/my_rover_navigation/share/ament_index/resource_index
creating /home/purujitk/203/MREN-203/ros2_ws/install/my_rover_navigation/share/ament_index/resource_index/packages
symbolically linking /home/purujitk/203/MREN-203/ros2_ws/build/my_rover_navigation/resource/my_rover_navigation -> /home/purujitk/203/MREN-203/ros2_ws/install/my_rover_navigation/share/ament_index/resource_index/packages
symbolically linking /home/purujitk/203/MREN-203/ros2_ws/build/my_rover_navigation/package.xml -> /home/purujitk/203/MREN-203/ros2_ws/install/my_rover_navigation/share/my_rover_navigation
