[0.400s] Invoking command in '/home/purujitk/203/MREN-203/ros2_ws/build/my_rover_navigation': PYTHONPATH=/home/purujitk/203/MREN-203/ros2_ws/build/my_rover_navigation/prefix_override:/usr/lib/python3/dist-packages/colcon_core/task/python/colcon_distutils_commands:/home/purujitk/203/MREN-203/ros2_ws/install/my_rover_navigation/lib/python3.10/site-packages:${PYTHONPATH} /usr/bin/python3 -W ignore:setup.py install is deprecated -W ignore:easy_install command is deprecated setup.py develop --editable --build-directory /home/purujitk/203/MREN-203/ros2_ws/build/my_rover_navigation/build --no-deps symlink_data
[0.561s] running develop
[0.648s] running egg_info
[0.648s] creating my_rover_navigation.egg-info
[0.649s] writing my_rover_navigation.egg-info/PKG-INFO
[0.649s] writing dependency_links to my_rover_navigation.egg-info/dependency_links.txt
[0.649s] writing entry points to my_rover_navigation.egg-info/entry_points.txt
[0.649s] writing requirements to my_rover_navigation.egg-info/requires.txt
[0.649s] writing top-level names to my_rover_navigation.egg-info/top_level.txt
[0.649s] writing manifest file 'my_rover_navigation.egg-info/SOURCES.txt'
[0.650s] reading manifest file 'my_rover_navigation.egg-info/SOURCES.txt'
[0.650s] writing manifest file 'my_rover_navigation.egg-info/SOURCES.txt'
[0.651s] running build_ext
[0.651s] Creating /home/purujitk/203/MREN-203/ros2_ws/install/my_rover_navigation/lib/python3.10/site-packages/my-rover-navigation.egg-link (link to .)
[0.651s] 
[0.651s] Installed /home/purujitk/203/MREN-203/ros2_ws/build/my_rover_navigation
[0.652s] running symlink_data
[0.652s] creating /home/purujitk/203/MREN-203/ros2_ws/install/my_rover_navigation/share/ament_index
[0.652s] creating /home/purujitk/203/MREN-203/ros2_ws/install/my_rover_navigation/share/ament_index/resource_index
[0.652s] creating /home/purujitk/203/MREN-203/ros2_ws/install/my_rover_navigation/share/ament_index/resource_index/packages
[0.652s] symbolically linking /home/purujitk/203/MREN-203/ros2_ws/build/my_rover_navigation/resource/my_rover_navigation -> /home/purujitk/203/MREN-203/ros2_ws/install/my_rover_navigation/share/ament_index/resource_index/packages
[0.652s] symbolically linking /home/purujitk/203/MREN-203/ros2_ws/build/my_rover_navigation/package.xml -> /home/purujitk/203/MREN-203/ros2_ws/install/my_rover_navigation/share/my_rover_navigation
[0.670s] Invoked command in '/home/purujitk/203/MREN-203/ros2_ws/build/my_rover_navigation' returned '0': PYTHONPATH=/home/purujitk/203/MREN-203/ros2_ws/build/my_rover_navigation/prefix_override:/usr/lib/python3/dist-packages/colcon_core/task/python/colcon_distutils_commands:/home/purujitk/203/MREN-203/ros2_ws/install/my_rover_navigation/lib/python3.10/site-packages:${PYTHONPATH} /usr/bin/python3 -W ignore:setup.py install is deprecated -W ignore:easy_install command is deprecated setup.py develop --editable --build-directory /home/purujitk/203/MREN-203/ros2_ws/build/my_rover_navigation/build --no-deps symlink_data
