[0.008s] Invoking command in '/home/purujitk/203/MREN-203/ros2_ws/build/my_rover_description': CMAKE_PREFIX_PATH=/opt/ros/humble /usr/bin/cmake /home/purujitk/203/MREN-203/ros2_ws/src/my_rover_description -DAMENT_CMAKE_SYMLINK_INSTALL=1 -DCMAKE_INSTALL_PREFIX=/home/purujitk/203/MREN-203/ros2_ws/install/my_rover_description
[0.088s] -- The C compiler identification is GNU 11.4.0
[0.154s] -- The CXX compiler identification is GNU 11.4.0
[0.162s] -- Detecting C compiler ABI info
[0.220s] -- Detecting C compiler ABI info - done
[0.227s] -- Check for working C compiler: /usr/bin/cc - skipped
[0.228s] -- Detecting C compile features
[0.228s] -- Detecting C compile features - done
[0.231s] -- Detecting CXX compiler ABI info
[0.299s] -- Detecting CXX compiler ABI info - done
[0.304s] -- Check for working CXX compiler: /usr/bin/c++ - skipped
[0.304s] -- Detecting CXX compile features
[0.305s] -- Detecting CXX compile features - done
[0.310s] -- Found ament_cmake: 1.3.12 (/opt/ros/humble/share/ament_cmake/cmake)
[0.454s] -- Found Python3: /usr/bin/python3 (found version "3.10.12") found components: Interpreter 
[0.505s] -- Override CMake install command with custom implementation using symlinks instead of copying resources
[0.526s] -- Found ament_lint_auto: 0.12.14 (/opt/ros/humble/share/ament_lint_auto/cmake)
[0.615s] -- Added test 'lint_cmake' to check CMake code style
[0.616s] -- Added test 'xmllint' to check XML markup files
[0.616s] -- Configuring done
[0.618s] -- Generating done
[0.619s] -- Build files have been written to: /home/purujitk/203/MREN-203/ros2_ws/build/my_rover_description
[0.622s] Invoked command in '/home/purujitk/203/MREN-203/ros2_ws/build/my_rover_description' returned '0': CMAKE_PREFIX_PATH=/opt/ros/humble /usr/bin/cmake /home/purujitk/203/MREN-203/ros2_ws/src/my_rover_description -DAMENT_CMAKE_SYMLINK_INSTALL=1 -DCMAKE_INSTALL_PREFIX=/home/purujitk/203/MREN-203/ros2_ws/install/my_rover_description
[0.624s] Invoking command in '/home/purujitk/203/MREN-203/ros2_ws/build/my_rover_description': CMAKE_PREFIX_PATH=/opt/ros/humble /usr/bin/cmake --build /home/purujitk/203/MREN-203/ros2_ws/build/my_rover_description -- -j16 -l16
[0.658s] Invoked command in '/home/purujitk/203/MREN-203/ros2_ws/build/my_rover_description' returned '0': CMAKE_PREFIX_PATH=/opt/ros/humble /usr/bin/cmake --build /home/purujitk/203/MREN-203/ros2_ws/build/my_rover_description -- -j16 -l16
[0.666s] Invoking command in '/home/purujitk/203/MREN-203/ros2_ws/build/my_rover_description': CMAKE_PREFIX_PATH=/opt/ros/humble /usr/bin/cmake --install /home/purujitk/203/MREN-203/ros2_ws/build/my_rover_description
[0.672s] -- Install configuration: ""
[0.672s] -- Execute custom install script
[0.673s] -- Symlinking: /home/purujitk/203/MREN-203/ros2_ws/install/my_rover_description/share/ament_index/resource_index/package_run_dependencies/my_rover_description
[0.677s] -- Symlinking: /home/purujitk/203/MREN-203/ros2_ws/install/my_rover_description/share/ament_index/resource_index/parent_prefix_path/my_rover_description
[0.686s] -- Symlinking: /home/purujitk/203/MREN-203/ros2_ws/install/my_rover_description/share/my_rover_description/environment/ament_prefix_path.sh
[0.693s] -- Symlinking: /home/purujitk/203/MREN-203/ros2_ws/install/my_rover_description/share/my_rover_description/environment/ament_prefix_path.dsv
[0.700s] -- Symlinking: /home/purujitk/203/MREN-203/ros2_ws/install/my_rover_description/share/my_rover_description/environment/path.sh
[0.711s] -- Symlinking: /home/purujitk/203/MREN-203/ros2_ws/install/my_rover_description/share/my_rover_description/environment/path.dsv
[0.719s] -- Symlinking: /home/purujitk/203/MREN-203/ros2_ws/install/my_rover_description/share/my_rover_description/local_setup.bash
[0.726s] -- Symlinking: /home/purujitk/203/MREN-203/ros2_ws/install/my_rover_description/share/my_rover_description/local_setup.sh
[0.735s] -- Symlinking: /home/purujitk/203/MREN-203/ros2_ws/install/my_rover_description/share/my_rover_description/local_setup.zsh
[0.743s] -- Symlinking: /home/purujitk/203/MREN-203/ros2_ws/install/my_rover_description/share/my_rover_description/local_setup.dsv
[0.751s] -- Symlinking: /home/purujitk/203/MREN-203/ros2_ws/install/my_rover_description/share/my_rover_description/package.dsv
[0.762s] -- Symlinking: /home/purujitk/203/MREN-203/ros2_ws/install/my_rover_description/share/ament_index/resource_index/packages/my_rover_description
[0.774s] -- Symlinking: /home/purujitk/203/MREN-203/ros2_ws/install/my_rover_description/share/my_rover_description/cmake/my_rover_descriptionConfig.cmake
[0.785s] -- Symlinking: /home/purujitk/203/MREN-203/ros2_ws/install/my_rover_description/share/my_rover_description/cmake/my_rover_descriptionConfig-version.cmake
[0.793s] -- Symlinking: /home/purujitk/203/MREN-203/ros2_ws/install/my_rover_description/share/my_rover_description/package.xml
[0.807s] Invoked command in '/home/purujitk/203/MREN-203/ros2_ws/build/my_rover_description' returned '0': CMAKE_PREFIX_PATH=/opt/ros/humble /usr/bin/cmake --install /home/purujitk/203/MREN-203/ros2_ws/build/my_rover_description
