[0.069s] DEBUG:colcon:Command line arguments: ['/usr/bin/colcon', 'build']
[0.069s] DEBUG:colcon:Parsed command line arguments: Namespace(log_base=None, log_level=None, verb_name='build', build_base='build', install_base='install', merge_install=False, symlink_install=False, test_result_base=None, continue_on_error=False, executor='parallel', parallel_workers=16, event_handlers=None, ignore_user_meta=False, metas=['./colcon.meta'], base_paths=['.'], packages_ignore=None, packages_ignore_regex=None, paths=None, packages_up_to=None, packages_up_to_regex=None, packages_above=None, packages_above_and_dependencies=None, packages_above_depth=None, packages_select_by_dep=None, packages_skip_by_dep=None, packages_skip_up_to=None, packages_select_build_failed=False, packages_skip_build_finished=False, packages_select_test_failures=False, packages_skip_test_passed=False, packages_select=None, packages_skip=None, packages_select_regex=None, packages_skip_regex=None, packages_start=None, packages_end=None, allow_overriding=[], cmake_args=None, cmake_target=None, cmake_target_skip_unavailable=False, cmake_clean_cache=False, cmake_clean_first=False, cmake_force_configure=False, ament_cmake_args=None, catkin_cmake_args=None, catkin_skip_building_tests=False, mixin_files=None, mixin=None, verb_parser=<colcon_mixin.mixin.mixin_argument.MixinArgumentDecorator object at 0x75443b11b880>, verb_extension=<colcon_core.verb.build.BuildVerb object at 0x75443b11b310>, main=<bound method BuildVerb.main of <colcon_core.verb.build.BuildVerb object at 0x75443b11b310>>, mixin_verb=('build',))
[0.172s] Level 1:colcon.colcon_core.package_discovery:discover_packages(colcon_meta) check parameters
[0.172s] Level 1:colcon.colcon_core.package_discovery:discover_packages(recursive) check parameters
[0.172s] Level 1:colcon.colcon_core.package_discovery:discover_packages(ignore) check parameters
[0.172s] Level 1:colcon.colcon_core.package_discovery:discover_packages(path) check parameters
[0.172s] Level 1:colcon.colcon_core.package_discovery:discover_packages(colcon_meta) discover
[0.173s] Level 1:colcon.colcon_core.package_discovery:discover_packages(recursive) discover
[0.173s] INFO:colcon.colcon_core.package_discovery:Crawling recursively for packages in '/home/purujitk/203/MREN-203/ros2_ws'
[0.173s] Level 1:colcon.colcon_core.package_identification:_identify(.) by extensions ['ignore', 'ignore_ament_install']
[0.173s] Level 1:colcon.colcon_core.package_identification:_identify(.) by extension 'ignore'
[0.173s] Level 1:colcon.colcon_core.package_identification:_identify(.) by extension 'ignore_ament_install'
[0.173s] Level 1:colcon.colcon_core.package_identification:_identify(.) by extensions ['colcon_pkg']
[0.173s] Level 1:colcon.colcon_core.package_identification:_identify(.) by extension 'colcon_pkg'
[0.173s] Level 1:colcon.colcon_core.package_identification:_identify(.) by extensions ['colcon_meta']
[0.173s] Level 1:colcon.colcon_core.package_identification:_identify(.) by extension 'colcon_meta'
[0.173s] Level 1:colcon.colcon_core.package_identification:_identify(.) by extensions ['ros']
[0.173s] Level 1:colcon.colcon_core.package_identification:_identify(.) by extension 'ros'
[0.200s] Level 1:colcon.colcon_core.package_identification:_identify(.) by extensions ['cmake', 'python']
[0.200s] Level 1:colcon.colcon_core.package_identification:_identify(.) by extension 'cmake'
[0.200s] Level 1:colcon.colcon_core.package_identification:_identify(.) by extension 'python'
[0.200s] Level 1:colcon.colcon_core.package_identification:_identify(.) by extensions ['python_setup_py']
[0.200s] Level 1:colcon.colcon_core.package_identification:_identify(.) by extension 'python_setup_py'
[0.200s] Level 1:colcon.colcon_core.package_identification:_identify(build) by extensions ['ignore', 'ignore_ament_install']
[0.200s] Level 1:colcon.colcon_core.package_identification:_identify(build) by extension 'ignore'
[0.200s] Level 1:colcon.colcon_core.package_identification:_identify(build) ignored
[0.200s] Level 1:colcon.colcon_core.package_identification:_identify(install) by extensions ['ignore', 'ignore_ament_install']
[0.200s] Level 1:colcon.colcon_core.package_identification:_identify(install) by extension 'ignore'
[0.200s] Level 1:colcon.colcon_core.package_identification:_identify(install) ignored
[0.200s] Level 1:colcon.colcon_core.package_identification:_identify(log) by extensions ['ignore', 'ignore_ament_install']
[0.200s] Level 1:colcon.colcon_core.package_identification:_identify(log) by extension 'ignore'
[0.201s] Level 1:colcon.colcon_core.package_identification:_identify(log) ignored
[0.201s] Level 1:colcon.colcon_core.package_identification:_identify(src) by extensions ['ignore', 'ignore_ament_install']
[0.201s] Level 1:colcon.colcon_core.package_identification:_identify(src) by extension 'ignore'
[0.201s] Level 1:colcon.colcon_core.package_identification:_identify(src) by extension 'ignore_ament_install'
[0.201s] Level 1:colcon.colcon_core.package_identification:_identify(src) by extensions ['colcon_pkg']
[0.201s] Level 1:colcon.colcon_core.package_identification:_identify(src) by extension 'colcon_pkg'
[0.201s] Level 1:colcon.colcon_core.package_identification:_identify(src) by extensions ['colcon_meta']
[0.201s] Level 1:colcon.colcon_core.package_identification:_identify(src) by extension 'colcon_meta'
[0.201s] Level 1:colcon.colcon_core.package_identification:_identify(src) by extensions ['ros']
[0.201s] Level 1:colcon.colcon_core.package_identification:_identify(src) by extension 'ros'
[0.201s] Level 1:colcon.colcon_core.package_identification:_identify(src) by extensions ['cmake', 'python']
[0.201s] Level 1:colcon.colcon_core.package_identification:_identify(src) by extension 'cmake'
[0.201s] Level 1:colcon.colcon_core.package_identification:_identify(src) by extension 'python'
[0.201s] Level 1:colcon.colcon_core.package_identification:_identify(src) by extensions ['python_setup_py']
[0.201s] Level 1:colcon.colcon_core.package_identification:_identify(src) by extension 'python_setup_py'
[0.201s] Level 1:colcon.colcon_core.package_identification:_identify(src/Arduino_Serial_Bridge) by extensions ['ignore', 'ignore_ament_install']
[0.201s] Level 1:colcon.colcon_core.package_identification:_identify(src/Arduino_Serial_Bridge) by extension 'ignore'
[0.201s] Level 1:colcon.colcon_core.package_identification:_identify(src/Arduino_Serial_Bridge) by extension 'ignore_ament_install'
[0.201s] Level 1:colcon.colcon_core.package_identification:_identify(src/Arduino_Serial_Bridge) by extensions ['colcon_pkg']
[0.201s] Level 1:colcon.colcon_core.package_identification:_identify(src/Arduino_Serial_Bridge) by extension 'colcon_pkg'
[0.201s] Level 1:colcon.colcon_core.package_identification:_identify(src/Arduino_Serial_Bridge) by extensions ['colcon_meta']
[0.201s] Level 1:colcon.colcon_core.package_identification:_identify(src/Arduino_Serial_Bridge) by extension 'colcon_meta'
[0.201s] Level 1:colcon.colcon_core.package_identification:_identify(src/Arduino_Serial_Bridge) by extensions ['ros']
[0.201s] Level 1:colcon.colcon_core.package_identification:_identify(src/Arduino_Serial_Bridge) by extension 'ros'
[0.201s] Level 1:colcon.colcon_core.package_identification:_identify(src/Arduino_Serial_Bridge) by extensions ['cmake', 'python']
[0.202s] Level 1:colcon.colcon_core.package_identification:_identify(src/Arduino_Serial_Bridge) by extension 'cmake'
[0.202s] Level 1:colcon.colcon_core.package_identification:_identify(src/Arduino_Serial_Bridge) by extension 'python'
[0.202s] Level 1:colcon.colcon_core.package_identification:_identify(src/Arduino_Serial_Bridge) by extensions ['python_setup_py']
[0.202s] Level 1:colcon.colcon_core.package_identification:_identify(src/Arduino_Serial_Bridge) by extension 'python_setup_py'
[0.202s] Level 1:colcon.colcon_core.package_identification:_identify(src/my_rover_bringup) by extensions ['ignore', 'ignore_ament_install']
[0.202s] Level 1:colcon.colcon_core.package_identification:_identify(src/my_rover_bringup) by extension 'ignore'
[0.202s] Level 1:colcon.colcon_core.package_identification:_identify(src/my_rover_bringup) by extension 'ignore_ament_install'
[0.202s] Level 1:colcon.colcon_core.package_identification:_identify(src/my_rover_bringup) by extensions ['colcon_pkg']
[0.202s] Level 1:colcon.colcon_core.package_identification:_identify(src/my_rover_bringup) by extension 'colcon_pkg'
[0.202s] Level 1:colcon.colcon_core.package_identification:_identify(src/my_rover_bringup) by extensions ['colcon_meta']
[0.202s] Level 1:colcon.colcon_core.package_identification:_identify(src/my_rover_bringup) by extension 'colcon_meta'
[0.202s] Level 1:colcon.colcon_core.package_identification:_identify(src/my_rover_bringup) by extensions ['ros']
[0.202s] Level 1:colcon.colcon_core.package_identification:_identify(src/my_rover_bringup) by extension 'ros'
[0.204s] DEBUG:colcon.colcon_core.package_identification:Package 'src/my_rover_bringup' with type 'ros.ament_cmake' and name 'my_rover_bringup'
[0.204s] Level 1:colcon.colcon_core.package_identification:_identify(src/my_rover_description) by extensions ['ignore', 'ignore_ament_install']
[0.204s] Level 1:colcon.colcon_core.package_identification:_identify(src/my_rover_description) by extension 'ignore'
[0.204s] Level 1:colcon.colcon_core.package_identification:_identify(src/my_rover_description) by extension 'ignore_ament_install'
[0.204s] Level 1:colcon.colcon_core.package_identification:_identify(src/my_rover_description) by extensions ['colcon_pkg']
[0.204s] Level 1:colcon.colcon_core.package_identification:_identify(src/my_rover_description) by extension 'colcon_pkg'
[0.204s] Level 1:colcon.colcon_core.package_identification:_identify(src/my_rover_description) by extensions ['colcon_meta']
[0.204s] Level 1:colcon.colcon_core.package_identification:_identify(src/my_rover_description) by extension 'colcon_meta'
[0.204s] Level 1:colcon.colcon_core.package_identification:_identify(src/my_rover_description) by extensions ['ros']
[0.204s] Level 1:colcon.colcon_core.package_identification:_identify(src/my_rover_description) by extension 'ros'
[0.205s] DEBUG:colcon.colcon_core.package_identification:Package 'src/my_rover_description' with type 'ros.ament_cmake' and name 'my_rover_description'
[0.205s] Level 1:colcon.colcon_core.package_identification:_identify(src/my_rover_navigation) by extensions ['ignore', 'ignore_ament_install']
[0.205s] Level 1:colcon.colcon_core.package_identification:_identify(src/my_rover_navigation) by extension 'ignore'
[0.205s] Level 1:colcon.colcon_core.package_identification:_identify(src/my_rover_navigation) by extension 'ignore_ament_install'
[0.205s] Level 1:colcon.colcon_core.package_identification:_identify(src/my_rover_navigation) by extensions ['colcon_pkg']
[0.205s] Level 1:colcon.colcon_core.package_identification:_identify(src/my_rover_navigation) by extension 'colcon_pkg'
[0.205s] Level 1:colcon.colcon_core.package_identification:_identify(src/my_rover_navigation) by extensions ['colcon_meta']
[0.206s] Level 1:colcon.colcon_core.package_identification:_identify(src/my_rover_navigation) by extension 'colcon_meta'
[0.206s] Level 1:colcon.colcon_core.package_identification:_identify(src/my_rover_navigation) by extensions ['ros']
[0.206s] Level 1:colcon.colcon_core.package_identification:_identify(src/my_rover_navigation) by extension 'ros'
[0.206s] DEBUG:colcon.colcon_core.package_identification:Failed to parse potential ROS package manifest in'src/my_rover_navigation': Error(s) in package 'src/my_rover_navigation/package.xml':
The manifest contains invalid XML:
mismatched tag: line 17, column 28
[0.206s] Level 1:colcon.colcon_core.package_identification:_identify(src/my_rover_navigation) by extensions ['cmake', 'python']
[0.206s] Level 1:colcon.colcon_core.package_identification:_identify(src/my_rover_navigation) by extension 'cmake'
[0.206s] Level 1:colcon.colcon_core.package_identification:_identify(src/my_rover_navigation) by extension 'python'
[0.206s] DEBUG:colcon.colcon_core.package_identification:Python package in 'src/my_rover_navigation' passes arguments to the setup() function which requires a different identification extension than 'python'
[0.206s] Level 1:colcon.colcon_core.package_identification:_identify(src/my_rover_navigation) by extensions ['python_setup_py']
[0.206s] Level 1:colcon.colcon_core.package_identification:_identify(src/my_rover_navigation) by extension 'python_setup_py'
[0.362s] DEBUG:colcon.colcon_core.package_identification:Package 'src/my_rover_navigation' with type 'python' and name 'my_rover_navigation'
[0.363s] Level 1:colcon.colcon_core.package_discovery:discover_packages(recursive) using defaults
[0.363s] Level 1:colcon.colcon_core.package_discovery:discover_packages(ignore) discover
[0.363s] Level 1:colcon.colcon_core.package_discovery:discover_packages(ignore) using defaults
[0.363s] Level 1:colcon.colcon_core.package_discovery:discover_packages(path) discover
[0.363s] Level 1:colcon.colcon_core.package_discovery:discover_packages(path) using defaults
[0.377s] Level 1:colcon.colcon_core.package_discovery:discover_packages(prefix_path) check parameters
[0.377s] Level 1:colcon.colcon_core.package_discovery:discover_packages(prefix_path) discover
[0.378s] DEBUG:colcon.colcon_installed_package_information.package_discovery:Found 3 installed packages in /home/purujitk/203/MREN-203/ros2_ws/install
[0.378s] DEBUG:colcon.colcon_installed_package_information.package_discovery:Found 0 installed packages in /home/purujitk/203/MREN-203/install
[0.379s] DEBUG:colcon.colcon_installed_package_information.package_discovery:Found 440 installed packages in /opt/ros/humble
[0.380s] Level 1:colcon.colcon_core.package_discovery:discover_packages(prefix_path) using defaults
[0.410s] Level 5:colcon.colcon_core.verb:set package 'my_rover_bringup' build argument 'cmake_args' from command line to 'None'
[0.410s] Level 5:colcon.colcon_core.verb:set package 'my_rover_bringup' build argument 'cmake_target' from command line to 'None'
[0.410s] Level 5:colcon.colcon_core.verb:set package 'my_rover_bringup' build argument 'cmake_target_skip_unavailable' from command line to 'False'
[0.410s] Level 5:colcon.colcon_core.verb:set package 'my_rover_bringup' build argument 'cmake_clean_cache' from command line to 'False'
[0.410s] Level 5:colcon.colcon_core.verb:set package 'my_rover_bringup' build argument 'cmake_clean_first' from command line to 'False'
[0.410s] Level 5:colcon.colcon_core.verb:set package 'my_rover_bringup' build argument 'cmake_force_configure' from command line to 'False'
[0.410s] Level 5:colcon.colcon_core.verb:set package 'my_rover_bringup' build argument 'ament_cmake_args' from command line to 'None'
[0.410s] Level 5:colcon.colcon_core.verb:set package 'my_rover_bringup' build argument 'catkin_cmake_args' from command line to 'None'
[0.410s] Level 5:colcon.colcon_core.verb:set package 'my_rover_bringup' build argument 'catkin_skip_building_tests' from command line to 'False'
[0.410s] DEBUG:colcon.colcon_core.verb:Building package 'my_rover_bringup' with the following arguments: {'ament_cmake_args': None, 'build_base': '/home/purujitk/203/MREN-203/ros2_ws/build/my_rover_bringup', 'catkin_cmake_args': None, 'catkin_skip_building_tests': False, 'cmake_args': None, 'cmake_clean_cache': False, 'cmake_clean_first': False, 'cmake_force_configure': False, 'cmake_target': None, 'cmake_target_skip_unavailable': False, 'install_base': '/home/purujitk/203/MREN-203/ros2_ws/install/my_rover_bringup', 'merge_install': False, 'path': '/home/purujitk/203/MREN-203/ros2_ws/src/my_rover_bringup', 'symlink_install': False, 'test_result_base': None}
[0.411s] Level 5:colcon.colcon_core.verb:set package 'my_rover_description' build argument 'cmake_args' from command line to 'None'
[0.411s] Level 5:colcon.colcon_core.verb:set package 'my_rover_description' build argument 'cmake_target' from command line to 'None'
[0.411s] Level 5:colcon.colcon_core.verb:set package 'my_rover_description' build argument 'cmake_target_skip_unavailable' from command line to 'False'
[0.411s] Level 5:colcon.colcon_core.verb:set package 'my_rover_description' build argument 'cmake_clean_cache' from command line to 'False'
[0.411s] Level 5:colcon.colcon_core.verb:set package 'my_rover_description' build argument 'cmake_clean_first' from command line to 'False'
[0.411s] Level 5:colcon.colcon_core.verb:set package 'my_rover_description' build argument 'cmake_force_configure' from command line to 'False'
[0.411s] Level 5:colcon.colcon_core.verb:set package 'my_rover_description' build argument 'ament_cmake_args' from command line to 'None'
[0.411s] Level 5:colcon.colcon_core.verb:set package 'my_rover_description' build argument 'catkin_cmake_args' from command line to 'None'
[0.411s] Level 5:colcon.colcon_core.verb:set package 'my_rover_description' build argument 'catkin_skip_building_tests' from command line to 'False'
[0.411s] DEBUG:colcon.colcon_core.verb:Building package 'my_rover_description' with the following arguments: {'ament_cmake_args': None, 'build_base': '/home/purujitk/203/MREN-203/ros2_ws/build/my_rover_description', 'catkin_cmake_args': None, 'catkin_skip_building_tests': False, 'cmake_args': None, 'cmake_clean_cache': False, 'cmake_clean_first': False, 'cmake_force_configure': False, 'cmake_target': None, 'cmake_target_skip_unavailable': False, 'install_base': '/home/purujitk/203/MREN-203/ros2_ws/install/my_rover_description', 'merge_install': False, 'path': '/home/purujitk/203/MREN-203/ros2_ws/src/my_rover_description', 'symlink_install': False, 'test_result_base': None}
[0.411s] Level 5:colcon.colcon_core.verb:set package 'my_rover_navigation' build argument 'cmake_args' from command line to 'None'
[0.411s] Level 5:colcon.colcon_core.verb:set package 'my_rover_navigation' build argument 'cmake_target' from command line to 'None'
[0.411s] Level 5:colcon.colcon_core.verb:set package 'my_rover_navigation' build argument 'cmake_target_skip_unavailable' from command line to 'False'
[0.411s] Level 5:colcon.colcon_core.verb:set package 'my_rover_navigation' build argument 'cmake_clean_cache' from command line to 'False'
[0.411s] Level 5:colcon.colcon_core.verb:set package 'my_rover_navigation' build argument 'cmake_clean_first' from command line to 'False'
[0.411s] Level 5:colcon.colcon_core.verb:set package 'my_rover_navigation' build argument 'cmake_force_configure' from command line to 'False'
[0.411s] Level 5:colcon.colcon_core.verb:set package 'my_rover_navigation' build argument 'ament_cmake_args' from command line to 'None'
[0.411s] Level 5:colcon.colcon_core.verb:set package 'my_rover_navigation' build argument 'catkin_cmake_args' from command line to 'None'
[0.411s] Level 5:colcon.colcon_core.verb:set package 'my_rover_navigation' build argument 'catkin_skip_building_tests' from command line to 'False'
[0.411s] DEBUG:colcon.colcon_core.verb:Building package 'my_rover_navigation' with the following arguments: {'ament_cmake_args': None, 'build_base': '/home/purujitk/203/MREN-203/ros2_ws/build/my_rover_navigation', 'catkin_cmake_args': None, 'catkin_skip_building_tests': False, 'cmake_args': None, 'cmake_clean_cache': False, 'cmake_clean_first': False, 'cmake_force_configure': False, 'cmake_target': None, 'cmake_target_skip_unavailable': False, 'install_base': '/home/purujitk/203/MREN-203/ros2_ws/install/my_rover_navigation', 'merge_install': False, 'path': '/home/purujitk/203/MREN-203/ros2_ws/src/my_rover_navigation', 'symlink_install': False, 'test_result_base': None}
[0.411s] INFO:colcon.colcon_core.executor:Executing jobs using 'parallel' executor
[0.412s] DEBUG:colcon.colcon_parallel_executor.executor.parallel:run_until_complete
[0.412s] INFO:colcon.colcon_ros.task.ament_cmake.build:Building ROS package in '/home/purujitk/203/MREN-203/ros2_ws/src/my_rover_bringup' with build type 'ament_cmake'
[0.413s] INFO:colcon.colcon_cmake.task.cmake.build:Building CMake package in '/home/purujitk/203/MREN-203/ros2_ws/src/my_rover_bringup'
[0.414s] INFO:colcon.colcon_core.plugin_system:Skipping extension 'colcon_core.shell.bat': Not used on non-Windows systems
[0.414s] INFO:colcon.colcon_core.shell:Skip shell extension 'powershell' for command environment: Not usable outside of PowerShell
[0.414s] DEBUG:colcon.colcon_core.shell:Skip shell extension 'dsv' for command environment
[0.417s] INFO:colcon.colcon_ros.task.ament_cmake.build:Building ROS package in '/home/purujitk/203/MREN-203/ros2_ws/src/my_rover_description' with build type 'ament_cmake'
[0.417s] INFO:colcon.colcon_cmake.task.cmake.build:Building CMake package in '/home/purujitk/203/MREN-203/ros2_ws/src/my_rover_description'
[0.417s] INFO:colcon.colcon_core.shell:Skip shell extension 'powershell' for command environment: Not usable outside of PowerShell
[0.417s] DEBUG:colcon.colcon_core.shell:Skip shell extension 'dsv' for command environment
[0.419s] INFO:colcon.colcon_core.task.python.build:Building Python package in '/home/purujitk/203/MREN-203/ros2_ws/src/my_rover_navigation'
[0.419s] INFO:colcon.colcon_core.shell:Skip shell extension 'powershell' for command environment: Not usable outside of PowerShell
[0.419s] DEBUG:colcon.colcon_core.shell:Skip shell extension 'dsv' for command environment
[0.424s] DEBUG:colcon.colcon_core.event_handler.log_command:Invoking command in '/home/purujitk/203/MREN-203/ros2_ws/build/my_rover_bringup': CMAKE_PREFIX_PATH=${CMAKE_PREFIX_PATH}:/opt/ros/humble /usr/bin/cmake --build /home/purujitk/203/MREN-203/ros2_ws/build/my_rover_bringup -- -j16 -l16
[0.427s] DEBUG:colcon.colcon_core.event_handler.log_command:Invoking command in '/home/purujitk/203/MREN-203/ros2_ws/build/my_rover_description': CMAKE_PREFIX_PATH=${CMAKE_PREFIX_PATH}:/opt/ros/humble /usr/bin/cmake --build /home/purujitk/203/MREN-203/ros2_ws/build/my_rover_description -- -j16 -l16
[0.610s] DEBUG:colcon.colcon_core.event_handler.log_command:Invoked command in '/home/purujitk/203/MREN-203/ros2_ws/build/my_rover_bringup' returned '0': CMAKE_PREFIX_PATH=${CMAKE_PREFIX_PATH}:/opt/ros/humble /usr/bin/cmake --build /home/purujitk/203/MREN-203/ros2_ws/build/my_rover_bringup -- -j16 -l16
[0.621s] DEBUG:colcon.colcon_core.event_handler.log_command:Invoking command in '/home/purujitk/203/MREN-203/ros2_ws/build/my_rover_bringup': CMAKE_PREFIX_PATH=${CMAKE_PREFIX_PATH}:/opt/ros/humble /usr/bin/cmake --install /home/purujitk/203/MREN-203/ros2_ws/build/my_rover_bringup
[0.622s] DEBUG:colcon.colcon_core.event_handler.log_command:Invoked command in '/home/purujitk/203/MREN-203/ros2_ws/build/my_rover_description' returned '0': CMAKE_PREFIX_PATH=${CMAKE_PREFIX_PATH}:/opt/ros/humble /usr/bin/cmake --build /home/purujitk/203/MREN-203/ros2_ws/build/my_rover_description -- -j16 -l16
[0.623s] DEBUG:colcon.colcon_core.event_handler.log_command:Invoking command in '/home/purujitk/203/MREN-203/ros2_ws/build/my_rover_description': CMAKE_PREFIX_PATH=${CMAKE_PREFIX_PATH}:/opt/ros/humble /usr/bin/cmake --install /home/purujitk/203/MREN-203/ros2_ws/build/my_rover_description
[0.643s] Level 1:colcon.colcon_core.environment:create_environment_scripts_only(my_rover_bringup)
[0.643s] DEBUG:colcon.colcon_core.event_handler.log_command:Invoked command in '/home/purujitk/203/MREN-203/ros2_ws/build/my_rover_bringup' returned '0': CMAKE_PREFIX_PATH=${CMAKE_PREFIX_PATH}:/opt/ros/humble /usr/bin/cmake --install /home/purujitk/203/MREN-203/ros2_ws/build/my_rover_bringup
[0.646s] Level 1:colcon.colcon_core.environment:checking '/home/purujitk/203/MREN-203/ros2_ws/install/my_rover_bringup' for CMake module files
[0.648s] Level 1:colcon.colcon_core.environment:checking '/home/purujitk/203/MREN-203/ros2_ws/install/my_rover_bringup' for CMake config files
[0.649s] Level 1:colcon.colcon_core.shell:create_environment_hook('my_rover_bringup', 'cmake_prefix_path')
[0.649s] INFO:colcon.colcon_core.shell:Creating environment hook '/home/purujitk/203/MREN-203/ros2_ws/install/my_rover_bringup/share/my_rover_bringup/hook/cmake_prefix_path.ps1'
[0.650s] INFO:colcon.colcon_core.shell:Creating environment descriptor '/home/purujitk/203/MREN-203/ros2_ws/install/my_rover_bringup/share/my_rover_bringup/hook/cmake_prefix_path.dsv'
[0.651s] INFO:colcon.colcon_core.shell:Creating environment hook '/home/purujitk/203/MREN-203/ros2_ws/install/my_rover_bringup/share/my_rover_bringup/hook/cmake_prefix_path.sh'
[0.652s] Level 1:colcon.colcon_core.environment:checking '/home/purujitk/203/MREN-203/ros2_ws/install/my_rover_bringup/bin'
[0.652s] Level 1:colcon.colcon_core.environment:checking '/home/purujitk/203/MREN-203/ros2_ws/install/my_rover_bringup/lib/pkgconfig/my_rover_bringup.pc'
[0.652s] Level 1:colcon.colcon_core.environment:checking '/home/purujitk/203/MREN-203/ros2_ws/install/my_rover_bringup/lib/python3.10/site-packages'
[0.653s] Level 1:colcon.colcon_core.environment:checking '/home/purujitk/203/MREN-203/ros2_ws/install/my_rover_bringup/bin'
[0.653s] INFO:colcon.colcon_core.shell:Creating package script '/home/purujitk/203/MREN-203/ros2_ws/install/my_rover_bringup/share/my_rover_bringup/package.ps1'
[0.654s] INFO:colcon.colcon_core.shell:Creating package descriptor '/home/purujitk/203/MREN-203/ros2_ws/install/my_rover_bringup/share/my_rover_bringup/package.dsv'
[0.655s] INFO:colcon.colcon_core.shell:Creating package script '/home/purujitk/203/MREN-203/ros2_ws/install/my_rover_bringup/share/my_rover_bringup/package.sh'
[0.656s] INFO:colcon.colcon_core.shell:Creating package script '/home/purujitk/203/MREN-203/ros2_ws/install/my_rover_bringup/share/my_rover_bringup/package.bash'
[0.657s] INFO:colcon.colcon_core.shell:Creating package script '/home/purujitk/203/MREN-203/ros2_ws/install/my_rover_bringup/share/my_rover_bringup/package.zsh'
[0.658s] Level 1:colcon.colcon_core.environment:create_file_with_runtime_dependencies(/home/purujitk/203/MREN-203/ros2_ws/install/my_rover_bringup/share/colcon-core/packages/my_rover_bringup)
[0.659s] Level 1:colcon.colcon_core.environment:create_environment_scripts_only(my_rover_bringup)
[0.659s] Level 1:colcon.colcon_core.environment:checking '/home/purujitk/203/MREN-203/ros2_ws/install/my_rover_bringup' for CMake module files
[0.660s] Level 1:colcon.colcon_core.environment:checking '/home/purujitk/203/MREN-203/ros2_ws/install/my_rover_bringup' for CMake config files
[0.660s] Level 1:colcon.colcon_core.shell:create_environment_hook('my_rover_bringup', 'cmake_prefix_path')
[0.661s] INFO:colcon.colcon_core.shell:Creating environment hook '/home/purujitk/203/MREN-203/ros2_ws/install/my_rover_bringup/share/my_rover_bringup/hook/cmake_prefix_path.ps1'
[0.661s] INFO:colcon.colcon_core.shell:Creating environment descriptor '/home/purujitk/203/MREN-203/ros2_ws/install/my_rover_bringup/share/my_rover_bringup/hook/cmake_prefix_path.dsv'
[0.662s] INFO:colcon.colcon_core.shell:Creating environment hook '/home/purujitk/203/MREN-203/ros2_ws/install/my_rover_bringup/share/my_rover_bringup/hook/cmake_prefix_path.sh'
[0.662s] Level 1:colcon.colcon_core.environment:checking '/home/purujitk/203/MREN-203/ros2_ws/install/my_rover_bringup/bin'
[0.662s] Level 1:colcon.colcon_core.environment:checking '/home/purujitk/203/MREN-203/ros2_ws/install/my_rover_bringup/lib/pkgconfig/my_rover_bringup.pc'
[0.662s] Level 1:colcon.colcon_core.environment:checking '/home/purujitk/203/MREN-203/ros2_ws/install/my_rover_bringup/lib/python3.10/site-packages'
[0.663s] Level 1:colcon.colcon_core.environment:checking '/home/purujitk/203/MREN-203/ros2_ws/install/my_rover_bringup/bin'
[0.663s] INFO:colcon.colcon_core.shell:Creating package script '/home/purujitk/203/MREN-203/ros2_ws/install/my_rover_bringup/share/my_rover_bringup/package.ps1'
[0.663s] INFO:colcon.colcon_core.shell:Creating package descriptor '/home/purujitk/203/MREN-203/ros2_ws/install/my_rover_bringup/share/my_rover_bringup/package.dsv'
[0.664s] INFO:colcon.colcon_core.shell:Creating package script '/home/purujitk/203/MREN-203/ros2_ws/install/my_rover_bringup/share/my_rover_bringup/package.sh'
[0.664s] INFO:colcon.colcon_core.shell:Creating package script '/home/purujitk/203/MREN-203/ros2_ws/install/my_rover_bringup/share/my_rover_bringup/package.bash'
[0.664s] INFO:colcon.colcon_core.shell:Creating package script '/home/purujitk/203/MREN-203/ros2_ws/install/my_rover_bringup/share/my_rover_bringup/package.zsh'
[0.664s] Level 1:colcon.colcon_core.environment:create_file_with_runtime_dependencies(/home/purujitk/203/MREN-203/ros2_ws/install/my_rover_bringup/share/colcon-core/packages/my_rover_bringup)
[0.665s] Level 1:colcon.colcon_core.environment:create_environment_scripts_only(my_rover_description)
[0.666s] Level 1:colcon.colcon_core.environment:checking '/home/purujitk/203/MREN-203/ros2_ws/install/my_rover_description' for CMake module files
[0.666s] DEBUG:colcon.colcon_core.event_handler.log_command:Invoked command in '/home/purujitk/203/MREN-203/ros2_ws/build/my_rover_description' returned '0': CMAKE_PREFIX_PATH=${CMAKE_PREFIX_PATH}:/opt/ros/humble /usr/bin/cmake --install /home/purujitk/203/MREN-203/ros2_ws/build/my_rover_description
[0.667s] Level 1:colcon.colcon_core.environment:checking '/home/purujitk/203/MREN-203/ros2_ws/install/my_rover_description' for CMake config files
[0.667s] Level 1:colcon.colcon_core.shell:create_environment_hook('my_rover_description', 'cmake_prefix_path')
[0.668s] INFO:colcon.colcon_core.shell:Creating environment hook '/home/purujitk/203/MREN-203/ros2_ws/install/my_rover_description/share/my_rover_description/hook/cmake_prefix_path.ps1'
[0.668s] INFO:colcon.colcon_core.shell:Creating environment descriptor '/home/purujitk/203/MREN-203/ros2_ws/install/my_rover_description/share/my_rover_description/hook/cmake_prefix_path.dsv'
[0.669s] INFO:colcon.colcon_core.shell:Creating environment hook '/home/purujitk/203/MREN-203/ros2_ws/install/my_rover_description/share/my_rover_description/hook/cmake_prefix_path.sh'
[0.670s] Level 1:colcon.colcon_core.environment:checking '/home/purujitk/203/MREN-203/ros2_ws/install/my_rover_description/bin'
[0.670s] Level 1:colcon.colcon_core.environment:checking '/home/purujitk/203/MREN-203/ros2_ws/install/my_rover_description/lib/pkgconfig/my_rover_description.pc'
[0.671s] Level 1:colcon.colcon_core.environment:checking '/home/purujitk/203/MREN-203/ros2_ws/install/my_rover_description/lib/python3.10/site-packages'
[0.671s] Level 1:colcon.colcon_core.environment:checking '/home/purujitk/203/MREN-203/ros2_ws/install/my_rover_description/bin'
[0.672s] INFO:colcon.colcon_core.shell:Creating package script '/home/purujitk/203/MREN-203/ros2_ws/install/my_rover_description/share/my_rover_description/package.ps1'
[0.673s] INFO:colcon.colcon_core.shell:Creating package descriptor '/home/purujitk/203/MREN-203/ros2_ws/install/my_rover_description/share/my_rover_description/package.dsv'
[0.674s] INFO:colcon.colcon_core.shell:Creating package script '/home/purujitk/203/MREN-203/ros2_ws/install/my_rover_description/share/my_rover_description/package.sh'
[0.674s] INFO:colcon.colcon_core.shell:Creating package script '/home/purujitk/203/MREN-203/ros2_ws/install/my_rover_description/share/my_rover_description/package.bash'
[0.675s] INFO:colcon.colcon_core.shell:Creating package script '/home/purujitk/203/MREN-203/ros2_ws/install/my_rover_description/share/my_rover_description/package.zsh'
[0.676s] Level 1:colcon.colcon_core.environment:create_file_with_runtime_dependencies(/home/purujitk/203/MREN-203/ros2_ws/install/my_rover_description/share/colcon-core/packages/my_rover_description)
[0.676s] Level 1:colcon.colcon_core.environment:create_environment_scripts_only(my_rover_description)
[0.677s] Level 1:colcon.colcon_core.environment:checking '/home/purujitk/203/MREN-203/ros2_ws/install/my_rover_description' for CMake module files
[0.677s] Level 1:colcon.colcon_core.environment:checking '/home/purujitk/203/MREN-203/ros2_ws/install/my_rover_description' for CMake config files
[0.678s] Level 1:colcon.colcon_core.shell:create_environment_hook('my_rover_description', 'cmake_prefix_path')
[0.678s] INFO:colcon.colcon_core.shell:Creating environment hook '/home/purujitk/203/MREN-203/ros2_ws/install/my_rover_description/share/my_rover_description/hook/cmake_prefix_path.ps1'
[0.679s] INFO:colcon.colcon_core.shell:Creating environment descriptor '/home/purujitk/203/MREN-203/ros2_ws/install/my_rover_description/share/my_rover_description/hook/cmake_prefix_path.dsv'
[0.679s] INFO:colcon.colcon_core.shell:Creating environment hook '/home/purujitk/203/MREN-203/ros2_ws/install/my_rover_description/share/my_rover_description/hook/cmake_prefix_path.sh'
[0.680s] Level 1:colcon.colcon_core.environment:checking '/home/purujitk/203/MREN-203/ros2_ws/install/my_rover_description/bin'
[0.680s] Level 1:colcon.colcon_core.environment:checking '/home/purujitk/203/MREN-203/ros2_ws/install/my_rover_description/lib/pkgconfig/my_rover_description.pc'
[0.680s] Level 1:colcon.colcon_core.environment:checking '/home/purujitk/203/MREN-203/ros2_ws/install/my_rover_description/lib/python3.10/site-packages'
[0.680s] Level 1:colcon.colcon_core.environment:checking '/home/purujitk/203/MREN-203/ros2_ws/install/my_rover_description/bin'
[0.681s] INFO:colcon.colcon_core.shell:Creating package script '/home/purujitk/203/MREN-203/ros2_ws/install/my_rover_description/share/my_rover_description/package.ps1'
[0.681s] INFO:colcon.colcon_core.shell:Creating package descriptor '/home/purujitk/203/MREN-203/ros2_ws/install/my_rover_description/share/my_rover_description/package.dsv'
[0.682s] INFO:colcon.colcon_core.shell:Creating package script '/home/purujitk/203/MREN-203/ros2_ws/install/my_rover_description/share/my_rover_description/package.sh'
[0.682s] INFO:colcon.colcon_core.shell:Creating package script '/home/purujitk/203/MREN-203/ros2_ws/install/my_rover_description/share/my_rover_description/package.bash'
[0.682s] INFO:colcon.colcon_core.shell:Creating package script '/home/purujitk/203/MREN-203/ros2_ws/install/my_rover_description/share/my_rover_description/package.zsh'
[0.682s] Level 1:colcon.colcon_core.environment:create_file_with_runtime_dependencies(/home/purujitk/203/MREN-203/ros2_ws/install/my_rover_description/share/colcon-core/packages/my_rover_description)
[0.870s] DEBUG:colcon.colcon_core.event_handler.log_command:Invoking command in '/home/purujitk/203/MREN-203/ros2_ws/src/my_rover_navigation': PYTHONPATH=/home/purujitk/203/MREN-203/ros2_ws/build/my_rover_navigation/prefix_override:/usr/lib/python3/dist-packages/colcon_core/task/python/colcon_distutils_commands:/home/purujitk/203/MREN-203/ros2_ws/install/my_rover_navigation/lib/python3.10/site-packages:${PYTHONPATH} /usr/bin/python3 -W ignore:setup.py install is deprecated -W ignore:easy_install command is deprecated setup.py egg_info --egg-base ../../build/my_rover_navigation build --build-base /home/purujitk/203/MREN-203/ros2_ws/build/my_rover_navigation/build install --record /home/purujitk/203/MREN-203/ros2_ws/build/my_rover_navigation/install.log --single-version-externally-managed install_data
[1.070s] Level 1:colcon.colcon_core.environment:checking '/home/purujitk/203/MREN-203/ros2_ws/install/my_rover_navigation' for CMake module files
[1.071s] DEBUG:colcon.colcon_core.event_handler.log_command:Invoked command in '/home/purujitk/203/MREN-203/ros2_ws/src/my_rover_navigation' returned '0': PYTHONPATH=/home/purujitk/203/MREN-203/ros2_ws/build/my_rover_navigation/prefix_override:/usr/lib/python3/dist-packages/colcon_core/task/python/colcon_distutils_commands:/home/purujitk/203/MREN-203/ros2_ws/install/my_rover_navigation/lib/python3.10/site-packages:${PYTHONPATH} /usr/bin/python3 -W ignore:setup.py install is deprecated -W ignore:easy_install command is deprecated setup.py egg_info --egg-base ../../build/my_rover_navigation build --build-base /home/purujitk/203/MREN-203/ros2_ws/build/my_rover_navigation/build install --record /home/purujitk/203/MREN-203/ros2_ws/build/my_rover_navigation/install.log --single-version-externally-managed install_data
[1.071s] Level 1:colcon.colcon_core.environment:checking '/home/purujitk/203/MREN-203/ros2_ws/install/my_rover_navigation' for CMake config files
[1.072s] Level 1:colcon.colcon_core.environment:checking '/home/purujitk/203/MREN-203/ros2_ws/install/my_rover_navigation/lib'
[1.072s] Level 1:colcon.colcon_core.environment:checking '/home/purujitk/203/MREN-203/ros2_ws/install/my_rover_navigation/bin'
[1.072s] Level 1:colcon.colcon_core.environment:checking '/home/purujitk/203/MREN-203/ros2_ws/install/my_rover_navigation/lib/pkgconfig/my_rover_navigation.pc'
[1.072s] Level 1:colcon.colcon_core.environment:checking '/home/purujitk/203/MREN-203/ros2_ws/install/my_rover_navigation/lib/python3.10/site-packages'
[1.073s] Level 1:colcon.colcon_core.shell:create_environment_hook('my_rover_navigation', 'pythonpath')
[1.073s] INFO:colcon.colcon_core.shell:Creating environment hook '/home/purujitk/203/MREN-203/ros2_ws/install/my_rover_navigation/share/my_rover_navigation/hook/pythonpath.ps1'
[1.073s] INFO:colcon.colcon_core.shell:Creating environment descriptor '/home/purujitk/203/MREN-203/ros2_ws/install/my_rover_navigation/share/my_rover_navigation/hook/pythonpath.dsv'
[1.074s] INFO:colcon.colcon_core.shell:Creating environment hook '/home/purujitk/203/MREN-203/ros2_ws/install/my_rover_navigation/share/my_rover_navigation/hook/pythonpath.sh'
[1.075s] Level 1:colcon.colcon_core.environment:checking '/home/purujitk/203/MREN-203/ros2_ws/install/my_rover_navigation/bin'
[1.075s] Level 1:colcon.colcon_core.environment:create_environment_scripts_only(my_rover_navigation)
[1.075s] INFO:colcon.colcon_core.shell:Creating package script '/home/purujitk/203/MREN-203/ros2_ws/install/my_rover_navigation/share/my_rover_navigation/package.ps1'
[1.076s] INFO:colcon.colcon_core.shell:Creating package descriptor '/home/purujitk/203/MREN-203/ros2_ws/install/my_rover_navigation/share/my_rover_navigation/package.dsv'
[1.076s] INFO:colcon.colcon_core.shell:Creating package script '/home/purujitk/203/MREN-203/ros2_ws/install/my_rover_navigation/share/my_rover_navigation/package.sh'
[1.077s] INFO:colcon.colcon_core.shell:Creating package script '/home/purujitk/203/MREN-203/ros2_ws/install/my_rover_navigation/share/my_rover_navigation/package.bash'
[1.077s] INFO:colcon.colcon_core.shell:Creating package script '/home/purujitk/203/MREN-203/ros2_ws/install/my_rover_navigation/share/my_rover_navigation/package.zsh'
[1.077s] Level 1:colcon.colcon_core.environment:create_file_with_runtime_dependencies(/home/purujitk/203/MREN-203/ros2_ws/install/my_rover_navigation/share/colcon-core/packages/my_rover_navigation)
[1.078s] DEBUG:colcon.colcon_parallel_executor.executor.parallel:closing loop
[1.078s] DEBUG:colcon.colcon_parallel_executor.executor.parallel:loop closed
[1.078s] DEBUG:colcon.colcon_parallel_executor.executor.parallel:run_until_complete finished with '0'
[1.078s] DEBUG:colcon.colcon_core.event_reactor:joining thread
[1.085s] INFO:colcon.colcon_core.plugin_system:Skipping extension 'colcon_notification.desktop_notification.terminal_notifier': Not used on non-Darwin systems
[1.085s] INFO:colcon.colcon_core.plugin_system:Skipping extension 'colcon_notification.desktop_notification.win32': Not used on non-Windows systems
[1.085s] INFO:colcon.colcon_notification.desktop_notification:Sending desktop notification using 'notify2'
[1.096s] DEBUG:colcon.colcon_core.event_reactor:joined thread
[1.097s] INFO:colcon.colcon_core.shell:Creating prefix script '/home/purujitk/203/MREN-203/ros2_ws/install/local_setup.ps1'
[1.098s] INFO:colcon.colcon_core.shell:Creating prefix util module '/home/purujitk/203/MREN-203/ros2_ws/install/_local_setup_util_ps1.py'
[1.101s] INFO:colcon.colcon_core.shell:Creating prefix chain script '/home/purujitk/203/MREN-203/ros2_ws/install/setup.ps1'
[1.103s] INFO:colcon.colcon_core.shell:Creating prefix script '/home/purujitk/203/MREN-203/ros2_ws/install/local_setup.sh'
[1.104s] INFO:colcon.colcon_core.shell:Creating prefix util module '/home/purujitk/203/MREN-203/ros2_ws/install/_local_setup_util_sh.py'
[1.105s] INFO:colcon.colcon_core.shell:Creating prefix chain script '/home/purujitk/203/MREN-203/ros2_ws/install/setup.sh'
[1.107s] INFO:colcon.colcon_core.shell:Creating prefix script '/home/purujitk/203/MREN-203/ros2_ws/install/local_setup.bash'
[1.108s] INFO:colcon.colcon_core.shell:Creating prefix chain script '/home/purujitk/203/MREN-203/ros2_ws/install/setup.bash'
[1.109s] INFO:colcon.colcon_core.shell:Creating prefix script '/home/purujitk/203/MREN-203/ros2_ws/install/local_setup.zsh'
[1.110s] INFO:colcon.colcon_core.shell:Creating prefix chain script '/home/purujitk/203/MREN-203/ros2_ws/install/setup.zsh'
