[0.012s] Invoking command in '/home/purujitk/203/MREN-203/ros2_ws/build/my_rover_bringup': CMAKE_PREFIX_PATH=${CMAKE_PREFIX_PATH}:/opt/ros/humble /usr/bin/cmake --build /home/purujitk/203/MREN-203/ros2_ws/build/my_rover_bringup -- -j16 -l16
[0.197s] Invoked command in '/home/purujitk/203/MREN-203/ros2_ws/build/my_rover_bringup' returned '0': CMAKE_PREFIX_PATH=${CMAKE_PREFIX_PATH}:/opt/ros/humble /usr/bin/cmake --build /home/purujitk/203/MREN-203/ros2_ws/build/my_rover_bringup -- -j16 -l16
[0.208s] Invoking command in '/home/purujitk/203/MREN-203/ros2_ws/build/my_rover_bringup': CMAKE_PREFIX_PATH=${CMAKE_PREFIX_PATH}:/opt/ros/humble /usr/bin/cmake --install /home/purujitk/203/MREN-203/ros2_ws/build/my_rover_bringup
[0.216s] -- Install configuration: ""
[0.217s] -- Execute custom install script
[0.217s] -- Up-to-date symlink: /home/purujitk/203/MREN-203/ros2_ws/install/my_rover_bringup/share/my_rover_bringup/launch/lidar.launch.py
[0.217s] -- Up-to-date symlink: /home/purujitk/203/MREN-203/ros2_ws/install/my_rover_bringup/share/my_rover_bringup/launch/robot_state_publisher.launch.py
[0.217s] -- Up-to-date symlink: /home/purujitk/203/MREN-203/ros2_ws/install/my_rover_bringup/share/my_rover_bringup/config/my_rover.yaml
[0.217s] -- Up-to-date symlink: /home/purujitk/203/MREN-203/ros2_ws/install/my_rover_bringup/share/ament_index/resource_index/package_run_dependencies/my_rover_bringup
[0.217s] -- Up-to-date symlink: /home/purujitk/203/MREN-203/ros2_ws/install/my_rover_bringup/share/ament_index/resource_index/parent_prefix_path/my_rover_bringup
[0.218s] -- Up-to-date symlink: /home/purujitk/203/MREN-203/ros2_ws/install/my_rover_bringup/share/my_rover_bringup/environment/ament_prefix_path.sh
[0.218s] -- Up-to-date symlink: /home/purujitk/203/MREN-203/ros2_ws/install/my_rover_bringup/share/my_rover_bringup/environment/ament_prefix_path.dsv
[0.218s] -- Up-to-date symlink: /home/purujitk/203/MREN-203/ros2_ws/install/my_rover_bringup/share/my_rover_bringup/environment/path.sh
[0.218s] -- Up-to-date symlink: /home/purujitk/203/MREN-203/ros2_ws/install/my_rover_bringup/share/my_rover_bringup/environment/path.dsv
[0.218s] -- Up-to-date symlink: /home/purujitk/203/MREN-203/ros2_ws/install/my_rover_bringup/share/my_rover_bringup/local_setup.bash
[0.218s] -- Up-to-date symlink: /home/purujitk/203/MREN-203/ros2_ws/install/my_rover_bringup/share/my_rover_bringup/local_setup.sh
[0.218s] -- Up-to-date symlink: /home/purujitk/203/MREN-203/ros2_ws/install/my_rover_bringup/share/my_rover_bringup/local_setup.zsh
[0.218s] -- Up-to-date symlink: /home/purujitk/203/MREN-203/ros2_ws/install/my_rover_bringup/share/my_rover_bringup/local_setup.dsv
[0.218s] -- Symlinking: /home/purujitk/203/MREN-203/ros2_ws/install/my_rover_bringup/share/my_rover_bringup/package.dsv
[0.228s] -- Up-to-date symlink: /home/purujitk/203/MREN-203/ros2_ws/install/my_rover_bringup/share/ament_index/resource_index/packages/my_rover_bringup
[0.228s] -- Up-to-date symlink: /home/purujitk/203/MREN-203/ros2_ws/install/my_rover_bringup/share/my_rover_bringup/cmake/my_rover_bringupConfig.cmake
[0.228s] -- Up-to-date symlink: /home/purujitk/203/MREN-203/ros2_ws/install/my_rover_bringup/share/my_rover_bringup/cmake/my_rover_bringupConfig-version.cmake
[0.228s] -- Up-to-date symlink: /home/purujitk/203/MREN-203/ros2_ws/install/my_rover_bringup/share/my_rover_bringup/package.xml
[0.231s] Invoked command in '/home/purujitk/203/MREN-203/ros2_ws/build/my_rover_bringup' returned '0': CMAKE_PREFIX_PATH=${CMAKE_PREFIX_PATH}:/opt/ros/humble /usr/bin/cmake --install /home/purujitk/203/MREN-203/ros2_ws/build/my_rover_bringup
