[0.451s] Invoking command in '/home/purujitk/203/MREN-203/ros2_ws/src/my_rover_navigation': PYTHONPATH=/home/purujitk/203/MREN-203/ros2_ws/build/my_rover_navigation/prefix_override:/usr/lib/python3/dist-packages/colcon_core/task/python/colcon_distutils_commands:/home/purujitk/203/MREN-203/ros2_ws/install/my_rover_navigation/lib/python3.10/site-packages:${PYTHONPATH} /usr/bin/python3 -W ignore:setup.py install is deprecated -W ignore:easy_install command is deprecated setup.py egg_info --egg-base ../../build/my_rover_navigation build --build-base /home/purujitk/203/MREN-203/ros2_ws/build/my_rover_navigation/build install --record /home/purujitk/203/MREN-203/ros2_ws/build/my_rover_navigation/install.log --single-version-externally-managed install_data
[0.612s] running egg_info
[0.612s] writing ../../build/my_rover_navigation/my_rover_navigation.egg-info/PKG-INFO
[0.612s] writing dependency_links to ../../build/my_rover_navigation/my_rover_navigation.egg-info/dependency_links.txt
[0.612s] writing entry points to ../../build/my_rover_navigation/my_rover_navigation.egg-info/entry_points.txt
[0.612s] writing requirements to ../../build/my_rover_navigation/my_rover_navigation.egg-info/requires.txt
[0.612s] writing top-level names to ../../build/my_rover_navigation/my_rover_navigation.egg-info/top_level.txt
[0.613s] reading manifest file '../../build/my_rover_navigation/my_rover_navigation.egg-info/SOURCES.txt'
[0.614s] writing manifest file '../../build/my_rover_navigation/my_rover_navigation.egg-info/SOURCES.txt'
[0.614s] running build
[0.614s] running build_py
[0.614s] running install
[0.614s] running install_lib
[0.615s] running install_data
[0.615s] running install_egg_info
[0.617s] removing '/home/purujitk/203/MREN-203/ros2_ws/install/my_rover_navigation/lib/python3.10/site-packages/my_rover_navigation-0.0.0-py3.10.egg-info' (and everything under it)
[0.617s] Copying ../../build/my_rover_navigation/my_rover_navigation.egg-info to /home/purujitk/203/MREN-203/ros2_ws/install/my_rover_navigation/lib/python3.10/site-packages/my_rover_navigation-0.0.0-py3.10.egg-info
[0.617s] running install_scripts
[0.634s] writing list of installed files to '/home/purujitk/203/MREN-203/ros2_ws/build/my_rover_navigation/install.log'
[0.651s] Invoked command in '/home/purujitk/203/MREN-203/ros2_ws/src/my_rover_navigation' returned '0': PYTHONPATH=/home/purujitk/203/MREN-203/ros2_ws/build/my_rover_navigation/prefix_override:/usr/lib/python3/dist-packages/colcon_core/task/python/colcon_distutils_commands:/home/purujitk/203/MREN-203/ros2_ws/install/my_rover_navigation/lib/python3.10/site-packages:${PYTHONPATH} /usr/bin/python3 -W ignore:setup.py install is deprecated -W ignore:easy_install command is deprecated setup.py egg_info --egg-base ../../build/my_rover_navigation build --build-base /home/purujitk/203/MREN-203/ros2_ws/build/my_rover_navigation/build install --record /home/purujitk/203/MREN-203/ros2_ws/build/my_rover_navigation/install.log --single-version-externally-managed install_data
