[0.001s] Invoking command in '/home/purujitk/203/MREN-203/ros2_ws/build/my_rover_bringup': AMENT_PREFIX_PATH=/home/purujitk/203/MREN-203/ros2_ws/install/rplidar_ros:${AMENT_PREFIX_PATH} CMAKE_PREFIX_PATH=/home/purujitk/203/MREN-203/ros2_ws/install/rplidar_ros:/opt/ros/humble /usr/bin/cmake /home/purujitk/203/MREN-203/ros2_ws/src/my_rover_bringup -DAMENT_CMAKE_SYMLINK_INSTALL=1 -DCMAKE_INSTALL_PREFIX=/home/purujitk/203/MREN-203/ros2_ws/install/my_rover_bringup
[0.001s] -- Found ament_cmake: 1.3.12 (/opt/ros/humble/share/ament_cmake/cmake)
[0.108s] -- Override CMake install command with custom implementation using symlinks instead of copying resources
[0.112s] -- Found ament_lint_auto: 0.12.14 (/opt/ros/humble/share/ament_lint_auto/cmake)
[0.177s] -- Added test 'flake8' to check Python code syntax and style conventions
[0.178s] -- Added test 'lint_cmake' to check CMake code style
[0.178s] -- Added test 'pep257' to check Python code against some of the docstring style conventions in PEP 257
[0.178s] -- Added test 'xmllint' to check XML markup files
[0.179s] -- Configuring done
[0.180s] -- Generating done
[0.181s] -- Build files have been written to: /home/purujitk/203/MREN-203/ros2_ws/build/my_rover_bringup
[0.183s] Invoked command in '/home/purujitk/203/MREN-203/ros2_ws/build/my_rover_bringup' returned '0': AMENT_PREFIX_PATH=/home/purujitk/203/MREN-203/ros2_ws/install/rplidar_ros:${AMENT_PREFIX_PATH} CMAKE_PREFIX_PATH=/home/purujitk/203/MREN-203/ros2_ws/install/rplidar_ros:/opt/ros/humble /usr/bin/cmake /home/purujitk/203/MREN-203/ros2_ws/src/my_rover_bringup -DAMENT_CMAKE_SYMLINK_INSTALL=1 -DCMAKE_INSTALL_PREFIX=/home/purujitk/203/MREN-203/ros2_ws/install/my_rover_bringup
[0.184s] Invoking command in '/home/purujitk/203/MREN-203/ros2_ws/build/my_rover_bringup': AMENT_PREFIX_PATH=/home/purujitk/203/MREN-203/ros2_ws/install/rplidar_ros:${AMENT_PREFIX_PATH} CMAKE_PREFIX_PATH=/home/purujitk/203/MREN-203/ros2_ws/install/rplidar_ros:/opt/ros/humble /usr/bin/cmake --build /home/purujitk/203/MREN-203/ros2_ws/build/my_rover_bringup -- -j16 -l16
[0.231s] Invoked command in '/home/purujitk/203/MREN-203/ros2_ws/build/my_rover_bringup' returned '0': AMENT_PREFIX_PATH=/home/purujitk/203/MREN-203/ros2_ws/install/rplidar_ros:${AMENT_PREFIX_PATH} CMAKE_PREFIX_PATH=/home/purujitk/203/MREN-203/ros2_ws/install/rplidar_ros:/opt/ros/humble /usr/bin/cmake --build /home/purujitk/203/MREN-203/ros2_ws/build/my_rover_bringup -- -j16 -l16
[0.234s] Invoking command in '/home/purujitk/203/MREN-203/ros2_ws/build/my_rover_bringup': AMENT_PREFIX_PATH=/home/purujitk/203/MREN-203/ros2_ws/install/rplidar_ros:${AMENT_PREFIX_PATH} CMAKE_PREFIX_PATH=/home/purujitk/203/MREN-203/ros2_ws/install/rplidar_ros:/opt/ros/humble /usr/bin/cmake --install /home/purujitk/203/MREN-203/ros2_ws/build/my_rover_bringup
[0.243s] -- Install configuration: ""
[0.244s] -- Execute custom install script
[0.244s] -- Up-to-date symlink: /home/purujitk/203/MREN-203/ros2_ws/install/my_rover_bringup/share/my_rover_bringup/launch/lidar.launch.py
[0.244s] -- Up-to-date symlink: /home/purujitk/203/MREN-203/ros2_ws/install/my_rover_bringup/share/my_rover_bringup/launch/robot_state_publisher.launch.py
[0.244s] -- Up-to-date symlink: /home/purujitk/203/MREN-203/ros2_ws/install/my_rover_bringup/share/my_rover_bringup/config/my_rover.yaml
[0.245s] -- Up-to-date symlink: /home/purujitk/203/MREN-203/ros2_ws/install/my_rover_bringup/share/ament_index/resource_index/package_run_dependencies/my_rover_bringup
[0.245s] -- Up-to-date symlink: /home/purujitk/203/MREN-203/ros2_ws/install/my_rover_bringup/share/ament_index/resource_index/parent_prefix_path/my_rover_bringup
[0.245s] -- Up-to-date symlink: /home/purujitk/203/MREN-203/ros2_ws/install/my_rover_bringup/share/my_rover_bringup/environment/ament_prefix_path.sh
[0.245s] -- Up-to-date symlink: /home/purujitk/203/MREN-203/ros2_ws/install/my_rover_bringup/share/my_rover_bringup/environment/ament_prefix_path.dsv
[0.245s] -- Up-to-date symlink: /home/purujitk/203/MREN-203/ros2_ws/install/my_rover_bringup/share/my_rover_bringup/environment/path.sh
[0.245s] -- Up-to-date symlink: /home/purujitk/203/MREN-203/ros2_ws/install/my_rover_bringup/share/my_rover_bringup/environment/path.dsv
[0.245s] -- Up-to-date symlink: /home/purujitk/203/MREN-203/ros2_ws/install/my_rover_bringup/share/my_rover_bringup/local_setup.bash
[0.245s] -- Up-to-date symlink: /home/purujitk/203/MREN-203/ros2_ws/install/my_rover_bringup/share/my_rover_bringup/local_setup.sh
[0.246s] -- Up-to-date symlink: /home/purujitk/203/MREN-203/ros2_ws/install/my_rover_bringup/share/my_rover_bringup/local_setup.zsh
[0.246s] -- Up-to-date symlink: /home/purujitk/203/MREN-203/ros2_ws/install/my_rover_bringup/share/my_rover_bringup/local_setup.dsv
[0.246s] -- Symlinking: /home/purujitk/203/MREN-203/ros2_ws/install/my_rover_bringup/share/my_rover_bringup/package.dsv
[0.255s] -- Up-to-date symlink: /home/purujitk/203/MREN-203/ros2_ws/install/my_rover_bringup/share/ament_index/resource_index/packages/my_rover_bringup
[0.255s] -- Up-to-date symlink: /home/purujitk/203/MREN-203/ros2_ws/install/my_rover_bringup/share/my_rover_bringup/cmake/my_rover_bringupConfig.cmake
[0.255s] -- Up-to-date symlink: /home/purujitk/203/MREN-203/ros2_ws/install/my_rover_bringup/share/my_rover_bringup/cmake/my_rover_bringupConfig-version.cmake
[0.256s] -- Up-to-date symlink: /home/purujitk/203/MREN-203/ros2_ws/install/my_rover_bringup/share/my_rover_bringup/package.xml
[0.259s] Invoked command in '/home/purujitk/203/MREN-203/ros2_ws/build/my_rover_bringup' returned '0': AMENT_PREFIX_PATH=/home/purujitk/203/MREN-203/ros2_ws/install/rplidar_ros:${AMENT_PREFIX_PATH} CMAKE_PREFIX_PATH=/home/purujitk/203/MREN-203/ros2_ws/install/rplidar_ros:/opt/ros/humble /usr/bin/cmake --install /home/purujitk/203/MREN-203/ros2_ws/build/my_rover_bringup
