-- Found ament_cmake: 1.3.12 (/opt/ros/humble/share/ament_cmake/cmake)
-- Override CMake install command with custom implementation using symlinks instead of copying resources
-- Found ament_lint_auto: 0.12.14 (/opt/ros/humble/share/ament_lint_auto/cmake)
-- Added test 'lint_cmake' to check CMake code style
-- Added test 'xmllint' to check XML markup files
-- Configuring done
-- Generating done
-- Build files have been written to: /home/purujitk/203/MREN-203/ros2_ws/build/my_rover_description
-- Install configuration: ""
-- Execute custom install script
-- Symlinking: /home/purujitk/203/MREN-203/ros2_ws/install/my_rover_description/share/my_rover_description/urdf/my_rover.urdf.xacro
-- Up-to-date symlink: /home/purujitk/203/MREN-203/ros2_ws/install/my_rover_description/share/ament_index/resource_index/package_run_dependencies/my_rover_description
-- Up-to-date symlink: /home/purujitk/203/MREN-203/ros2_ws/install/my_rover_description/share/ament_index/resource_index/parent_prefix_path/my_rover_description
-- Up-to-date symlink: /home/purujitk/203/MREN-203/ros2_ws/install/my_rover_description/share/my_rover_description/environment/ament_prefix_path.sh
-- Up-to-date symlink: /home/purujitk/203/MREN-203/ros2_ws/install/my_rover_description/share/my_rover_description/environment/ament_prefix_path.dsv
-- Up-to-date symlink: /home/purujitk/203/MREN-203/ros2_ws/install/my_rover_description/share/my_rover_description/environment/path.sh
-- Up-to-date symlink: /home/purujitk/203/MREN-203/ros2_ws/install/my_rover_description/share/my_rover_description/environment/path.dsv
-- Up-to-date symlink: /home/purujitk/203/MREN-203/ros2_ws/install/my_rover_description/share/my_rover_description/local_setup.bash
-- Up-to-date symlink: /home/purujitk/203/MREN-203/ros2_ws/install/my_rover_description/share/my_rover_description/local_setup.sh
-- Up-to-date symlink: /home/purujitk/203/MREN-203/ros2_ws/install/my_rover_description/share/my_rover_description/local_setup.zsh
-- Up-to-date symlink: /home/purujitk/203/MREN-203/ros2_ws/install/my_rover_description/share/my_rover_description/local_setup.dsv
-- Symlinking: /home/purujitk/203/MREN-203/ros2_ws/install/my_rover_description/share/my_rover_description/package.dsv
-- Up-to-date symlink: /home/purujitk/203/MREN-203/ros2_ws/install/my_rover_description/share/ament_index/resource_index/packages/my_rover_description
-- Up-to-date symlink: /home/purujitk/203/MREN-203/ros2_ws/install/my_rover_description/share/my_rover_description/cmake/my_rover_descriptionConfig.cmake
-- Up-to-date symlink: /home/purujitk/203/MREN-203/ros2_ws/install/my_rover_description/share/my_rover_description/cmake/my_rover_descriptionConfig-version.cmake
-- Up-to-date symlink: /home/purujitk/203/MREN-203/ros2_ws/install/my_rover_description/share/my_rover_description/package.xml
