[0.067s] DEBUG:colcon:Command line arguments: ['/usr/bin/colcon', 'build']
[0.067s] DEBUG:colcon:Parsed command line arguments: Namespace(log_base=None, log_level=None, verb_name='build', build_base='build', install_base='install', merge_install=False, symlink_install=False, test_result_base=None, continue_on_error=False, executor='parallel', parallel_workers=16, event_handlers=None, ignore_user_meta=False, metas=['./colcon.meta'], base_paths=['.'], packages_ignore=None, packages_ignore_regex=None, paths=None, packages_up_to=None, packages_up_to_regex=None, packages_above=None, packages_above_and_dependencies=None, packages_above_depth=None, packages_select_by_dep=None, packages_skip_by_dep=None, packages_skip_up_to=None, packages_select_build_failed=False, packages_skip_build_finished=False, packages_select_test_failures=False, packages_skip_test_passed=False, packages_select=None, packages_skip=None, packages_select_regex=None, packages_skip_regex=None, packages_start=None, packages_end=None, allow_overriding=[], cmake_args=None, cmake_target=None, cmake_target_skip_unavailable=False, cmake_clean_cache=False, cmake_clean_first=False, cmake_force_configure=False, ament_cmake_args=None, catkin_cmake_args=None, catkin_skip_building_tests=False, mixin_files=None, mixin=None, verb_parser=<colcon_mixin.mixin.mixin_argument.MixinArgumentDecorator object at 0x704269503640>, verb_extension=<colcon_core.verb.build.BuildVerb object at 0x7042695030d0>, main=<bound method BuildVerb.main of <colcon_core.verb.build.BuildVerb object at 0x7042695030d0>>, mixin_verb=('build',))
[0.167s] Level 1:colcon.colcon_core.package_discovery:discover_packages(colcon_meta) check parameters
[0.167s] Level 1:colcon.colcon_core.package_discovery:discover_packages(recursive) check parameters
[0.167s] Level 1:colcon.colcon_core.package_discovery:discover_packages(ignore) check parameters
[0.167s] Level 1:colcon.colcon_core.package_discovery:discover_packages(path) check parameters
[0.167s] Level 1:colcon.colcon_core.package_discovery:discover_packages(colcon_meta) discover
[0.167s] Level 1:colcon.colcon_core.package_discovery:discover_packages(recursive) discover
[0.167s] INFO:colcon.colcon_core.package_discovery:Crawling recursively for packages in '/home/purujitk/203/MREN-203/ros2_ws'
[0.167s] Level 1:colcon.colcon_core.package_identification:_identify(.) by extensions ['ignore', 'ignore_ament_install']
[0.167s] Level 1:colcon.colcon_core.package_identification:_identify(.) by extension 'ignore'
[0.167s] Level 1:colcon.colcon_core.package_identification:_identify(.) by extension 'ignore_ament_install'
[0.167s] Level 1:colcon.colcon_core.package_identification:_identify(.) by extensions ['colcon_pkg']
[0.167s] Level 1:colcon.colcon_core.package_identification:_identify(.) by extension 'colcon_pkg'
[0.167s] Level 1:colcon.colcon_core.package_identification:_identify(.) by extensions ['colcon_meta']
[0.167s] Level 1:colcon.colcon_core.package_identification:_identify(.) by extension 'colcon_meta'
[0.167s] Level 1:colcon.colcon_core.package_identification:_identify(.) by extensions ['ros']
[0.167s] Level 1:colcon.colcon_core.package_identification:_identify(.) by extension 'ros'
[0.192s] Level 1:colcon.colcon_core.package_identification:_identify(.) by extensions ['cmake', 'python']
[0.192s] Level 1:colcon.colcon_core.package_identification:_identify(.) by extension 'cmake'
[0.192s] Level 1:colcon.colcon_core.package_identification:_identify(.) by extension 'python'
[0.192s] Level 1:colcon.colcon_core.package_identification:_identify(.) by extensions ['python_setup_py']
[0.192s] Level 1:colcon.colcon_core.package_identification:_identify(.) by extension 'python_setup_py'
[0.192s] Level 1:colcon.colcon_core.package_identification:_identify(build) by extensions ['ignore', 'ignore_ament_install']
[0.192s] Level 1:colcon.colcon_core.package_identification:_identify(build) by extension 'ignore'
[0.192s] Level 1:colcon.colcon_core.package_identification:_identify(build) ignored
[0.192s] Level 1:colcon.colcon_core.package_identification:_identify(install) by extensions ['ignore', 'ignore_ament_install']
[0.192s] Level 1:colcon.colcon_core.package_identification:_identify(install) by extension 'ignore'
[0.192s] Level 1:colcon.colcon_core.package_identification:_identify(install) ignored
[0.192s] Level 1:colcon.colcon_core.package_identification:_identify(log) by extensions ['ignore', 'ignore_ament_install']
[0.192s] Level 1:colcon.colcon_core.package_identification:_identify(log) by extension 'ignore'
[0.192s] Level 1:colcon.colcon_core.package_identification:_identify(log) ignored
[0.192s] Level 1:colcon.colcon_core.package_identification:_identify(src) by extensions ['ignore', 'ignore_ament_install']
[0.192s] Level 1:colcon.colcon_core.package_identification:_identify(src) by extension 'ignore'
[0.192s] Level 1:colcon.colcon_core.package_identification:_identify(src) by extension 'ignore_ament_install'
[0.192s] Level 1:colcon.colcon_core.package_identification:_identify(src) by extensions ['colcon_pkg']
[0.192s] Level 1:colcon.colcon_core.package_identification:_identify(src) by extension 'colcon_pkg'
[0.192s] Level 1:colcon.colcon_core.package_identification:_identify(src) by extensions ['colcon_meta']
[0.192s] Level 1:colcon.colcon_core.package_identification:_identify(src) by extension 'colcon_meta'
[0.192s] Level 1:colcon.colcon_core.package_identification:_identify(src) by extensions ['ros']
[0.192s] Level 1:colcon.colcon_core.package_identification:_identify(src) by extension 'ros'
[0.192s] Level 1:colcon.colcon_core.package_identification:_identify(src) by extensions ['cmake', 'python']
[0.192s] Level 1:colcon.colcon_core.package_identification:_identify(src) by extension 'cmake'
[0.192s] Level 1:colcon.colcon_core.package_identification:_identify(src) by extension 'python'
[0.192s] Level 1:colcon.colcon_core.package_identification:_identify(src) by extensions ['python_setup_py']
[0.192s] Level 1:colcon.colcon_core.package_identification:_identify(src) by extension 'python_setup_py'
[0.193s] Level 1:colcon.colcon_core.package_identification:_identify(src/Arduino_Serial_Bridge) by extensions ['ignore', 'ignore_ament_install']
[0.193s] Level 1:colcon.colcon_core.package_identification:_identify(src/Arduino_Serial_Bridge) by extension 'ignore'
[0.193s] Level 1:colcon.colcon_core.package_identification:_identify(src/Arduino_Serial_Bridge) by extension 'ignore_ament_install'
[0.193s] Level 1:colcon.colcon_core.package_identification:_identify(src/Arduino_Serial_Bridge) by extensions ['colcon_pkg']
[0.193s] Level 1:colcon.colcon_core.package_identification:_identify(src/Arduino_Serial_Bridge) by extension 'colcon_pkg'
[0.193s] Level 1:colcon.colcon_core.package_identification:_identify(src/Arduino_Serial_Bridge) by extensions ['colcon_meta']
[0.193s] Level 1:colcon.colcon_core.package_identification:_identify(src/Arduino_Serial_Bridge) by extension 'colcon_meta'
[0.193s] Level 1:colcon.colcon_core.package_identification:_identify(src/Arduino_Serial_Bridge) by extensions ['ros']
[0.193s] Level 1:colcon.colcon_core.package_identification:_identify(src/Arduino_Serial_Bridge) by extension 'ros'
[0.193s] Level 1:colcon.colcon_core.package_identification:_identify(src/Arduino_Serial_Bridge) by extensions ['cmake', 'python']
[0.193s] Level 1:colcon.colcon_core.package_identification:_identify(src/Arduino_Serial_Bridge) by extension 'cmake'
[0.193s] Level 1:colcon.colcon_core.package_identification:_identify(src/Arduino_Serial_Bridge) by extension 'python'
[0.193s] Level 1:colcon.colcon_core.package_identification:_identify(src/Arduino_Serial_Bridge) by extensions ['python_setup_py']
[0.193s] Level 1:colcon.colcon_core.package_identification:_identify(src/Arduino_Serial_Bridge) by extension 'python_setup_py'
[0.193s] Level 1:colcon.colcon_core.package_identification:_identify(src/my_rover_bringup) by extensions ['ignore', 'ignore_ament_install']
[0.193s] Level 1:colcon.colcon_core.package_identification:_identify(src/my_rover_bringup) by extension 'ignore'
[0.193s] Level 1:colcon.colcon_core.package_identification:_identify(src/my_rover_bringup) by extension 'ignore_ament_install'
[0.193s] Level 1:colcon.colcon_core.package_identification:_identify(src/my_rover_bringup) by extensions ['colcon_pkg']
[0.193s] Level 1:colcon.colcon_core.package_identification:_identify(src/my_rover_bringup) by extension 'colcon_pkg'
[0.193s] Level 1:colcon.colcon_core.package_identification:_identify(src/my_rover_bringup) by extensions ['colcon_meta']
[0.193s] Level 1:colcon.colcon_core.package_identification:_identify(src/my_rover_bringup) by extension 'colcon_meta'
[0.193s] Level 1:colcon.colcon_core.package_identification:_identify(src/my_rover_bringup) by extensions ['ros']
[0.193s] Level 1:colcon.colcon_core.package_identification:_identify(src/my_rover_bringup) by extension 'ros'
[0.195s] DEBUG:colcon.colcon_core.package_identification:Package 'src/my_rover_bringup' with type 'ros.ament_cmake' and name 'my_rover_bringup'
[0.195s] Level 1:colcon.colcon_core.package_identification:_identify(src/my_rover_description) by extensions ['ignore', 'ignore_ament_install']
[0.195s] Level 1:colcon.colcon_core.package_identification:_identify(src/my_rover_description) by extension 'ignore'
[0.195s] Level 1:colcon.colcon_core.package_identification:_identify(src/my_rover_description) by extension 'ignore_ament_install'
[0.195s] Level 1:colcon.colcon_core.package_identification:_identify(src/my_rover_description) by extensions ['colcon_pkg']
[0.195s] Level 1:colcon.colcon_core.package_identification:_identify(src/my_rover_description) by extension 'colcon_pkg'
[0.195s] Level 1:colcon.colcon_core.package_identification:_identify(src/my_rover_description) by extensions ['colcon_meta']
[0.195s] Level 1:colcon.colcon_core.package_identification:_identify(src/my_rover_description) by extension 'colcon_meta'
[0.195s] Level 1:colcon.colcon_core.package_identification:_identify(src/my_rover_description) by extensions ['ros']
[0.195s] Level 1:colcon.colcon_core.package_identification:_identify(src/my_rover_description) by extension 'ros'
[0.196s] DEBUG:colcon.colcon_core.package_identification:Package 'src/my_rover_description' with type 'ros.ament_cmake' and name 'my_rover_description'
[0.196s] Level 1:colcon.colcon_core.package_identification:_identify(src/my_rover_navigation) by extensions ['ignore', 'ignore_ament_install']
[0.196s] Level 1:colcon.colcon_core.package_identification:_identify(src/my_rover_navigation) by extension 'ignore'
[0.196s] Level 1:colcon.colcon_core.package_identification:_identify(src/my_rover_navigation) by extension 'ignore_ament_install'
[0.196s] Level 1:colcon.colcon_core.package_identification:_identify(src/my_rover_navigation) by extensions ['colcon_pkg']
[0.196s] Level 1:colcon.colcon_core.package_identification:_identify(src/my_rover_navigation) by extension 'colcon_pkg'
[0.196s] Level 1:colcon.colcon_core.package_identification:_identify(src/my_rover_navigation) by extensions ['colcon_meta']
[0.196s] Level 1:colcon.colcon_core.package_identification:_identify(src/my_rover_navigation) by extension 'colcon_meta'
[0.196s] Level 1:colcon.colcon_core.package_identification:_identify(src/my_rover_navigation) by extensions ['ros']
[0.196s] Level 1:colcon.colcon_core.package_identification:_identify(src/my_rover_navigation) by extension 'ros'
[0.196s] DEBUG:colcon.colcon_core.package_identification:Failed to parse potential ROS package manifest in'src/my_rover_navigation': Error(s) in package 'src/my_rover_navigation/package.xml':
The manifest contains invalid XML:
mismatched tag: line 17, column 28
[0.196s] Level 1:colcon.colcon_core.package_identification:_identify(src/my_rover_navigation) by extensions ['cmake', 'python']
[0.196s] Level 1:colcon.colcon_core.package_identification:_identify(src/my_rover_navigation) by extension 'cmake'
[0.196s] Level 1:colcon.colcon_core.package_identification:_identify(src/my_rover_navigation) by extension 'python'
[0.196s] DEBUG:colcon.colcon_core.package_identification:Python package in 'src/my_rover_navigation' passes arguments to the setup() function which requires a different identification extension than 'python'
[0.196s] Level 1:colcon.colcon_core.package_identification:_identify(src/my_rover_navigation) by extensions ['python_setup_py']
[0.196s] Level 1:colcon.colcon_core.package_identification:_identify(src/my_rover_navigation) by extension 'python_setup_py'
[0.353s] DEBUG:colcon.colcon_core.package_identification:Package 'src/my_rover_navigation' with type 'python' and name 'my_rover_navigation'
[0.354s] Level 1:colcon.colcon_core.package_discovery:discover_packages(recursive) using defaults
[0.354s] Level 1:colcon.colcon_core.package_discovery:discover_packages(ignore) discover
[0.354s] Level 1:colcon.colcon_core.package_discovery:discover_packages(ignore) using defaults
[0.354s] Level 1:colcon.colcon_core.package_discovery:discover_packages(path) discover
[0.354s] Level 1:colcon.colcon_core.package_discovery:discover_packages(path) using defaults
[0.367s] Level 1:colcon.colcon_core.package_discovery:discover_packages(prefix_path) check parameters
[0.367s] Level 1:colcon.colcon_core.package_discovery:discover_packages(prefix_path) discover
[0.368s] DEBUG:colcon.colcon_installed_package_information.package_discovery:Found 0 installed packages in /home/purujitk/203/MREN-203/install
[0.369s] DEBUG:colcon.colcon_installed_package_information.package_discovery:Found 440 installed packages in /opt/ros/humble
[0.370s] Level 1:colcon.colcon_core.package_discovery:discover_packages(prefix_path) using defaults
[0.400s] Level 5:colcon.colcon_core.verb:set package 'my_rover_bringup' build argument 'cmake_args' from command line to 'None'
[0.400s] Level 5:colcon.colcon_core.verb:set package 'my_rover_bringup' build argument 'cmake_target' from command line to 'None'
[0.401s] Level 5:colcon.colcon_core.verb:set package 'my_rover_bringup' build argument 'cmake_target_skip_unavailable' from command line to 'False'
[0.401s] Level 5:colcon.colcon_core.verb:set package 'my_rover_bringup' build argument 'cmake_clean_cache' from command line to 'False'
[0.401s] Level 5:colcon.colcon_core.verb:set package 'my_rover_bringup' build argument 'cmake_clean_first' from command line to 'False'
[0.401s] Level 5:colcon.colcon_core.verb:set package 'my_rover_bringup' build argument 'cmake_force_configure' from command line to 'False'
[0.401s] Level 5:colcon.colcon_core.verb:set package 'my_rover_bringup' build argument 'ament_cmake_args' from command line to 'None'
[0.401s] Level 5:colcon.colcon_core.verb:set package 'my_rover_bringup' build argument 'catkin_cmake_args' from command line to 'None'
[0.401s] Level 5:colcon.colcon_core.verb:set package 'my_rover_bringup' build argument 'catkin_skip_building_tests' from command line to 'False'
[0.401s] DEBUG:colcon.colcon_core.verb:Building package 'my_rover_bringup' with the following arguments: {'ament_cmake_args': None, 'build_base': '/home/purujitk/203/MREN-203/ros2_ws/build/my_rover_bringup', 'catkin_cmake_args': None, 'catkin_skip_building_tests': False, 'cmake_args': None, 'cmake_clean_cache': False, 'cmake_clean_first': False, 'cmake_force_configure': False, 'cmake_target': None, 'cmake_target_skip_unavailable': False, 'install_base': '/home/purujitk/203/MREN-203/ros2_ws/install/my_rover_bringup', 'merge_install': False, 'path': '/home/purujitk/203/MREN-203/ros2_ws/src/my_rover_bringup', 'symlink_install': False, 'test_result_base': None}
[0.401s] Level 5:colcon.colcon_core.verb:set package 'my_rover_description' build argument 'cmake_args' from command line to 'None'
[0.401s] Level 5:colcon.colcon_core.verb:set package 'my_rover_description' build argument 'cmake_target' from command line to 'None'
[0.401s] Level 5:colcon.colcon_core.verb:set package 'my_rover_description' build argument 'cmake_target_skip_unavailable' from command line to 'False'
[0.401s] Level 5:colcon.colcon_core.verb:set package 'my_rover_description' build argument 'cmake_clean_cache' from command line to 'False'
[0.401s] Level 5:colcon.colcon_core.verb:set package 'my_rover_description' build argument 'cmake_clean_first' from command line to 'False'
[0.401s] Level 5:colcon.colcon_core.verb:set package 'my_rover_description' build argument 'cmake_force_configure' from command line to 'False'
[0.401s] Level 5:colcon.colcon_core.verb:set package 'my_rover_description' build argument 'ament_cmake_args' from command line to 'None'
[0.401s] Level 5:colcon.colcon_core.verb:set package 'my_rover_description' build argument 'catkin_cmake_args' from command line to 'None'
[0.401s] Level 5:colcon.colcon_core.verb:set package 'my_rover_description' build argument 'catkin_skip_building_tests' from command line to 'False'
[0.401s] DEBUG:colcon.colcon_core.verb:Building package 'my_rover_description' with the following arguments: {'ament_cmake_args': None, 'build_base': '/home/purujitk/203/MREN-203/ros2_ws/build/my_rover_description', 'catkin_cmake_args': None, 'catkin_skip_building_tests': False, 'cmake_args': None, 'cmake_clean_cache': False, 'cmake_clean_first': False, 'cmake_force_configure': False, 'cmake_target': None, 'cmake_target_skip_unavailable': False, 'install_base': '/home/purujitk/203/MREN-203/ros2_ws/install/my_rover_description', 'merge_install': False, 'path': '/home/purujitk/203/MREN-203/ros2_ws/src/my_rover_description', 'symlink_install': False, 'test_result_base': None}
[0.401s] Level 5:colcon.colcon_core.verb:set package 'my_rover_navigation' build argument 'cmake_args' from command line to 'None'
[0.401s] Level 5:colcon.colcon_core.verb:set package 'my_rover_navigation' build argument 'cmake_target' from command line to 'None'
[0.401s] Level 5:colcon.colcon_core.verb:set package 'my_rover_navigation' build argument 'cmake_target_skip_unavailable' from command line to 'False'
[0.401s] Level 5:colcon.colcon_core.verb:set package 'my_rover_navigation' build argument 'cmake_clean_cache' from command line to 'False'
[0.401s] Level 5:colcon.colcon_core.verb:set package 'my_rover_navigation' build argument 'cmake_clean_first' from command line to 'False'
[0.401s] Level 5:colcon.colcon_core.verb:set package 'my_rover_navigation' build argument 'cmake_force_configure' from command line to 'False'
[0.401s] Level 5:colcon.colcon_core.verb:set package 'my_rover_navigation' build argument 'ament_cmake_args' from command line to 'None'
[0.401s] Level 5:colcon.colcon_core.verb:set package 'my_rover_navigation' build argument 'catkin_cmake_args' from command line to 'None'
[0.401s] Level 5:colcon.colcon_core.verb:set package 'my_rover_navigation' build argument 'catkin_skip_building_tests' from command line to 'False'
[0.401s] DEBUG:colcon.colcon_core.verb:Building package 'my_rover_navigation' with the following arguments: {'ament_cmake_args': None, 'build_base': '/home/purujitk/203/MREN-203/ros2_ws/build/my_rover_navigation', 'catkin_cmake_args': None, 'catkin_skip_building_tests': False, 'cmake_args': None, 'cmake_clean_cache': False, 'cmake_clean_first': False, 'cmake_force_configure': False, 'cmake_target': None, 'cmake_target_skip_unavailable': False, 'install_base': '/home/purujitk/203/MREN-203/ros2_ws/install/my_rover_navigation', 'merge_install': False, 'path': '/home/purujitk/203/MREN-203/ros2_ws/src/my_rover_navigation', 'symlink_install': False, 'test_result_base': None}
[0.401s] INFO:colcon.colcon_core.executor:Executing jobs using 'parallel' executor
[0.402s] DEBUG:colcon.colcon_parallel_executor.executor.parallel:run_until_complete
[0.403s] INFO:colcon.colcon_ros.task.ament_cmake.build:Building ROS package in '/home/purujitk/203/MREN-203/ros2_ws/src/my_rover_bringup' with build type 'ament_cmake'
[0.403s] INFO:colcon.colcon_cmake.task.cmake.build:Building CMake package in '/home/purujitk/203/MREN-203/ros2_ws/src/my_rover_bringup'
[0.404s] INFO:colcon.colcon_core.plugin_system:Skipping extension 'colcon_core.shell.bat': Not used on non-Windows systems
[0.404s] INFO:colcon.colcon_core.shell:Skip shell extension 'powershell' for command environment: Not usable outside of PowerShell
[0.404s] DEBUG:colcon.colcon_core.shell:Skip shell extension 'dsv' for command environment
[0.406s] INFO:colcon.colcon_ros.task.ament_cmake.build:Building ROS package in '/home/purujitk/203/MREN-203/ros2_ws/src/my_rover_description' with build type 'ament_cmake'
[0.407s] INFO:colcon.colcon_cmake.task.cmake.build:Building CMake package in '/home/purujitk/203/MREN-203/ros2_ws/src/my_rover_description'
[0.407s] INFO:colcon.colcon_core.shell:Skip shell extension 'powershell' for command environment: Not usable outside of PowerShell
[0.407s] DEBUG:colcon.colcon_core.shell:Skip shell extension 'dsv' for command environment
[0.409s] INFO:colcon.colcon_core.task.python.build:Building Python package in '/home/purujitk/203/MREN-203/ros2_ws/src/my_rover_navigation'
[0.409s] INFO:colcon.colcon_core.shell:Skip shell extension 'powershell' for command environment: Not usable outside of PowerShell
[0.409s] DEBUG:colcon.colcon_core.shell:Skip shell extension 'dsv' for command environment
[0.414s] DEBUG:colcon.colcon_core.event_handler.log_command:Invoking command in '/home/purujitk/203/MREN-203/ros2_ws/build/my_rover_bringup': CMAKE_PREFIX_PATH=/opt/ros/humble /usr/bin/cmake --build /home/purujitk/203/MREN-203/ros2_ws/build/my_rover_bringup -- -j16 -l16
[0.416s] DEBUG:colcon.colcon_core.event_handler.log_command:Invoking command in '/home/purujitk/203/MREN-203/ros2_ws/build/my_rover_description': CMAKE_PREFIX_PATH=/opt/ros/humble /usr/bin/cmake --build /home/purujitk/203/MREN-203/ros2_ws/build/my_rover_description -- -j16 -l16
[0.595s] DEBUG:colcon.colcon_core.event_handler.log_command:Invoked command in '/home/purujitk/203/MREN-203/ros2_ws/build/my_rover_description' returned '0': CMAKE_PREFIX_PATH=/opt/ros/humble /usr/bin/cmake --build /home/purujitk/203/MREN-203/ros2_ws/build/my_rover_description -- -j16 -l16
[0.601s] DEBUG:colcon.colcon_core.event_handler.log_command:Invoking command in '/home/purujitk/203/MREN-203/ros2_ws/build/my_rover_description': CMAKE_PREFIX_PATH=/opt/ros/humble /usr/bin/cmake --install /home/purujitk/203/MREN-203/ros2_ws/build/my_rover_description
[0.617s] DEBUG:colcon.colcon_core.event_handler.log_command:Invoked command in '/home/purujitk/203/MREN-203/ros2_ws/build/my_rover_bringup' returned '0': CMAKE_PREFIX_PATH=/opt/ros/humble /usr/bin/cmake --build /home/purujitk/203/MREN-203/ros2_ws/build/my_rover_bringup -- -j16 -l16
[0.619s] Level 1:colcon.colcon_core.environment:create_environment_scripts_only(my_rover_description)
[0.620s] DEBUG:colcon.colcon_core.event_handler.log_command:Invoking command in '/home/purujitk/203/MREN-203/ros2_ws/build/my_rover_bringup': CMAKE_PREFIX_PATH=/opt/ros/humble /usr/bin/cmake --install /home/purujitk/203/MREN-203/ros2_ws/build/my_rover_bringup
[0.620s] DEBUG:colcon.colcon_core.event_handler.log_command:Invoked command in '/home/purujitk/203/MREN-203/ros2_ws/build/my_rover_description' returned '0': CMAKE_PREFIX_PATH=/opt/ros/humble /usr/bin/cmake --install /home/purujitk/203/MREN-203/ros2_ws/build/my_rover_description
[0.623s] Level 1:colcon.colcon_core.environment:checking '/home/purujitk/203/MREN-203/ros2_ws/install/my_rover_description' for CMake module files
[0.623s] Level 1:colcon.colcon_core.environment:checking '/home/purujitk/203/MREN-203/ros2_ws/install/my_rover_description' for CMake config files
[0.624s] Level 1:colcon.colcon_core.shell:create_environment_hook('my_rover_description', 'cmake_prefix_path')
[0.624s] INFO:colcon.colcon_core.shell:Creating environment hook '/home/purujitk/203/MREN-203/ros2_ws/install/my_rover_description/share/my_rover_description/hook/cmake_prefix_path.ps1'
[0.625s] INFO:colcon.colcon_core.shell:Creating environment descriptor '/home/purujitk/203/MREN-203/ros2_ws/install/my_rover_description/share/my_rover_description/hook/cmake_prefix_path.dsv'
[0.627s] INFO:colcon.colcon_core.shell:Creating environment hook '/home/purujitk/203/MREN-203/ros2_ws/install/my_rover_description/share/my_rover_description/hook/cmake_prefix_path.sh'
[0.628s] Level 1:colcon.colcon_core.environment:checking '/home/purujitk/203/MREN-203/ros2_ws/install/my_rover_description/bin'
[0.628s] Level 1:colcon.colcon_core.environment:checking '/home/purujitk/203/MREN-203/ros2_ws/install/my_rover_description/lib/pkgconfig/my_rover_description.pc'
[0.628s] Level 1:colcon.colcon_core.environment:checking '/home/purujitk/203/MREN-203/ros2_ws/install/my_rover_description/lib/python3.10/site-packages'
[0.629s] Level 1:colcon.colcon_core.environment:checking '/home/purujitk/203/MREN-203/ros2_ws/install/my_rover_description/bin'
[0.629s] INFO:colcon.colcon_core.shell:Creating package script '/home/purujitk/203/MREN-203/ros2_ws/install/my_rover_description/share/my_rover_description/package.ps1'
[0.630s] INFO:colcon.colcon_core.shell:Creating package descriptor '/home/purujitk/203/MREN-203/ros2_ws/install/my_rover_description/share/my_rover_description/package.dsv'
[0.631s] INFO:colcon.colcon_core.shell:Creating package script '/home/purujitk/203/MREN-203/ros2_ws/install/my_rover_description/share/my_rover_description/package.sh'
[0.632s] INFO:colcon.colcon_core.shell:Creating package script '/home/purujitk/203/MREN-203/ros2_ws/install/my_rover_description/share/my_rover_description/package.bash'
[0.633s] INFO:colcon.colcon_core.shell:Creating package script '/home/purujitk/203/MREN-203/ros2_ws/install/my_rover_description/share/my_rover_description/package.zsh'
[0.634s] Level 1:colcon.colcon_core.environment:create_file_with_runtime_dependencies(/home/purujitk/203/MREN-203/ros2_ws/install/my_rover_description/share/colcon-core/packages/my_rover_description)
[0.635s] Level 1:colcon.colcon_core.environment:create_environment_scripts_only(my_rover_description)
[0.636s] Level 1:colcon.colcon_core.environment:checking '/home/purujitk/203/MREN-203/ros2_ws/install/my_rover_description' for CMake module files
[0.637s] Level 1:colcon.colcon_core.environment:checking '/home/purujitk/203/MREN-203/ros2_ws/install/my_rover_description' for CMake config files
[0.637s] Level 1:colcon.colcon_core.shell:create_environment_hook('my_rover_description', 'cmake_prefix_path')
[0.637s] INFO:colcon.colcon_core.shell:Creating environment hook '/home/purujitk/203/MREN-203/ros2_ws/install/my_rover_description/share/my_rover_description/hook/cmake_prefix_path.ps1'
[0.638s] INFO:colcon.colcon_core.shell:Creating environment descriptor '/home/purujitk/203/MREN-203/ros2_ws/install/my_rover_description/share/my_rover_description/hook/cmake_prefix_path.dsv'
[0.638s] INFO:colcon.colcon_core.shell:Creating environment hook '/home/purujitk/203/MREN-203/ros2_ws/install/my_rover_description/share/my_rover_description/hook/cmake_prefix_path.sh'
[0.639s] Level 1:colcon.colcon_core.environment:checking '/home/purujitk/203/MREN-203/ros2_ws/install/my_rover_description/bin'
[0.639s] Level 1:colcon.colcon_core.environment:checking '/home/purujitk/203/MREN-203/ros2_ws/install/my_rover_description/lib/pkgconfig/my_rover_description.pc'
[0.639s] Level 1:colcon.colcon_core.environment:checking '/home/purujitk/203/MREN-203/ros2_ws/install/my_rover_description/lib/python3.10/site-packages'
[0.639s] Level 1:colcon.colcon_core.environment:checking '/home/purujitk/203/MREN-203/ros2_ws/install/my_rover_description/bin'
[0.639s] INFO:colcon.colcon_core.shell:Creating package script '/home/purujitk/203/MREN-203/ros2_ws/install/my_rover_description/share/my_rover_description/package.ps1'
[0.640s] INFO:colcon.colcon_core.shell:Creating package descriptor '/home/purujitk/203/MREN-203/ros2_ws/install/my_rover_description/share/my_rover_description/package.dsv'
[0.640s] INFO:colcon.colcon_core.shell:Creating package script '/home/purujitk/203/MREN-203/ros2_ws/install/my_rover_description/share/my_rover_description/package.sh'
[0.640s] INFO:colcon.colcon_core.shell:Creating package script '/home/purujitk/203/MREN-203/ros2_ws/install/my_rover_description/share/my_rover_description/package.bash'
[0.641s] INFO:colcon.colcon_core.shell:Creating package script '/home/purujitk/203/MREN-203/ros2_ws/install/my_rover_description/share/my_rover_description/package.zsh'
[0.641s] Level 1:colcon.colcon_core.environment:create_file_with_runtime_dependencies(/home/purujitk/203/MREN-203/ros2_ws/install/my_rover_description/share/colcon-core/packages/my_rover_description)
[0.642s] Level 1:colcon.colcon_core.environment:create_environment_scripts_only(my_rover_bringup)
[0.642s] Level 1:colcon.colcon_core.environment:checking '/home/purujitk/203/MREN-203/ros2_ws/install/my_rover_bringup' for CMake module files
[0.643s] DEBUG:colcon.colcon_core.event_handler.log_command:Invoked command in '/home/purujitk/203/MREN-203/ros2_ws/build/my_rover_bringup' returned '0': CMAKE_PREFIX_PATH=/opt/ros/humble /usr/bin/cmake --install /home/purujitk/203/MREN-203/ros2_ws/build/my_rover_bringup
[0.643s] Level 1:colcon.colcon_core.environment:checking '/home/purujitk/203/MREN-203/ros2_ws/install/my_rover_bringup' for CMake config files
[0.643s] Level 1:colcon.colcon_core.shell:create_environment_hook('my_rover_bringup', 'cmake_prefix_path')
[0.643s] INFO:colcon.colcon_core.shell:Creating environment hook '/home/purujitk/203/MREN-203/ros2_ws/install/my_rover_bringup/share/my_rover_bringup/hook/cmake_prefix_path.ps1'
[0.644s] INFO:colcon.colcon_core.shell:Creating environment descriptor '/home/purujitk/203/MREN-203/ros2_ws/install/my_rover_bringup/share/my_rover_bringup/hook/cmake_prefix_path.dsv'
[0.644s] INFO:colcon.colcon_core.shell:Creating environment hook '/home/purujitk/203/MREN-203/ros2_ws/install/my_rover_bringup/share/my_rover_bringup/hook/cmake_prefix_path.sh'
[0.645s] Level 1:colcon.colcon_core.environment:checking '/home/purujitk/203/MREN-203/ros2_ws/install/my_rover_bringup/bin'
[0.645s] Level 1:colcon.colcon_core.environment:checking '/home/purujitk/203/MREN-203/ros2_ws/install/my_rover_bringup/lib/pkgconfig/my_rover_bringup.pc'
[0.645s] Level 1:colcon.colcon_core.environment:checking '/home/purujitk/203/MREN-203/ros2_ws/install/my_rover_bringup/lib/python3.10/site-packages'
[0.645s] Level 1:colcon.colcon_core.environment:checking '/home/purujitk/203/MREN-203/ros2_ws/install/my_rover_bringup/bin'
[0.645s] INFO:colcon.colcon_core.shell:Creating package script '/home/purujitk/203/MREN-203/ros2_ws/install/my_rover_bringup/share/my_rover_bringup/package.ps1'
[0.646s] INFO:colcon.colcon_core.shell:Creating package descriptor '/home/purujitk/203/MREN-203/ros2_ws/install/my_rover_bringup/share/my_rover_bringup/package.dsv'
[0.646s] INFO:colcon.colcon_core.shell:Creating package script '/home/purujitk/203/MREN-203/ros2_ws/install/my_rover_bringup/share/my_rover_bringup/package.sh'
[0.647s] INFO:colcon.colcon_core.shell:Creating package script '/home/purujitk/203/MREN-203/ros2_ws/install/my_rover_bringup/share/my_rover_bringup/package.bash'
[0.647s] INFO:colcon.colcon_core.shell:Creating package script '/home/purujitk/203/MREN-203/ros2_ws/install/my_rover_bringup/share/my_rover_bringup/package.zsh'
[0.647s] Level 1:colcon.colcon_core.environment:create_file_with_runtime_dependencies(/home/purujitk/203/MREN-203/ros2_ws/install/my_rover_bringup/share/colcon-core/packages/my_rover_bringup)
[0.648s] Level 1:colcon.colcon_core.environment:create_environment_scripts_only(my_rover_bringup)
[0.648s] Level 1:colcon.colcon_core.environment:checking '/home/purujitk/203/MREN-203/ros2_ws/install/my_rover_bringup' for CMake module files
[0.648s] Level 1:colcon.colcon_core.environment:checking '/home/purujitk/203/MREN-203/ros2_ws/install/my_rover_bringup' for CMake config files
[0.648s] Level 1:colcon.colcon_core.shell:create_environment_hook('my_rover_bringup', 'cmake_prefix_path')
[0.649s] INFO:colcon.colcon_core.shell:Creating environment hook '/home/purujitk/203/MREN-203/ros2_ws/install/my_rover_bringup/share/my_rover_bringup/hook/cmake_prefix_path.ps1'
[0.649s] INFO:colcon.colcon_core.shell:Creating environment descriptor '/home/purujitk/203/MREN-203/ros2_ws/install/my_rover_bringup/share/my_rover_bringup/hook/cmake_prefix_path.dsv'
[0.649s] INFO:colcon.colcon_core.shell:Creating environment hook '/home/purujitk/203/MREN-203/ros2_ws/install/my_rover_bringup/share/my_rover_bringup/hook/cmake_prefix_path.sh'
[0.649s] Level 1:colcon.colcon_core.environment:checking '/home/purujitk/203/MREN-203/ros2_ws/install/my_rover_bringup/bin'
[0.649s] Level 1:colcon.colcon_core.environment:checking '/home/purujitk/203/MREN-203/ros2_ws/install/my_rover_bringup/lib/pkgconfig/my_rover_bringup.pc'
[0.650s] Level 1:colcon.colcon_core.environment:checking '/home/purujitk/203/MREN-203/ros2_ws/install/my_rover_bringup/lib/python3.10/site-packages'
[0.650s] Level 1:colcon.colcon_core.environment:checking '/home/purujitk/203/MREN-203/ros2_ws/install/my_rover_bringup/bin'
[0.650s] INFO:colcon.colcon_core.shell:Creating package script '/home/purujitk/203/MREN-203/ros2_ws/install/my_rover_bringup/share/my_rover_bringup/package.ps1'
[0.650s] INFO:colcon.colcon_core.shell:Creating package descriptor '/home/purujitk/203/MREN-203/ros2_ws/install/my_rover_bringup/share/my_rover_bringup/package.dsv'
[0.651s] INFO:colcon.colcon_core.shell:Creating package script '/home/purujitk/203/MREN-203/ros2_ws/install/my_rover_bringup/share/my_rover_bringup/package.sh'
[0.651s] INFO:colcon.colcon_core.shell:Creating package script '/home/purujitk/203/MREN-203/ros2_ws/install/my_rover_bringup/share/my_rover_bringup/package.bash'
[0.651s] INFO:colcon.colcon_core.shell:Creating package script '/home/purujitk/203/MREN-203/ros2_ws/install/my_rover_bringup/share/my_rover_bringup/package.zsh'
[0.651s] Level 1:colcon.colcon_core.environment:create_file_with_runtime_dependencies(/home/purujitk/203/MREN-203/ros2_ws/install/my_rover_bringup/share/colcon-core/packages/my_rover_bringup)
[0.825s] DEBUG:colcon.colcon_core.event_handler.log_command:Invoking command in '/home/purujitk/203/MREN-203/ros2_ws/build/my_rover_navigation': PYTHONPATH=/home/purujitk/203/MREN-203/ros2_ws/build/my_rover_navigation/prefix_override:/usr/lib/python3/dist-packages/colcon_core/task/python/colcon_distutils_commands:/home/purujitk/203/MREN-203/ros2_ws/install/my_rover_navigation/lib/python3.10/site-packages:${PYTHONPATH} /usr/bin/python3 -W ignore:setup.py install is deprecated -W ignore:easy_install command is deprecated setup.py develop --uninstall --editable --build-directory /home/purujitk/203/MREN-203/ros2_ws/build/my_rover_navigation/build
[1.104s] DEBUG:colcon.colcon_core.event_handler.log_command:Invoked command in '/home/purujitk/203/MREN-203/ros2_ws/build/my_rover_navigation' returned '0': PYTHONPATH=/home/purujitk/203/MREN-203/ros2_ws/build/my_rover_navigation/prefix_override:/usr/lib/python3/dist-packages/colcon_core/task/python/colcon_distutils_commands:/home/purujitk/203/MREN-203/ros2_ws/install/my_rover_navigation/lib/python3.10/site-packages:${PYTHONPATH} /usr/bin/python3 -W ignore:setup.py install is deprecated -W ignore:easy_install command is deprecated setup.py develop --uninstall --editable --build-directory /home/purujitk/203/MREN-203/ros2_ws/build/my_rover_navigation/build
[1.106s] DEBUG:colcon.colcon_core.event_handler.log_command:Invoking command in '/home/purujitk/203/MREN-203/ros2_ws/src/my_rover_navigation': PYTHONPATH=/home/purujitk/203/MREN-203/ros2_ws/build/my_rover_navigation/prefix_override:/usr/lib/python3/dist-packages/colcon_core/task/python/colcon_distutils_commands:/home/purujitk/203/MREN-203/ros2_ws/install/my_rover_navigation/lib/python3.10/site-packages:${PYTHONPATH} /usr/bin/python3 -W ignore:setup.py install is deprecated -W ignore:easy_install command is deprecated setup.py egg_info --egg-base ../../build/my_rover_navigation build --build-base /home/purujitk/203/MREN-203/ros2_ws/build/my_rover_navigation/build install --record /home/purujitk/203/MREN-203/ros2_ws/build/my_rover_navigation/install.log --single-version-externally-managed install_data --force
[1.295s] Level 1:colcon.colcon_core.environment:checking '/home/purujitk/203/MREN-203/ros2_ws/install/my_rover_navigation' for CMake module files
[1.295s] DEBUG:colcon.colcon_core.event_handler.log_command:Invoked command in '/home/purujitk/203/MREN-203/ros2_ws/src/my_rover_navigation' returned '0': PYTHONPATH=/home/purujitk/203/MREN-203/ros2_ws/build/my_rover_navigation/prefix_override:/usr/lib/python3/dist-packages/colcon_core/task/python/colcon_distutils_commands:/home/purujitk/203/MREN-203/ros2_ws/install/my_rover_navigation/lib/python3.10/site-packages:${PYTHONPATH} /usr/bin/python3 -W ignore:setup.py install is deprecated -W ignore:easy_install command is deprecated setup.py egg_info --egg-base ../../build/my_rover_navigation build --build-base /home/purujitk/203/MREN-203/ros2_ws/build/my_rover_navigation/build install --record /home/purujitk/203/MREN-203/ros2_ws/build/my_rover_navigation/install.log --single-version-externally-managed install_data --force
[1.295s] Level 1:colcon.colcon_core.environment:checking '/home/purujitk/203/MREN-203/ros2_ws/install/my_rover_navigation' for CMake config files
[1.296s] Level 1:colcon.colcon_core.environment:checking '/home/purujitk/203/MREN-203/ros2_ws/install/my_rover_navigation/lib'
[1.296s] Level 1:colcon.colcon_core.environment:checking '/home/purujitk/203/MREN-203/ros2_ws/install/my_rover_navigation/bin'
[1.296s] Level 1:colcon.colcon_core.environment:checking '/home/purujitk/203/MREN-203/ros2_ws/install/my_rover_navigation/lib/pkgconfig/my_rover_navigation.pc'
[1.296s] Level 1:colcon.colcon_core.environment:checking '/home/purujitk/203/MREN-203/ros2_ws/install/my_rover_navigation/lib/python3.10/site-packages'
[1.296s] Level 1:colcon.colcon_core.shell:create_environment_hook('my_rover_navigation', 'pythonpath')
[1.296s] INFO:colcon.colcon_core.shell:Creating environment hook '/home/purujitk/203/MREN-203/ros2_ws/install/my_rover_navigation/share/my_rover_navigation/hook/pythonpath.ps1'
[1.296s] INFO:colcon.colcon_core.shell:Creating environment descriptor '/home/purujitk/203/MREN-203/ros2_ws/install/my_rover_navigation/share/my_rover_navigation/hook/pythonpath.dsv'
[1.297s] INFO:colcon.colcon_core.shell:Creating environment hook '/home/purujitk/203/MREN-203/ros2_ws/install/my_rover_navigation/share/my_rover_navigation/hook/pythonpath.sh'
[1.297s] Level 1:colcon.colcon_core.environment:checking '/home/purujitk/203/MREN-203/ros2_ws/install/my_rover_navigation/bin'
[1.297s] Level 1:colcon.colcon_core.environment:create_environment_scripts_only(my_rover_navigation)
[1.297s] INFO:colcon.colcon_core.shell:Creating package script '/home/purujitk/203/MREN-203/ros2_ws/install/my_rover_navigation/share/my_rover_navigation/package.ps1'
[1.297s] INFO:colcon.colcon_core.shell:Creating package descriptor '/home/purujitk/203/MREN-203/ros2_ws/install/my_rover_navigation/share/my_rover_navigation/package.dsv'
[1.298s] INFO:colcon.colcon_core.shell:Creating package script '/home/purujitk/203/MREN-203/ros2_ws/install/my_rover_navigation/share/my_rover_navigation/package.sh'
[1.298s] INFO:colcon.colcon_core.shell:Creating package script '/home/purujitk/203/MREN-203/ros2_ws/install/my_rover_navigation/share/my_rover_navigation/package.bash'
[1.298s] INFO:colcon.colcon_core.shell:Creating package script '/home/purujitk/203/MREN-203/ros2_ws/install/my_rover_navigation/share/my_rover_navigation/package.zsh'
[1.298s] Level 1:colcon.colcon_core.environment:create_file_with_runtime_dependencies(/home/purujitk/203/MREN-203/ros2_ws/install/my_rover_navigation/share/colcon-core/packages/my_rover_navigation)
[1.298s] DEBUG:colcon.colcon_parallel_executor.executor.parallel:closing loop
[1.299s] DEBUG:colcon.colcon_parallel_executor.executor.parallel:loop closed
[1.299s] DEBUG:colcon.colcon_parallel_executor.executor.parallel:run_until_complete finished with '0'
[1.299s] DEBUG:colcon.colcon_core.event_reactor:joining thread
[1.304s] INFO:colcon.colcon_core.plugin_system:Skipping extension 'colcon_notification.desktop_notification.terminal_notifier': Not used on non-Darwin systems
[1.304s] INFO:colcon.colcon_core.plugin_system:Skipping extension 'colcon_notification.desktop_notification.win32': Not used on non-Windows systems
[1.305s] INFO:colcon.colcon_notification.desktop_notification:Sending desktop notification using 'notify2'
[1.309s] DEBUG:colcon.colcon_core.event_reactor:joined thread
[1.310s] INFO:colcon.colcon_core.shell:Creating prefix script '/home/purujitk/203/MREN-203/ros2_ws/install/local_setup.ps1'
[1.310s] INFO:colcon.colcon_core.shell:Creating prefix util module '/home/purujitk/203/MREN-203/ros2_ws/install/_local_setup_util_ps1.py'
[1.311s] INFO:colcon.colcon_core.shell:Creating prefix chain script '/home/purujitk/203/MREN-203/ros2_ws/install/setup.ps1'
[1.312s] INFO:colcon.colcon_core.shell:Creating prefix script '/home/purujitk/203/MREN-203/ros2_ws/install/local_setup.sh'
[1.312s] INFO:colcon.colcon_core.shell:Creating prefix util module '/home/purujitk/203/MREN-203/ros2_ws/install/_local_setup_util_sh.py'
[1.313s] INFO:colcon.colcon_core.shell:Creating prefix chain script '/home/purujitk/203/MREN-203/ros2_ws/install/setup.sh'
[1.314s] INFO:colcon.colcon_core.shell:Creating prefix script '/home/purujitk/203/MREN-203/ros2_ws/install/local_setup.bash'
[1.314s] INFO:colcon.colcon_core.shell:Creating prefix chain script '/home/purujitk/203/MREN-203/ros2_ws/install/setup.bash'
[1.314s] INFO:colcon.colcon_core.shell:Creating prefix script '/home/purujitk/203/MREN-203/ros2_ws/install/local_setup.zsh'
[1.315s] INFO:colcon.colcon_core.shell:Creating prefix chain script '/home/purujitk/203/MREN-203/ros2_ws/install/setup.zsh'
