[0.011s] Invoking command in '/home/purujitk/203/MREN-203/ros2_ws/build/my_rover_bringup': CMAKE_PREFIX_PATH=/opt/ros/humble /usr/bin/cmake --build /home/purujitk/203/MREN-203/ros2_ws/build/my_rover_bringup -- -j16 -l16
[0.030s] -- Found ament_cmake: 1.3.12 (/opt/ros/humble/share/ament_cmake/cmake)
[0.119s] -- Override CMake install command with custom implementation using symlinks instead of copying resources
[0.124s] -- Found ament_lint_auto: 0.12.14 (/opt/ros/humble/share/ament_lint_auto/cmake)
[0.192s] -- Added test 'flake8' to check Python code syntax and style conventions
[0.192s] -- Added test 'lint_cmake' to check CMake code style
[0.192s] -- Added test 'pep257' to check Python code against some of the docstring style conventions in PEP 257
[0.192s] -- Added test 'xmllint' to check XML markup files
[0.193s] -- Configuring done
[0.195s] -- Generating done
[0.195s] -- Build files have been written to: /home/purujitk/203/MREN-203/ros2_ws/build/my_rover_bringup
[0.214s] Invoked command in '/home/purujitk/203/MREN-203/ros2_ws/build/my_rover_bringup' returned '0': CMAKE_PREFIX_PATH=/opt/ros/humble /usr/bin/cmake --build /home/purujitk/203/MREN-203/ros2_ws/build/my_rover_bringup -- -j16 -l16
[0.217s] Invoking command in '/home/purujitk/203/MREN-203/ros2_ws/build/my_rover_bringup': CMAKE_PREFIX_PATH=/opt/ros/humble /usr/bin/cmake --install /home/purujitk/203/MREN-203/ros2_ws/build/my_rover_bringup
[0.221s] -- Install configuration: ""
[0.222s] -- Execute custom install script
[0.222s] -- Up-to-date symlink: /home/purujitk/203/MREN-203/ros2_ws/install/my_rover_bringup/share/my_rover_bringup/launch/lidar.launch.py
[0.222s] -- Up-to-date symlink: /home/purujitk/203/MREN-203/ros2_ws/install/my_rover_bringup/share/my_rover_bringup/launch/robot_state_publisher.launch.py
[0.222s] -- Up-to-date symlink: /home/purujitk/203/MREN-203/ros2_ws/install/my_rover_bringup/share/my_rover_bringup/config/my_rover.yaml
[0.222s] -- Up-to-date symlink: /home/purujitk/203/MREN-203/ros2_ws/install/my_rover_bringup/share/ament_index/resource_index/package_run_dependencies/my_rover_bringup
[0.223s] -- Up-to-date symlink: /home/purujitk/203/MREN-203/ros2_ws/install/my_rover_bringup/share/ament_index/resource_index/parent_prefix_path/my_rover_bringup
[0.223s] -- Up-to-date symlink: /home/purujitk/203/MREN-203/ros2_ws/install/my_rover_bringup/share/my_rover_bringup/environment/ament_prefix_path.sh
[0.223s] -- Up-to-date symlink: /home/purujitk/203/MREN-203/ros2_ws/install/my_rover_bringup/share/my_rover_bringup/environment/ament_prefix_path.dsv
[0.223s] -- Up-to-date symlink: /home/purujitk/203/MREN-203/ros2_ws/install/my_rover_bringup/share/my_rover_bringup/environment/path.sh
[0.223s] -- Up-to-date symlink: /home/purujitk/203/MREN-203/ros2_ws/install/my_rover_bringup/share/my_rover_bringup/environment/path.dsv
[0.224s] -- Up-to-date symlink: /home/purujitk/203/MREN-203/ros2_ws/install/my_rover_bringup/share/my_rover_bringup/local_setup.bash
[0.224s] -- Up-to-date symlink: /home/purujitk/203/MREN-203/ros2_ws/install/my_rover_bringup/share/my_rover_bringup/local_setup.sh
[0.224s] -- Up-to-date symlink: /home/purujitk/203/MREN-203/ros2_ws/install/my_rover_bringup/share/my_rover_bringup/local_setup.zsh
[0.224s] -- Up-to-date symlink: /home/purujitk/203/MREN-203/ros2_ws/install/my_rover_bringup/share/my_rover_bringup/local_setup.dsv
[0.224s] -- Symlinking: /home/purujitk/203/MREN-203/ros2_ws/install/my_rover_bringup/share/my_rover_bringup/package.dsv
[0.232s] -- Up-to-date symlink: /home/purujitk/203/MREN-203/ros2_ws/install/my_rover_bringup/share/ament_index/resource_index/packages/my_rover_bringup
[0.232s] -- Up-to-date symlink: /home/purujitk/203/MREN-203/ros2_ws/install/my_rover_bringup/share/my_rover_bringup/cmake/my_rover_bringupConfig.cmake
[0.233s] -- Up-to-date symlink: /home/purujitk/203/MREN-203/ros2_ws/install/my_rover_bringup/share/my_rover_bringup/cmake/my_rover_bringupConfig-version.cmake
[0.234s] -- Up-to-date symlink: /home/purujitk/203/MREN-203/ros2_ws/install/my_rover_bringup/share/my_rover_bringup/package.xml
[0.240s] Invoked command in '/home/purujitk/203/MREN-203/ros2_ws/build/my_rover_bringup' returned '0': CMAKE_PREFIX_PATH=/opt/ros/humble /usr/bin/cmake --install /home/purujitk/203/MREN-203/ros2_ws/build/my_rover_bringup
