[0.011s] Invoking command in '/home/purujitk/203/MREN-203/ros2_ws/build/my_rover_description': CMAKE_PREFIX_PATH=/opt/ros/humble /usr/bin/cmake --build /home/purujitk/203/MREN-203/ros2_ws/build/my_rover_description -- -j16 -l16
[0.218s] Invoked command in '/home/purujitk/203/MREN-203/ros2_ws/build/my_rover_description' returned '0': CMAKE_PREFIX_PATH=/opt/ros/humble /usr/bin/cmake --build /home/purujitk/203/MREN-203/ros2_ws/build/my_rover_description -- -j16 -l16
[0.226s] Invoking command in '/home/purujitk/203/MREN-203/ros2_ws/build/my_rover_description': CMAKE_PREFIX_PATH=/opt/ros/humble /usr/bin/cmake --install /home/purujitk/203/MREN-203/ros2_ws/build/my_rover_description
[0.242s] -- Install configuration: ""
[0.242s] -- Execute custom install script
[0.243s] -- Up-to-date symlink: /home/purujitk/203/MREN-203/ros2_ws/install/my_rover_description/share/my_rover_description/urdf/my_rover.urdf.xacro
[0.243s] -- Up-to-date symlink: /home/purujitk/203/MREN-203/ros2_ws/install/my_rover_description/share/ament_index/resource_index/package_run_dependencies/my_rover_description
[0.243s] -- Up-to-date symlink: /home/purujitk/203/MREN-203/ros2_ws/install/my_rover_description/share/ament_index/resource_index/parent_prefix_path/my_rover_description
[0.243s] -- Up-to-date symlink: /home/purujitk/203/MREN-203/ros2_ws/install/my_rover_description/share/my_rover_description/environment/ament_prefix_path.sh
[0.243s] -- Up-to-date symlink: /home/purujitk/203/MREN-203/ros2_ws/install/my_rover_description/share/my_rover_description/environment/ament_prefix_path.dsv
[0.244s] -- Up-to-date symlink: /home/purujitk/203/MREN-203/ros2_ws/install/my_rover_description/share/my_rover_description/environment/path.sh
[0.244s] -- Up-to-date symlink: /home/purujitk/203/MREN-203/ros2_ws/install/my_rover_description/share/my_rover_description/environment/path.dsv
[0.244s] -- Up-to-date symlink: /home/purujitk/203/MREN-203/ros2_ws/install/my_rover_description/share/my_rover_description/local_setup.bash
[0.244s] -- Up-to-date symlink: /home/purujitk/203/MREN-203/ros2_ws/install/my_rover_description/share/my_rover_description/local_setup.sh
[0.244s] -- Up-to-date symlink: /home/purujitk/203/MREN-203/ros2_ws/install/my_rover_description/share/my_rover_description/local_setup.zsh
[0.244s] -- Up-to-date symlink: /home/purujitk/203/MREN-203/ros2_ws/install/my_rover_description/share/my_rover_description/local_setup.dsv
[0.244s] -- Symlinking: /home/purujitk/203/MREN-203/ros2_ws/install/my_rover_description/share/my_rover_description/package.dsv
[0.260s] -- Up-to-date symlink: /home/purujitk/203/MREN-203/ros2_ws/install/my_rover_description/share/ament_index/resource_index/packages/my_rover_description
[0.261s] -- Up-to-date symlink: /home/purujitk/203/MREN-203/ros2_ws/install/my_rover_description/share/my_rover_description/cmake/my_rover_descriptionConfig.cmake
[0.261s] -- Up-to-date symlink: /home/purujitk/203/MREN-203/ros2_ws/install/my_rover_description/share/my_rover_description/cmake/my_rover_descriptionConfig-version.cmake
[0.262s] -- Up-to-date symlink: /home/purujitk/203/MREN-203/ros2_ws/install/my_rover_description/share/my_rover_description/package.xml
[0.270s] Invoked command in '/home/purujitk/203/MREN-203/ros2_ws/build/my_rover_description' returned '0': CMAKE_PREFIX_PATH=/opt/ros/humble /usr/bin/cmake --install /home/purujitk/203/MREN-203/ros2_ws/build/my_rover_description
