[0.011s] Invoking command in '/home/purujitk/203/MREN-203/ros2_ws/build/rplidar_ros': CMAKE_PREFIX_PATH=/opt/ros/humble /usr/bin/cmake --build /home/purujitk/203/MREN-203/ros2_ws/build/rplidar_ros -- -j16 -l16
[0.050s] [35m[1mConsolidate compiler generated dependencies of target rplidar_client[0m
[0.054s] [35m[1mConsolidate compiler generated dependencies of target rplidar_composition[0m
[0.056s] [35m[1mConsolidate compiler generated dependencies of target rplidar_node[0m
[0.064s] [  5%] Built target rplidar_client
[0.078s] [ 52%] Built target rplidar_composition
[0.084s] [100%] Built target rplidar_node
[0.217s] Invoked command in '/home/purujitk/203/MREN-203/ros2_ws/build/rplidar_ros' returned '0': CMAKE_PREFIX_PATH=/opt/ros/humble /usr/bin/cmake --build /home/purujitk/203/MREN-203/ros2_ws/build/rplidar_ros -- -j16 -l16
[0.224s] Invoking command in '/home/purujitk/203/MREN-203/ros2_ws/build/rplidar_ros': CMAKE_PREFIX_PATH=/opt/ros/humble /usr/bin/cmake --install /home/purujitk/203/MREN-203/ros2_ws/build/rplidar_ros
[0.233s] -- Install configuration: ""
[0.233s] -- Execute custom install script
[0.234s] -- Up-to-date symlink: /home/purujitk/203/MREN-203/ros2_ws/install/rplidar_ros/share/rplidar_ros/launch/rplidar_a1_launch.py
[0.234s] -- Up-to-date symlink: /home/purujitk/203/MREN-203/ros2_ws/install/rplidar_ros/share/rplidar_ros/launch/rplidar_a2m12_launch.py
[0.234s] -- Up-to-date symlink: /home/purujitk/203/MREN-203/ros2_ws/install/rplidar_ros/share/rplidar_ros/launch/rplidar_a2m7_launch.py
[0.234s] -- Up-to-date symlink: /home/purujitk/203/MREN-203/ros2_ws/install/rplidar_ros/share/rplidar_ros/launch/rplidar_a2m8_launch.py
[0.235s] -- Up-to-date symlink: /home/purujitk/203/MREN-203/ros2_ws/install/rplidar_ros/share/rplidar_ros/launch/rplidar_a3_launch.py
[0.235s] -- Up-to-date symlink: /home/purujitk/203/MREN-203/ros2_ws/install/rplidar_ros/share/rplidar_ros/launch/rplidar_c1_launch.py
[0.235s] -- Up-to-date symlink: /home/purujitk/203/MREN-203/ros2_ws/install/rplidar_ros/share/rplidar_ros/launch/rplidar_s1_launch.py
[0.235s] -- Up-to-date symlink: /home/purujitk/203/MREN-203/ros2_ws/install/rplidar_ros/share/rplidar_ros/launch/rplidar_s1_tcp_launch.py
[0.235s] -- Up-to-date symlink: /home/purujitk/203/MREN-203/ros2_ws/install/rplidar_ros/share/rplidar_ros/launch/rplidar_s2_launch.py
[0.235s] -- Up-to-date symlink: /home/purujitk/203/MREN-203/ros2_ws/install/rplidar_ros/share/rplidar_ros/launch/rplidar_s2e_launch.py
[0.235s] -- Up-to-date symlink: /home/purujitk/203/MREN-203/ros2_ws/install/rplidar_ros/share/rplidar_ros/launch/rplidar_s3_launch.py
[0.235s] -- Up-to-date symlink: /home/purujitk/203/MREN-203/ros2_ws/install/rplidar_ros/share/rplidar_ros/launch/rplidar_t1_launch.py
[0.235s] -- Up-to-date symlink: /home/purujitk/203/MREN-203/ros2_ws/install/rplidar_ros/share/rplidar_ros/launch/view_rplidar_a1_launch.py
[0.235s] -- Up-to-date symlink: /home/purujitk/203/MREN-203/ros2_ws/install/rplidar_ros/share/rplidar_ros/launch/view_rplidar_a2m12_launch.py
[0.236s] -- Up-to-date symlink: /home/purujitk/203/MREN-203/ros2_ws/install/rplidar_ros/share/rplidar_ros/launch/view_rplidar_a2m7_launch.py
[0.236s] -- Up-to-date symlink: /home/purujitk/203/MREN-203/ros2_ws/install/rplidar_ros/share/rplidar_ros/launch/view_rplidar_a2m8_launch.py
[0.236s] -- Up-to-date symlink: /home/purujitk/203/MREN-203/ros2_ws/install/rplidar_ros/share/rplidar_ros/launch/view_rplidar_a3_launch.py
[0.236s] -- Up-to-date symlink: /home/purujitk/203/MREN-203/ros2_ws/install/rplidar_ros/share/rplidar_ros/launch/view_rplidar_c1_launch.py
[0.236s] -- Up-to-date symlink: /home/purujitk/203/MREN-203/ros2_ws/install/rplidar_ros/share/rplidar_ros/launch/view_rplidar_s1_launch.py
[0.236s] -- Up-to-date symlink: /home/purujitk/203/MREN-203/ros2_ws/install/rplidar_ros/share/rplidar_ros/launch/view_rplidar_s1_tcp_launch.py
[0.236s] -- Up-to-date symlink: /home/purujitk/203/MREN-203/ros2_ws/install/rplidar_ros/share/rplidar_ros/launch/view_rplidar_s2_launch.py
[0.236s] -- Up-to-date symlink: /home/purujitk/203/MREN-203/ros2_ws/install/rplidar_ros/share/rplidar_ros/launch/view_rplidar_s2e_launch.py
[0.237s] -- Up-to-date symlink: /home/purujitk/203/MREN-203/ros2_ws/install/rplidar_ros/share/rplidar_ros/launch/view_rplidar_s3_launch.py
[0.237s] -- Up-to-date symlink: /home/purujitk/203/MREN-203/ros2_ws/install/rplidar_ros/share/rplidar_ros/launch/view_rplidar_t1_launch.py
[0.237s] -- Up-to-date symlink: /home/purujitk/203/MREN-203/ros2_ws/install/rplidar_ros/share/rplidar_ros/rviz/rplidar_ros.rviz
[0.237s] -- Up-to-date symlink: /home/purujitk/203/MREN-203/ros2_ws/install/rplidar_ros/lib/rplidar_ros/rplidar_node
[0.237s] -- Up-to-date symlink: /home/purujitk/203/MREN-203/ros2_ws/install/rplidar_ros/lib/rplidar_ros/rplidar_composition
[0.237s] -- Up-to-date symlink: /home/purujitk/203/MREN-203/ros2_ws/install/rplidar_ros/lib/rplidar_ros/rplidar_client
[0.237s] -- Up-to-date symlink: /home/purujitk/203/MREN-203/ros2_ws/install/rplidar_ros/share/ament_index/resource_index/package_run_dependencies/rplidar_ros
[0.237s] -- Up-to-date symlink: /home/purujitk/203/MREN-203/ros2_ws/install/rplidar_ros/share/ament_index/resource_index/parent_prefix_path/rplidar_ros
[0.237s] -- Up-to-date symlink: /home/purujitk/203/MREN-203/ros2_ws/install/rplidar_ros/share/rplidar_ros/environment/ament_prefix_path.sh
[0.237s] -- Up-to-date symlink: /home/purujitk/203/MREN-203/ros2_ws/install/rplidar_ros/share/rplidar_ros/environment/ament_prefix_path.dsv
[0.238s] -- Up-to-date symlink: /home/purujitk/203/MREN-203/ros2_ws/install/rplidar_ros/share/rplidar_ros/environment/path.sh
[0.238s] -- Up-to-date symlink: /home/purujitk/203/MREN-203/ros2_ws/install/rplidar_ros/share/rplidar_ros/environment/path.dsv
[0.238s] -- Up-to-date symlink: /home/purujitk/203/MREN-203/ros2_ws/install/rplidar_ros/share/rplidar_ros/local_setup.bash
[0.238s] -- Up-to-date symlink: /home/purujitk/203/MREN-203/ros2_ws/install/rplidar_ros/share/rplidar_ros/local_setup.sh
[0.238s] -- Up-to-date symlink: /home/purujitk/203/MREN-203/ros2_ws/install/rplidar_ros/share/rplidar_ros/local_setup.zsh
[0.239s] -- Up-to-date symlink: /home/purujitk/203/MREN-203/ros2_ws/install/rplidar_ros/share/rplidar_ros/local_setup.dsv
[0.239s] -- Symlinking: /home/purujitk/203/MREN-203/ros2_ws/install/rplidar_ros/share/rplidar_ros/package.dsv
[0.245s] -- Up-to-date symlink: /home/purujitk/203/MREN-203/ros2_ws/install/rplidar_ros/share/ament_index/resource_index/packages/rplidar_ros
[0.246s] -- Up-to-date symlink: /home/purujitk/203/MREN-203/ros2_ws/install/rplidar_ros/share/rplidar_ros/cmake/ament_cmake_export_dependencies-extras.cmake
[0.246s] -- Up-to-date symlink: /home/purujitk/203/MREN-203/ros2_ws/install/rplidar_ros/share/rplidar_ros/cmake/ament_cmake_export_include_directories-extras.cmake
[0.246s] -- Up-to-date symlink: /home/purujitk/203/MREN-203/ros2_ws/install/rplidar_ros/share/rplidar_ros/cmake/rplidar_rosConfig.cmake
[0.246s] -- Up-to-date symlink: /home/purujitk/203/MREN-203/ros2_ws/install/rplidar_ros/share/rplidar_ros/cmake/rplidar_rosConfig-version.cmake
[0.246s] -- Up-to-date symlink: /home/purujitk/203/MREN-203/ros2_ws/install/rplidar_ros/share/rplidar_ros/package.xml
[0.259s] Invoked command in '/home/purujitk/203/MREN-203/ros2_ws/build/rplidar_ros' returned '0': CMAKE_PREFIX_PATH=/opt/ros/humble /usr/bin/cmake --install /home/purujitk/203/MREN-203/ros2_ws/build/rplidar_ros
