-- Found ament_cmake: 1.3.12 (/opt/ros/humble/share/ament_cmake/cmake)
-- Override CMake install command with custom implementation using symlinks instead of copying resources
-- Found ament_lint_auto: 0.12.14 (/opt/ros/humble/share/ament_lint_auto/cmake)
-- Added test 'flake8' to check Python code syntax and style conventions
-- Added test 'lint_cmake' to check CMake code style
-- Added test 'pep257' to check Python code against some of the docstring style conventions in PEP 257
-- Added test 'xmllint' to check XML markup files
-- Configuring done
-- Generating done
-- Build files have been written to: /home/purujitk/203/MREN-203/ros2_ws/build/my_rover_bringup
-- Install configuration: ""
-- Execute custom install script
-- Symlinking: /home/purujitk/203/MREN-203/ros2_ws/install/my_rover_bringup/share/my_rover_bringup/launch/ar_sr_br.launch.py
-- Symlinking: /home/purujitk/203/MREN-203/ros2_ws/install/my_rover_bringup/share/my_rover_bringup/launch/bringup.launch.py
-- Up-to-date symlink: /home/purujitk/203/MREN-203/ros2_ws/install/my_rover_bringup/share/my_rover_bringup/launch/lidar.launch.py
-- Symlinking: /home/purujitk/203/MREN-203/ros2_ws/install/my_rover_bringup/share/my_rover_bringup/launch/nav2.launch.py
-- Up-to-date symlink: /home/purujitk/203/MREN-203/ros2_ws/install/my_rover_bringup/share/my_rover_bringup/launch/robot_state_publisher.launch.py
-- Symlinking: /home/purujitk/203/MREN-203/ros2_ws/install/my_rover_bringup/share/my_rover_bringup/launch/slam.launch.py
-- Symlinking: /home/purujitk/203/MREN-203/ros2_ws/install/my_rover_bringup/share/my_rover_bringup/config/mapper_params_online_async.yaml
-- Up-to-date symlink: /home/purujitk/203/MREN-203/ros2_ws/install/my_rover_bringup/share/my_rover_bringup/config/my_rover.yaml
-- Symlinking: /home/purujitk/203/MREN-203/ros2_ws/install/my_rover_bringup/share/my_rover_bringup/config/nav2_params.yaml
-- Up-to-date symlink: /home/purujitk/203/MREN-203/ros2_ws/install/my_rover_bringup/share/ament_index/resource_index/package_run_dependencies/my_rover_bringup
-- Up-to-date symlink: /home/purujitk/203/MREN-203/ros2_ws/install/my_rover_bringup/share/ament_index/resource_index/parent_prefix_path/my_rover_bringup
-- Up-to-date symlink: /home/purujitk/203/MREN-203/ros2_ws/install/my_rover_bringup/share/my_rover_bringup/environment/ament_prefix_path.sh
-- Up-to-date symlink: /home/purujitk/203/MREN-203/ros2_ws/install/my_rover_bringup/share/my_rover_bringup/environment/ament_prefix_path.dsv
-- Up-to-date symlink: /home/purujitk/203/MREN-203/ros2_ws/install/my_rover_bringup/share/my_rover_bringup/environment/path.sh
-- Up-to-date symlink: /home/purujitk/203/MREN-203/ros2_ws/install/my_rover_bringup/share/my_rover_bringup/environment/path.dsv
-- Up-to-date symlink: /home/purujitk/203/MREN-203/ros2_ws/install/my_rover_bringup/share/my_rover_bringup/local_setup.bash
-- Up-to-date symlink: /home/purujitk/203/MREN-203/ros2_ws/install/my_rover_bringup/share/my_rover_bringup/local_setup.sh
-- Up-to-date symlink: /home/purujitk/203/MREN-203/ros2_ws/install/my_rover_bringup/share/my_rover_bringup/local_setup.zsh
-- Up-to-date symlink: /home/purujitk/203/MREN-203/ros2_ws/install/my_rover_bringup/share/my_rover_bringup/local_setup.dsv
-- Symlinking: /home/purujitk/203/MREN-203/ros2_ws/install/my_rover_bringup/share/my_rover_bringup/package.dsv
-- Up-to-date symlink: /home/purujitk/203/MREN-203/ros2_ws/install/my_rover_bringup/share/ament_index/resource_index/packages/my_rover_bringup
-- Up-to-date symlink: /home/purujitk/203/MREN-203/ros2_ws/install/my_rover_bringup/share/my_rover_bringup/cmake/my_rover_bringupConfig.cmake
-- Up-to-date symlink: /home/purujitk/203/MREN-203/ros2_ws/install/my_rover_bringup/share/my_rover_bringup/cmake/my_rover_bringupConfig-version.cmake
-- Up-to-date symlink: /home/purujitk/203/MREN-203/ros2_ws/install/my_rover_bringup/share/my_rover_bringup/package.xml
-- Installing: /home/purujitk/203/MREN-203/ros2_ws/install/my_rover_bringup/lib/my_rover_bringup/ar_sr_br
