[0.012s] Invoking command in '/home/purujitk/203/MREN-203/ros2_ws/build/my_rover_bringup': CMAKE_PREFIX_PATH=/opt/ros/humble /usr/bin/cmake /home/purujitk/203/MREN-203/ros2_ws/src/my_rover_bringup -DCMAKE_INSTALL_PREFIX=/home/purujitk/203/MREN-203/ros2_ws/install/my_rover_bringup
[0.032s] -- Found ament_cmake: 1.3.12 (/opt/ros/humble/share/ament_cmake/cmake)
[0.125s] -- Override CMake install command with custom implementation using symlinks instead of copying resources
[0.130s] -- Found ament_lint_auto: 0.12.14 (/opt/ros/humble/share/ament_lint_auto/cmake)
[0.204s] -- Added test 'flake8' to check Python code syntax and style conventions
[0.204s] -- Added test 'lint_cmake' to check CMake code style
[0.205s] -- Added test 'pep257' to check Python code against some of the docstring style conventions in PEP 257
[0.206s] -- Added test 'xmllint' to check XML markup files
[0.206s] -- Configuring done
[0.207s] -- Generating done
[0.208s] -- Build files have been written to: /home/purujitk/203/MREN-203/ros2_ws/build/my_rover_bringup
[0.214s] Invoked command in '/home/purujitk/203/MREN-203/ros2_ws/build/my_rover_bringup' returned '0': CMAKE_PREFIX_PATH=/opt/ros/humble /usr/bin/cmake /home/purujitk/203/MREN-203/ros2_ws/src/my_rover_bringup -DCMAKE_INSTALL_PREFIX=/home/purujitk/203/MREN-203/ros2_ws/install/my_rover_bringup
[0.221s] Invoking command in '/home/purujitk/203/MREN-203/ros2_ws/build/my_rover_bringup': CMAKE_PREFIX_PATH=/opt/ros/humble /usr/bin/cmake --build /home/purujitk/203/MREN-203/ros2_ws/build/my_rover_bringup -- -j16 -l16
[0.312s] Invoked command in '/home/purujitk/203/MREN-203/ros2_ws/build/my_rover_bringup' returned '0': CMAKE_PREFIX_PATH=/opt/ros/humble /usr/bin/cmake --build /home/purujitk/203/MREN-203/ros2_ws/build/my_rover_bringup -- -j16 -l16
[0.313s] Invoking command in '/home/purujitk/203/MREN-203/ros2_ws/build/my_rover_bringup': CMAKE_PREFIX_PATH=/opt/ros/humble /usr/bin/cmake --install /home/purujitk/203/MREN-203/ros2_ws/build/my_rover_bringup
[0.321s] -- Install configuration: ""
[0.321s] -- Execute custom install script
[0.323s] -- Symlinking: /home/purujitk/203/MREN-203/ros2_ws/install/my_rover_bringup/share/my_rover_bringup/launch/ar_sr_br.launch.py
[0.343s] -- Symlinking: /home/purujitk/203/MREN-203/ros2_ws/install/my_rover_bringup/share/my_rover_bringup/launch/bringup.launch.py
[0.353s] -- Up-to-date symlink: /home/purujitk/203/MREN-203/ros2_ws/install/my_rover_bringup/share/my_rover_bringup/launch/lidar.launch.py
[0.353s] -- Symlinking: /home/purujitk/203/MREN-203/ros2_ws/install/my_rover_bringup/share/my_rover_bringup/launch/nav2.launch.py
[0.360s] -- Up-to-date symlink: /home/purujitk/203/MREN-203/ros2_ws/install/my_rover_bringup/share/my_rover_bringup/launch/robot_state_publisher.launch.py
[0.360s] -- Symlinking: /home/purujitk/203/MREN-203/ros2_ws/install/my_rover_bringup/share/my_rover_bringup/launch/slam.launch.py
[0.366s] -- Symlinking: /home/purujitk/203/MREN-203/ros2_ws/install/my_rover_bringup/share/my_rover_bringup/config/mapper_params_online_async.yaml
[0.374s] -- Up-to-date symlink: /home/purujitk/203/MREN-203/ros2_ws/install/my_rover_bringup/share/my_rover_bringup/config/my_rover.yaml
[0.374s] -- Symlinking: /home/purujitk/203/MREN-203/ros2_ws/install/my_rover_bringup/share/my_rover_bringup/config/nav2_params.yaml
[0.380s] -- Up-to-date symlink: /home/purujitk/203/MREN-203/ros2_ws/install/my_rover_bringup/share/ament_index/resource_index/package_run_dependencies/my_rover_bringup
[0.381s] -- Up-to-date symlink: /home/purujitk/203/MREN-203/ros2_ws/install/my_rover_bringup/share/ament_index/resource_index/parent_prefix_path/my_rover_bringup
[0.381s] -- Up-to-date symlink: /home/purujitk/203/MREN-203/ros2_ws/install/my_rover_bringup/share/my_rover_bringup/environment/ament_prefix_path.sh
[0.381s] -- Up-to-date symlink: /home/purujitk/203/MREN-203/ros2_ws/install/my_rover_bringup/share/my_rover_bringup/environment/ament_prefix_path.dsv
[0.381s] -- Up-to-date symlink: /home/purujitk/203/MREN-203/ros2_ws/install/my_rover_bringup/share/my_rover_bringup/environment/path.sh
[0.381s] -- Up-to-date symlink: /home/purujitk/203/MREN-203/ros2_ws/install/my_rover_bringup/share/my_rover_bringup/environment/path.dsv
[0.381s] -- Up-to-date symlink: /home/purujitk/203/MREN-203/ros2_ws/install/my_rover_bringup/share/my_rover_bringup/local_setup.bash
[0.381s] -- Up-to-date symlink: /home/purujitk/203/MREN-203/ros2_ws/install/my_rover_bringup/share/my_rover_bringup/local_setup.sh
[0.381s] -- Up-to-date symlink: /home/purujitk/203/MREN-203/ros2_ws/install/my_rover_bringup/share/my_rover_bringup/local_setup.zsh
[0.381s] -- Up-to-date symlink: /home/purujitk/203/MREN-203/ros2_ws/install/my_rover_bringup/share/my_rover_bringup/local_setup.dsv
[0.382s] -- Symlinking: /home/purujitk/203/MREN-203/ros2_ws/install/my_rover_bringup/share/my_rover_bringup/package.dsv
[0.390s] -- Up-to-date symlink: /home/purujitk/203/MREN-203/ros2_ws/install/my_rover_bringup/share/ament_index/resource_index/packages/my_rover_bringup
[0.390s] -- Up-to-date symlink: /home/purujitk/203/MREN-203/ros2_ws/install/my_rover_bringup/share/my_rover_bringup/cmake/my_rover_bringupConfig.cmake
[0.390s] -- Up-to-date symlink: /home/purujitk/203/MREN-203/ros2_ws/install/my_rover_bringup/share/my_rover_bringup/cmake/my_rover_bringupConfig-version.cmake
[0.390s] -- Up-to-date symlink: /home/purujitk/203/MREN-203/ros2_ws/install/my_rover_bringup/share/my_rover_bringup/package.xml
[0.391s] -- Installing: /home/purujitk/203/MREN-203/ros2_ws/install/my_rover_bringup/lib/my_rover_bringup/ar_sr_br
[0.393s] Invoked command in '/home/purujitk/203/MREN-203/ros2_ws/build/my_rover_bringup' returned '0': CMAKE_PREFIX_PATH=/opt/ros/humble /usr/bin/cmake --install /home/purujitk/203/MREN-203/ros2_ws/build/my_rover_bringup
